[0.467s] DEBUG:colcon:Command line arguments: ['/usr/bin/colcon', 'build']
[0.467s] DEBUG:colcon:Parsed command line arguments: Namespace(log_base=None, log_level=None, verb_name='build', build_base='build', install_base='install', merge_install=False, symlink_install=False, test_result_base=None, continue_on_error=False, executor='parallel', parallel_workers=12, event_handlers=None, ignore_user_meta=False, metas=['./colcon.meta'], base_paths=['.'], packages_ignore=None, packages_ignore_regex=None, paths=None, packages_up_to=None, packages_up_to_regex=None, packages_above=None, packages_above_and_dependencies=None, packages_above_depth=None, packages_select_by_dep=None, packages_skip_by_dep=None, packages_skip_up_to=None, packages_select_build_failed=False, packages_skip_build_finished=False, packages_select_test_failures=False, packages_skip_test_passed=False, packages_select=None, packages_skip=None, packages_select_regex=None, packages_skip_regex=None, packages_start=None, packages_end=None, allow_overriding=[], cmake_args=None, cmake_target=None, cmake_target_skip_unavailable=False, cmake_clean_cache=False, cmake_clean_first=False, cmake_force_configure=False, ament_cmake_args=None, catkin_cmake_args=None, catkin_skip_building_tests=False, verb_parser=<colcon_defaults.argument_parser.defaults.DefaultArgumentsDecorator object at 0x7ff9a37c8160>, verb_extension=<colcon_core.verb.build.BuildVerb object at 0x7ff9a4997f40>, main=<bound method BuildVerb.main of <colcon_core.verb.build.BuildVerb object at 0x7ff9a4997f40>>)
[0.491s] Level 1:colcon.colcon_core.package_discovery:discover_packages(colcon_meta) check parameters
[0.491s] Level 1:colcon.colcon_core.package_discovery:discover_packages(recursive) check parameters
[0.491s] Level 1:colcon.colcon_core.package_discovery:discover_packages(ignore) check parameters
[0.491s] Level 1:colcon.colcon_core.package_discovery:discover_packages(path) check parameters
[0.491s] Level 1:colcon.colcon_core.package_discovery:discover_packages(colcon_meta) discover
[0.491s] Level 1:colcon.colcon_core.package_discovery:discover_packages(recursive) discover
[0.491s] INFO:colcon.colcon_core.package_discovery:Crawling recursively for packages in '/home/edipo/ros2_orange'
[0.491s] Level 1:colcon.colcon_core.package_identification:_identify(.) by extensions ['ignore', 'ignore_ament_install']
[0.491s] Level 1:colcon.colcon_core.package_identification:_identify(.) by extension 'ignore'
[0.491s] Level 1:colcon.colcon_core.package_identification:_identify(.) by extension 'ignore_ament_install'
[0.491s] Level 1:colcon.colcon_core.package_identification:_identify(.) by extensions ['colcon_pkg']
[0.491s] Level 1:colcon.colcon_core.package_identification:_identify(.) by extension 'colcon_pkg'
[0.491s] Level 1:colcon.colcon_core.package_identification:_identify(.) by extensions ['colcon_meta']
[0.491s] Level 1:colcon.colcon_core.package_identification:_identify(.) by extension 'colcon_meta'
[0.491s] Level 1:colcon.colcon_core.package_identification:_identify(.) by extensions ['ros']
[0.491s] Level 1:colcon.colcon_core.package_identification:_identify(.) by extension 'ros'
[0.498s] Level 1:colcon.colcon_core.package_identification:_identify(.) by extensions ['cmake', 'python']
[0.498s] Level 1:colcon.colcon_core.package_identification:_identify(.) by extension 'cmake'
[0.498s] Level 1:colcon.colcon_core.package_identification:_identify(.) by extension 'python'
[0.498s] Level 1:colcon.colcon_core.package_identification:_identify(.) by extensions ['python_setup_py']
[0.498s] Level 1:colcon.colcon_core.package_identification:_identify(.) by extension 'python_setup_py'
[0.498s] Level 1:colcon.colcon_core.package_identification:_identify(build) by extensions ['ignore', 'ignore_ament_install']
[0.498s] Level 1:colcon.colcon_core.package_identification:_identify(build) by extension 'ignore'
[0.498s] Level 1:colcon.colcon_core.package_identification:_identify(build) ignored
[0.498s] Level 1:colcon.colcon_core.package_identification:_identify(install) by extensions ['ignore', 'ignore_ament_install']
[0.498s] Level 1:colcon.colcon_core.package_identification:_identify(install) by extension 'ignore'
[0.498s] Level 1:colcon.colcon_core.package_identification:_identify(install) ignored
[0.498s] Level 1:colcon.colcon_core.package_identification:_identify(log) by extensions ['ignore', 'ignore_ament_install']
[0.498s] Level 1:colcon.colcon_core.package_identification:_identify(log) by extension 'ignore'
[0.498s] Level 1:colcon.colcon_core.package_identification:_identify(log) ignored
[0.498s] Level 1:colcon.colcon_core.package_identification:_identify(src) by extensions ['ignore', 'ignore_ament_install']
[0.498s] Level 1:colcon.colcon_core.package_identification:_identify(src) by extension 'ignore'
[0.498s] Level 1:colcon.colcon_core.package_identification:_identify(src) by extension 'ignore_ament_install'
[0.498s] Level 1:colcon.colcon_core.package_identification:_identify(src) by extensions ['colcon_pkg']
[0.498s] Level 1:colcon.colcon_core.package_identification:_identify(src) by extension 'colcon_pkg'
[0.498s] Level 1:colcon.colcon_core.package_identification:_identify(src) by extensions ['colcon_meta']
[0.498s] Level 1:colcon.colcon_core.package_identification:_identify(src) by extension 'colcon_meta'
[0.498s] Level 1:colcon.colcon_core.package_identification:_identify(src) by extensions ['ros']
[0.498s] Level 1:colcon.colcon_core.package_identification:_identify(src) by extension 'ros'
[0.498s] Level 1:colcon.colcon_core.package_identification:_identify(src) by extensions ['cmake', 'python']
[0.498s] Level 1:colcon.colcon_core.package_identification:_identify(src) by extension 'cmake'
[0.498s] Level 1:colcon.colcon_core.package_identification:_identify(src) by extension 'python'
[0.498s] Level 1:colcon.colcon_core.package_identification:_identify(src) by extensions ['python_setup_py']
[0.498s] Level 1:colcon.colcon_core.package_identification:_identify(src) by extension 'python_setup_py'
[0.498s] Level 1:colcon.colcon_core.package_identification:_identify(src/mpu_pub) by extensions ['ignore', 'ignore_ament_install']
[0.498s] Level 1:colcon.colcon_core.package_identification:_identify(src/mpu_pub) by extension 'ignore'
[0.498s] Level 1:colcon.colcon_core.package_identification:_identify(src/mpu_pub) by extension 'ignore_ament_install'
[0.498s] Level 1:colcon.colcon_core.package_identification:_identify(src/mpu_pub) by extensions ['colcon_pkg']
[0.498s] Level 1:colcon.colcon_core.package_identification:_identify(src/mpu_pub) by extension 'colcon_pkg'
[0.498s] Level 1:colcon.colcon_core.package_identification:_identify(src/mpu_pub) by extensions ['colcon_meta']
[0.498s] Level 1:colcon.colcon_core.package_identification:_identify(src/mpu_pub) by extension 'colcon_meta'
[0.499s] Level 1:colcon.colcon_core.package_identification:_identify(src/mpu_pub) by extensions ['ros']
[0.499s] Level 1:colcon.colcon_core.package_identification:_identify(src/mpu_pub) by extension 'ros'
[0.500s] DEBUG:colcon.colcon_core.package_identification:Package 'src/mpu_pub' with type 'ros.ament_python' and name 'mpu_pub'
[0.500s] Level 1:colcon.colcon_core.package_identification:_identify(src/teleop) by extensions ['ignore', 'ignore_ament_install']
[0.500s] Level 1:colcon.colcon_core.package_identification:_identify(src/teleop) by extension 'ignore'
[0.500s] Level 1:colcon.colcon_core.package_identification:_identify(src/teleop) by extension 'ignore_ament_install'
[0.500s] Level 1:colcon.colcon_core.package_identification:_identify(src/teleop) by extensions ['colcon_pkg']
[0.500s] Level 1:colcon.colcon_core.package_identification:_identify(src/teleop) by extension 'colcon_pkg'
[0.500s] Level 1:colcon.colcon_core.package_identification:_identify(src/teleop) by extensions ['colcon_meta']
[0.500s] Level 1:colcon.colcon_core.package_identification:_identify(src/teleop) by extension 'colcon_meta'
[0.500s] Level 1:colcon.colcon_core.package_identification:_identify(src/teleop) by extensions ['ros']
[0.500s] Level 1:colcon.colcon_core.package_identification:_identify(src/teleop) by extension 'ros'
[0.500s] DEBUG:colcon.colcon_core.package_identification:Package 'src/teleop' with type 'ros.ament_python' and name 'teleop'
[0.501s] Level 1:colcon.colcon_core.package_discovery:discover_packages(recursive) using defaults
[0.501s] Level 1:colcon.colcon_core.package_discovery:discover_packages(ignore) discover
[0.501s] Level 1:colcon.colcon_core.package_discovery:discover_packages(ignore) using defaults
[0.501s] Level 1:colcon.colcon_core.package_discovery:discover_packages(path) discover
[0.501s] Level 1:colcon.colcon_core.package_discovery:discover_packages(path) using defaults
[0.545s] Level 1:colcon.colcon_core.package_discovery:discover_packages(prefix_path) check parameters
[0.546s] Level 1:colcon.colcon_core.package_discovery:discover_packages(prefix_path) discover
[0.559s] DEBUG:colcon.colcon_installed_package_information.package_discovery:Found 2 installed packages in /home/edipo/ros2_orange/install
[0.567s] DEBUG:colcon.colcon_installed_package_information.package_discovery:Found 384 installed packages in /opt/ros/humble
[0.568s] Level 1:colcon.colcon_core.package_discovery:discover_packages(prefix_path) using defaults
[0.626s] Level 5:colcon.colcon_core.verb:set package 'mpu_pub' build argument 'cmake_args' from command line to 'None'
[0.626s] Level 5:colcon.colcon_core.verb:set package 'mpu_pub' build argument 'cmake_target' from command line to 'None'
[0.626s] Level 5:colcon.colcon_core.verb:set package 'mpu_pub' build argument 'cmake_target_skip_unavailable' from command line to 'False'
[0.626s] Level 5:colcon.colcon_core.verb:set package 'mpu_pub' build argument 'cmake_clean_cache' from command line to 'False'
[0.626s] Level 5:colcon.colcon_core.verb:set package 'mpu_pub' build argument 'cmake_clean_first' from command line to 'False'
[0.626s] Level 5:colcon.colcon_core.verb:set package 'mpu_pub' build argument 'cmake_force_configure' from command line to 'False'
[0.626s] Level 5:colcon.colcon_core.verb:set package 'mpu_pub' build argument 'ament_cmake_args' from command line to 'None'
[0.626s] Level 5:colcon.colcon_core.verb:set package 'mpu_pub' build argument 'catkin_cmake_args' from command line to 'None'
[0.626s] Level 5:colcon.colcon_core.verb:set package 'mpu_pub' build argument 'catkin_skip_building_tests' from command line to 'False'
[0.626s] DEBUG:colcon.colcon_core.verb:Building package 'mpu_pub' with the following arguments: {'ament_cmake_args': None, 'build_base': '/home/edipo/ros2_orange/build/mpu_pub', 'catkin_cmake_args': None, 'catkin_skip_building_tests': False, 'cmake_args': None, 'cmake_clean_cache': False, 'cmake_clean_first': False, 'cmake_force_configure': False, 'cmake_target': None, 'cmake_target_skip_unavailable': False, 'install_base': '/home/edipo/ros2_orange/install/mpu_pub', 'merge_install': False, 'path': '/home/edipo/ros2_orange/src/mpu_pub', 'symlink_install': False, 'test_result_base': None}
[0.633s] Level 5:colcon.colcon_core.verb:set package 'teleop' build argument 'cmake_args' from command line to 'None'
[0.633s] Level 5:colcon.colcon_core.verb:set package 'teleop' build argument 'cmake_target' from command line to 'None'
[0.633s] Level 5:colcon.colcon_core.verb:set package 'teleop' build argument 'cmake_target_skip_unavailable' from command line to 'False'
[0.633s] Level 5:colcon.colcon_core.verb:set package 'teleop' build argument 'cmake_clean_cache' from command line to 'False'
[0.633s] Level 5:colcon.colcon_core.verb:set package 'teleop' build argument 'cmake_clean_first' from command line to 'False'
[0.633s] Level 5:colcon.colcon_core.verb:set package 'teleop' build argument 'cmake_force_configure' from command line to 'False'
[0.633s] Level 5:colcon.colcon_core.verb:set package 'teleop' build argument 'ament_cmake_args' from command line to 'None'
[0.633s] Level 5:colcon.colcon_core.verb:set package 'teleop' build argument 'catkin_cmake_args' from command line to 'None'
[0.633s] Level 5:colcon.colcon_core.verb:set package 'teleop' build argument 'catkin_skip_building_tests' from command line to 'False'
[0.633s] DEBUG:colcon.colcon_core.verb:Building package 'teleop' with the following arguments: {'ament_cmake_args': None, 'build_base': '/home/edipo/ros2_orange/build/teleop', 'catkin_cmake_args': None, 'catkin_skip_building_tests': False, 'cmake_args': None, 'cmake_clean_cache': False, 'cmake_clean_first': False, 'cmake_force_configure': False, 'cmake_target': None, 'cmake_target_skip_unavailable': False, 'install_base': '/home/edipo/ros2_orange/install/teleop', 'merge_install': False, 'path': '/home/edipo/ros2_orange/src/teleop', 'symlink_install': False, 'test_result_base': None}
[0.640s] INFO:colcon.colcon_core.executor:Executing jobs using 'parallel' executor
[0.647s] DEBUG:colcon.colcon_parallel_executor.executor.parallel:run_until_complete
[0.647s] INFO:colcon.colcon_ros.task.ament_python.build:Building ROS package in '/home/edipo/ros2_orange/src/mpu_pub' with build type 'ament_python'
[0.647s] Level 1:colcon.colcon_core.shell:create_environment_hook('mpu_pub', 'ament_prefix_path')
[0.655s] INFO:colcon.colcon_core.plugin_system:Skipping extension 'colcon_core.shell.bat': Not used on non-Windows systems
[0.655s] INFO:colcon.colcon_core.shell:Creating environment hook '/home/edipo/ros2_orange/install/mpu_pub/share/mpu_pub/hook/ament_prefix_path.ps1'
[0.656s] INFO:colcon.colcon_core.shell:Creating environment descriptor '/home/edipo/ros2_orange/install/mpu_pub/share/mpu_pub/hook/ament_prefix_path.dsv'
[0.656s] INFO:colcon.colcon_core.shell:Creating environment hook '/home/edipo/ros2_orange/install/mpu_pub/share/mpu_pub/hook/ament_prefix_path.sh'
[0.663s] INFO:colcon.colcon_core.shell:Skip shell extension 'powershell' for command environment: Not usable outside of PowerShell
[0.663s] DEBUG:colcon.colcon_core.shell:Skip shell extension 'dsv' for command environment
[0.685s] INFO:colcon.colcon_ros.task.ament_python.build:Building ROS package in '/home/edipo/ros2_orange/src/teleop' with build type 'ament_python'
[0.685s] Level 1:colcon.colcon_core.shell:create_environment_hook('teleop', 'ament_prefix_path')
[0.693s] INFO:colcon.colcon_core.shell:Creating environment hook '/home/edipo/ros2_orange/install/teleop/share/teleop/hook/ament_prefix_path.ps1'
[0.693s] INFO:colcon.colcon_core.shell:Creating environment descriptor '/home/edipo/ros2_orange/install/teleop/share/teleop/hook/ament_prefix_path.dsv'
[0.693s] INFO:colcon.colcon_core.shell:Creating environment hook '/home/edipo/ros2_orange/install/teleop/share/teleop/hook/ament_prefix_path.sh'
[0.700s] INFO:colcon.colcon_core.shell:Skip shell extension 'powershell' for command environment: Not usable outside of PowerShell
[0.700s] DEBUG:colcon.colcon_core.shell:Skip shell extension 'dsv' for command environment
[0.856s] INFO:colcon.colcon_core.task.python.build:Building Python package in '/home/edipo/ros2_orange/src/mpu_pub'
[0.863s] INFO:colcon.colcon_core.shell:Skip shell extension 'powershell' for command environment: Not usable outside of PowerShell
[0.863s] DEBUG:colcon.colcon_core.shell:Skip shell extension 'dsv' for command environment
[1.019s] INFO:colcon.colcon_core.task.python.build:Building Python package in '/home/edipo/ros2_orange/src/teleop'
[1.026s] INFO:colcon.colcon_core.shell:Skip shell extension 'powershell' for command environment: Not usable outside of PowerShell
[1.026s] DEBUG:colcon.colcon_core.shell:Skip shell extension 'dsv' for command environment
[1.269s] DEBUG:colcon.colcon_core.event_handler.log_command:Invoking command in '/home/edipo/ros2_orange/src/mpu_pub': PYTHONPATH=/home/edipo/ros2_orange/build/mpu_pub/prefix_override:/home/edipo/ros2_orange/install/mpu_pub/lib/python3.10/site-packages:${PYTHONPATH} /usr/bin/python3 setup.py egg_info --egg-base ../../build/mpu_pub build --build-base /home/edipo/ros2_orange/build/mpu_pub/build install --record /home/edipo/ros2_orange/build/mpu_pub/install.log --single-version-externally-managed
[1.269s] DEBUG:colcon.colcon_core.event_handler.log_command:Invoking command in '/home/edipo/ros2_orange/src/teleop': PYTHONPATH=/home/edipo/ros2_orange/build/teleop/prefix_override:/home/edipo/ros2_orange/install/teleop/lib/python3.10/site-packages:${PYTHONPATH} /usr/bin/python3 setup.py egg_info --egg-base ../../build/teleop build --build-base /home/edipo/ros2_orange/build/teleop/build install --record /home/edipo/ros2_orange/build/teleop/install.log --single-version-externally-managed
[1.436s] DEBUG:colcon.colcon_core.event_handler.log_command:Invoked command in '/home/edipo/ros2_orange/src/teleop' returned '0': PYTHONPATH=/home/edipo/ros2_orange/build/teleop/prefix_override:/home/edipo/ros2_orange/install/teleop/lib/python3.10/site-packages:${PYTHONPATH} /usr/bin/python3 setup.py egg_info --egg-base ../../build/teleop build --build-base /home/edipo/ros2_orange/build/teleop/build install --record /home/edipo/ros2_orange/build/teleop/install.log --single-version-externally-managed
[1.444s] Level 1:colcon.colcon_core.environment:checking '/home/edipo/ros2_orange/install/teleop' for CMake module files
[1.444s] Level 1:colcon.colcon_core.environment:checking '/home/edipo/ros2_orange/install/teleop' for CMake config files
[1.445s] Level 1:colcon.colcon_core.environment:checking '/home/edipo/ros2_orange/install/teleop/lib'
[1.445s] Level 1:colcon.colcon_core.environment:checking '/home/edipo/ros2_orange/install/teleop/bin'
[1.445s] Level 1:colcon.colcon_core.environment:checking '/home/edipo/ros2_orange/install/teleop/lib/pkgconfig/teleop.pc'
[1.445s] Level 1:colcon.colcon_core.environment:checking '/home/edipo/ros2_orange/install/teleop/lib/python3.10/site-packages'
[1.445s] Level 1:colcon.colcon_core.shell:create_environment_hook('teleop', 'pythonpath')
[1.452s] INFO:colcon.colcon_core.shell:Creating environment hook '/home/edipo/ros2_orange/install/teleop/share/teleop/hook/pythonpath.ps1'
[1.452s] INFO:colcon.colcon_core.shell:Creating environment descriptor '/home/edipo/ros2_orange/install/teleop/share/teleop/hook/pythonpath.dsv'
[1.452s] INFO:colcon.colcon_core.shell:Creating environment hook '/home/edipo/ros2_orange/install/teleop/share/teleop/hook/pythonpath.sh'
[1.453s] Level 1:colcon.colcon_core.environment:checking '/home/edipo/ros2_orange/install/teleop/bin'
[1.453s] Level 1:colcon.colcon_core.environment:create_environment_scripts_only(teleop)
[1.459s] INFO:colcon.colcon_core.shell:Creating package script '/home/edipo/ros2_orange/install/teleop/share/teleop/package.ps1'
[1.460s] INFO:colcon.colcon_core.shell:Creating package descriptor '/home/edipo/ros2_orange/install/teleop/share/teleop/package.dsv'
[1.460s] INFO:colcon.colcon_core.shell:Creating package script '/home/edipo/ros2_orange/install/teleop/share/teleop/package.sh'
[1.460s] INFO:colcon.colcon_core.shell:Creating package script '/home/edipo/ros2_orange/install/teleop/share/teleop/package.bash'
[1.461s] INFO:colcon.colcon_core.shell:Creating package script '/home/edipo/ros2_orange/install/teleop/share/teleop/package.zsh'
[1.461s] Level 1:colcon.colcon_core.environment:create_file_with_runtime_dependencies(/home/edipo/ros2_orange/install/teleop/share/colcon-core/packages/teleop)
[1.462s] DEBUG:colcon.colcon_core.event_handler.log_command:Invoked command in '/home/edipo/ros2_orange/src/mpu_pub' returned '0': PYTHONPATH=/home/edipo/ros2_orange/build/mpu_pub/prefix_override:/home/edipo/ros2_orange/install/mpu_pub/lib/python3.10/site-packages:${PYTHONPATH} /usr/bin/python3 setup.py egg_info --egg-base ../../build/mpu_pub build --build-base /home/edipo/ros2_orange/build/mpu_pub/build install --record /home/edipo/ros2_orange/build/mpu_pub/install.log --single-version-externally-managed
[1.469s] Level 1:colcon.colcon_core.environment:checking '/home/edipo/ros2_orange/install/mpu_pub' for CMake module files
[1.469s] Level 1:colcon.colcon_core.environment:checking '/home/edipo/ros2_orange/install/mpu_pub' for CMake config files
[1.470s] Level 1:colcon.colcon_core.environment:checking '/home/edipo/ros2_orange/install/mpu_pub/lib'
[1.470s] Level 1:colcon.colcon_core.environment:checking '/home/edipo/ros2_orange/install/mpu_pub/bin'
[1.470s] Level 1:colcon.colcon_core.environment:checking '/home/edipo/ros2_orange/install/mpu_pub/lib/pkgconfig/mpu_pub.pc'
[1.470s] Level 1:colcon.colcon_core.environment:checking '/home/edipo/ros2_orange/install/mpu_pub/lib/python3.10/site-packages'
[1.470s] Level 1:colcon.colcon_core.shell:create_environment_hook('mpu_pub', 'pythonpath')
[1.477s] INFO:colcon.colcon_core.shell:Creating environment hook '/home/edipo/ros2_orange/install/mpu_pub/share/mpu_pub/hook/pythonpath.ps1'
[1.477s] INFO:colcon.colcon_core.shell:Creating environment descriptor '/home/edipo/ros2_orange/install/mpu_pub/share/mpu_pub/hook/pythonpath.dsv'
[1.477s] INFO:colcon.colcon_core.shell:Creating environment hook '/home/edipo/ros2_orange/install/mpu_pub/share/mpu_pub/hook/pythonpath.sh'
[1.478s] Level 1:colcon.colcon_core.environment:checking '/home/edipo/ros2_orange/install/mpu_pub/bin'
[1.478s] Level 1:colcon.colcon_core.environment:create_environment_scripts_only(mpu_pub)
[1.485s] INFO:colcon.colcon_core.shell:Creating package script '/home/edipo/ros2_orange/install/mpu_pub/share/mpu_pub/package.ps1'
[1.485s] INFO:colcon.colcon_core.shell:Creating package descriptor '/home/edipo/ros2_orange/install/mpu_pub/share/mpu_pub/package.dsv'
[1.485s] INFO:colcon.colcon_core.shell:Creating package script '/home/edipo/ros2_orange/install/mpu_pub/share/mpu_pub/package.sh'
[1.485s] INFO:colcon.colcon_core.shell:Creating package script '/home/edipo/ros2_orange/install/mpu_pub/share/mpu_pub/package.bash'
[1.486s] INFO:colcon.colcon_core.shell:Creating package script '/home/edipo/ros2_orange/install/mpu_pub/share/mpu_pub/package.zsh'
[1.486s] Level 1:colcon.colcon_core.environment:create_file_with_runtime_dependencies(/home/edipo/ros2_orange/install/mpu_pub/share/colcon-core/packages/mpu_pub)
[1.486s] DEBUG:colcon.colcon_parallel_executor.executor.parallel:closing loop
[1.486s] DEBUG:colcon.colcon_parallel_executor.executor.parallel:loop closed
[1.486s] DEBUG:colcon.colcon_parallel_executor.executor.parallel:run_until_complete finished with '0'
[1.486s] DEBUG:colcon.colcon_core.event_reactor:joining thread
[1.497s] INFO:colcon.colcon_core.plugin_system:Skipping extension 'colcon_notification.desktop_notification.terminal_notifier': Not used on non-Darwin systems
[1.497s] INFO:colcon.colcon_core.plugin_system:Skipping extension 'colcon_notification.desktop_notification.win32': Not used on non-Windows systems
[1.497s] INFO:colcon.colcon_notification.desktop_notification:Sending desktop notification using 'notify2'
[1.505s] DEBUG:colcon.colcon_core.event_reactor:joined thread
[1.513s] INFO:colcon.colcon_core.shell:Creating prefix script '/home/edipo/ros2_orange/install/local_setup.ps1'
[1.513s] INFO:colcon.colcon_core.shell:Creating prefix util module '/home/edipo/ros2_orange/install/_local_setup_util_ps1.py'
[1.514s] INFO:colcon.colcon_core.shell:Creating prefix chain script '/home/edipo/ros2_orange/install/setup.ps1'
[1.521s] INFO:colcon.colcon_core.shell:Creating prefix script '/home/edipo/ros2_orange/install/local_setup.sh'
[1.522s] INFO:colcon.colcon_core.shell:Creating prefix util module '/home/edipo/ros2_orange/install/_local_setup_util_sh.py'
[1.522s] INFO:colcon.colcon_core.shell:Creating prefix chain script '/home/edipo/ros2_orange/install/setup.sh'
[1.529s] INFO:colcon.colcon_core.shell:Creating prefix script '/home/edipo/ros2_orange/install/local_setup.bash'
[1.529s] INFO:colcon.colcon_core.shell:Creating prefix chain script '/home/edipo/ros2_orange/install/setup.bash'
[1.536s] INFO:colcon.colcon_core.shell:Creating prefix script '/home/edipo/ros2_orange/install/local_setup.zsh'
[1.537s] INFO:colcon.colcon_core.shell:Creating prefix chain script '/home/edipo/ros2_orange/install/setup.zsh'
