[0.071s] Invoking command in '/home/edipo/ros2_orange/build/robot_interfaces': CMAKE_PREFIX_PATH=${CMAKE_PREFIX_PATH}:/home/edipo/ros2_orange/src/install/teleop:/home/edipo/ros2_orange/src/install/mpu_pub:/home/edipo/ros2_orange/install/teleop:/home/edipo/ros2_orange/install/mpu_pub:/opt/ros/humble /usr/bin/cmake --build /home/edipo/ros2_orange/build/robot_interfaces -- -j12 -l12
[0.085s] -- Found ament_cmake: 1.3.7 (/opt/ros/humble/share/ament_cmake/cmake)
[0.174s] -- Found rosidl_default_generators: 1.2.0 (/opt/ros/humble/share/rosidl_default_generators/cmake)
[0.175s] -- Using all available rosidl_typesupport_c: rosidl_typesupport_fastrtps_c;rosidl_typesupport_introspection_c
[0.176s] -- Found rosidl_adapter: 3.1.5 (/opt/ros/humble/share/rosidl_adapter/cmake)
[0.194s] -- Using all available rosidl_typesupport_cpp: rosidl_typesupport_fastrtps_cpp;rosidl_typesupport_introspection_cpp
[0.365s] -- Found ament_cmake_ros: 0.10.0 (/opt/ros/humble/share/ament_cmake_ros/cmake)
[0.486s] -- Using all available rosidl_typesupport_c: rosidl_typesupport_fastrtps_c;rosidl_typesupport_introspection_c
[0.637s] -- Using all available rosidl_typesupport_cpp: rosidl_typesupport_fastrtps_cpp;rosidl_typesupport_introspection_cpp
[0.653s] -- Found python_cmake_module: 0.10.0 (/opt/ros/humble/share/python_cmake_module/cmake)
[0.670s] -- Using PYTHON_EXECUTABLE: /usr/bin/python3
[0.671s] -- Using PYTHON_INCLUDE_DIRS: /usr/include/python3.10
[0.671s] -- Using PYTHON_LIBRARIES: /usr/lib/x86_64-linux-gnu/libpython3.10.so
[0.681s] -- Configuring done
[0.697s] -- Generating done
[0.698s] -- Build files have been written to: /home/edipo/ros2_orange/build/robot_interfaces
[0.716s] [  3%] [34m[1mGenerating C code for ROS interfaces[0m
[0.722s] [  6%] [34m[1mGenerating C++ code for ROS interfaces[0m
[0.729s] [  6%] Built target ament_cmake_python_copy_robot_interfaces
[0.892s] [35m[1mConsolidate compiler generated dependencies of target robot_interfaces__rosidl_generator_c[0m
[0.895s] [  6%] Built target robot_interfaces__cpp
[0.900s] [  9%] [32mBuilding C object CMakeFiles/robot_interfaces__rosidl_generator_c.dir/rosidl_generator_c/robot_interfaces/msg/detail/mpu__functions.c.o[0m
[0.902s] [ 12%] [34m[1mGenerating C++ type support for eProsima Fast-RTPS[0m
[0.902s] [ 16%] [34m[1mGenerating C++ type support dispatch for ROS interfaces[0m
[0.905s] [ 19%] [34m[1mGenerating C++ introspection for ROS interfaces[0m
[0.914s] running egg_info
[0.915s] writing robot_interfaces.egg-info/PKG-INFO
[0.915s] writing dependency_links to robot_interfaces.egg-info/dependency_links.txt
[0.915s] writing top-level names to robot_interfaces.egg-info/top_level.txt
[0.917s] reading manifest file 'robot_interfaces.egg-info/SOURCES.txt'
[0.918s] writing manifest file 'robot_interfaces.egg-info/SOURCES.txt'
[0.938s] [ 22%] [32m[1mLinking C shared library librobot_interfaces__rosidl_generator_c.so[0m
[0.940s] [ 22%] Built target ament_cmake_python_build_robot_interfaces_egg
[0.967s] [ 22%] Built target robot_interfaces__rosidl_generator_c
[0.975s] [ 25%] [34m[1mGenerating C type support for eProsima Fast-RTPS[0m
[0.979s] [ 32%] [34m[1mGenerating C introspection for ROS interfaces[0m
[0.979s] [ 32%] [34m[1mGenerating C type support dispatch for ROS interfaces[0m
[1.074s] [35m[1mConsolidate compiler generated dependencies of target robot_interfaces__rosidl_typesupport_cpp[0m
[1.084s] [ 35%] [32mBuilding CXX object CMakeFiles/robot_interfaces__rosidl_typesupport_cpp.dir/rosidl_typesupport_cpp/robot_interfaces/msg/mpu__type_support.cpp.o[0m
[1.095s] [35m[1mConsolidate compiler generated dependencies of target robot_interfaces__rosidl_typesupport_fastrtps_cpp[0m
[1.106s] [ 38%] [32mBuilding CXX object CMakeFiles/robot_interfaces__rosidl_typesupport_fastrtps_cpp.dir/rosidl_typesupport_fastrtps_cpp/robot_interfaces/msg/detail/dds_fastrtps/mpu__type_support.cpp.o[0m
[1.115s] [35m[1mConsolidate compiler generated dependencies of target robot_interfaces__rosidl_typesupport_introspection_cpp[0m
[1.131s] [ 41%] [32mBuilding CXX object CMakeFiles/robot_interfaces__rosidl_typesupport_introspection_cpp.dir/rosidl_typesupport_introspection_cpp/robot_interfaces/msg/detail/mpu__type_support.cpp.o[0m
[1.181s] [35m[1mConsolidate compiler generated dependencies of target robot_interfaces__rosidl_typesupport_fastrtps_c[0m
[1.196s] [ 45%] [32mBuilding CXX object CMakeFiles/robot_interfaces__rosidl_typesupport_fastrtps_c.dir/rosidl_typesupport_fastrtps_c/robot_interfaces/msg/detail/mpu__type_support_c.cpp.o[0m
[1.230s] [35m[1mConsolidate compiler generated dependencies of target robot_interfaces__rosidl_typesupport_introspection_c[0m
[1.244s] [ 48%] [32mBuilding C object CMakeFiles/robot_interfaces__rosidl_typesupport_introspection_c.dir/rosidl_typesupport_introspection_c/robot_interfaces/msg/detail/mpu__type_support.c.o[0m
[1.271s] [35m[1mConsolidate compiler generated dependencies of target robot_interfaces__rosidl_typesupport_c[0m
[1.284s] [ 51%] [32mBuilding CXX object CMakeFiles/robot_interfaces__rosidl_typesupport_c.dir/rosidl_typesupport_c/robot_interfaces/msg/mpu__type_support.cpp.o[0m
[1.286s] [ 54%] [32m[1mLinking C shared library librobot_interfaces__rosidl_typesupport_introspection_c.so[0m
[1.288s] [ 58%] [32m[1mLinking CXX shared library librobot_interfaces__rosidl_typesupport_cpp.so[0m
[1.319s] [ 58%] Built target robot_interfaces__rosidl_typesupport_introspection_c
[1.321s] [ 61%] [32m[1mLinking CXX shared library librobot_interfaces__rosidl_typesupport_c.so[0m
[1.324s] [ 61%] Built target robot_interfaces__rosidl_typesupport_cpp
[1.354s] [ 61%] Built target robot_interfaces__rosidl_typesupport_c
[1.406s] [ 64%] [32m[1mLinking CXX shared library librobot_interfaces__rosidl_typesupport_fastrtps_cpp.so[0m
[1.415s] [ 67%] [32m[1mLinking CXX shared library librobot_interfaces__rosidl_typesupport_introspection_cpp.so[0m
[1.442s] [ 70%] [32m[1mLinking CXX shared library librobot_interfaces__rosidl_typesupport_fastrtps_c.so[0m
[1.461s] [ 70%] Built target robot_interfaces__rosidl_typesupport_fastrtps_cpp
[1.461s] [ 70%] Built target robot_interfaces__rosidl_typesupport_introspection_cpp
[1.492s] [ 70%] Built target robot_interfaces__rosidl_typesupport_fastrtps_c
[1.504s] [ 70%] Built target robot_interfaces
[1.516s] [ 74%] [34m[1mGenerating Python code for ROS interfaces[0m
[1.681s] [ 74%] Built target robot_interfaces__py
[1.687s] [35m[1mConsolidate compiler generated dependencies of target robot_interfaces__rosidl_generator_py[0m
[1.695s] [ 77%] [32mBuilding C object CMakeFiles/robot_interfaces__rosidl_generator_py.dir/rosidl_generator_py/robot_interfaces/msg/_mpu_s.c.o[0m
[1.751s] [ 80%] [32m[1mLinking C shared library rosidl_generator_py/robot_interfaces/librobot_interfaces__rosidl_generator_py.so[0m
[1.775s] [ 80%] Built target robot_interfaces__rosidl_generator_py
[1.782s] [35m[1mConsolidate compiler generated dependencies of target robot_interfaces__rosidl_typesupport_c__pyext[0m
[1.782s] [35m[1mConsolidate compiler generated dependencies of target robot_interfaces__rosidl_typesupport_fastrtps_c__pyext[0m
[1.782s] [35m[1mConsolidate compiler generated dependencies of target robot_interfaces__rosidl_typesupport_introspection_c__pyext[0m
[1.789s] [ 90%] [32mBuilding C object CMakeFiles/robot_interfaces__rosidl_typesupport_introspection_c__pyext.dir/rosidl_generator_py/robot_interfaces/_robot_interfaces_s.ep.rosidl_typesupport_introspection_c.c.o[0m
[1.790s] [ 90%] [32mBuilding C object CMakeFiles/robot_interfaces__rosidl_typesupport_c__pyext.dir/rosidl_generator_py/robot_interfaces/_robot_interfaces_s.ep.rosidl_typesupport_c.c.o[0m
[1.790s] [ 90%] [32mBuilding C object CMakeFiles/robot_interfaces__rosidl_typesupport_fastrtps_c__pyext.dir/rosidl_generator_py/robot_interfaces/_robot_interfaces_s.ep.rosidl_typesupport_fastrtps_c.c.o[0m
[1.844s] [ 96%] [32m[1mLinking C shared library rosidl_generator_py/robot_interfaces/robot_interfaces_s__rosidl_typesupport_introspection_c.cpython-310-x86_64-linux-gnu.so[0m
[1.844s] [ 96%] [32m[1mLinking C shared library rosidl_generator_py/robot_interfaces/robot_interfaces_s__rosidl_typesupport_c.cpython-310-x86_64-linux-gnu.so[0m
[1.845s] [100%] [32m[1mLinking C shared library rosidl_generator_py/robot_interfaces/robot_interfaces_s__rosidl_typesupport_fastrtps_c.cpython-310-x86_64-linux-gnu.so[0m
[1.869s] [100%] Built target robot_interfaces__rosidl_typesupport_c__pyext
[1.869s] [100%] Built target robot_interfaces__rosidl_typesupport_fastrtps_c__pyext
[1.869s] [100%] Built target robot_interfaces__rosidl_typesupport_introspection_c__pyext
[1.878s] Invoked command in '/home/edipo/ros2_orange/build/robot_interfaces' returned '0': CMAKE_PREFIX_PATH=${CMAKE_PREFIX_PATH}:/home/edipo/ros2_orange/src/install/teleop:/home/edipo/ros2_orange/src/install/mpu_pub:/home/edipo/ros2_orange/install/teleop:/home/edipo/ros2_orange/install/mpu_pub:/opt/ros/humble /usr/bin/cmake --build /home/edipo/ros2_orange/build/robot_interfaces -- -j12 -l12
[1.919s] Invoking command in '/home/edipo/ros2_orange/build/robot_interfaces': CMAKE_PREFIX_PATH=${CMAKE_PREFIX_PATH}:/home/edipo/ros2_orange/src/install/teleop:/home/edipo/ros2_orange/src/install/mpu_pub:/home/edipo/ros2_orange/install/teleop:/home/edipo/ros2_orange/install/mpu_pub:/opt/ros/humble /usr/bin/cmake --install /home/edipo/ros2_orange/build/robot_interfaces
[1.924s] -- Install configuration: ""
[1.924s] -- Up-to-date: /home/edipo/ros2_orange/install/robot_interfaces/share/ament_index/resource_index/rosidl_interfaces/robot_interfaces
[1.924s] -- Up-to-date: /home/edipo/ros2_orange/install/robot_interfaces/include/robot_interfaces/robot_interfaces
[1.924s] -- Up-to-date: /home/edipo/ros2_orange/install/robot_interfaces/include/robot_interfaces/robot_interfaces/msg
[1.924s] -- Installing: /home/edipo/ros2_orange/install/robot_interfaces/include/robot_interfaces/robot_interfaces/msg/mpu.h
[1.924s] -- Up-to-date: /home/edipo/ros2_orange/install/robot_interfaces/include/robot_interfaces/robot_interfaces/msg/rosidl_generator_c__visibility_control.h
[1.924s] -- Up-to-date: /home/edipo/ros2_orange/install/robot_interfaces/include/robot_interfaces/robot_interfaces/msg/detail
[1.924s] -- Installing: /home/edipo/ros2_orange/install/robot_interfaces/include/robot_interfaces/robot_interfaces/msg/detail/mpu__struct.h
[1.924s] -- Installing: /home/edipo/ros2_orange/install/robot_interfaces/include/robot_interfaces/robot_interfaces/msg/detail/mpu__functions.h
[1.924s] -- Installing: /home/edipo/ros2_orange/install/robot_interfaces/include/robot_interfaces/robot_interfaces/msg/detail/mpu__functions.c
[1.924s] -- Installing: /home/edipo/ros2_orange/install/robot_interfaces/include/robot_interfaces/robot_interfaces/msg/detail/mpu__type_support.h
[1.925s] -- Up-to-date: /home/edipo/ros2_orange/install/robot_interfaces/share/robot_interfaces/environment/library_path.sh
[1.925s] -- Installing: /home/edipo/ros2_orange/install/robot_interfaces/share/robot_interfaces/environment/library_path.dsv
[1.925s] -- Installing: /home/edipo/ros2_orange/install/robot_interfaces/lib/librobot_interfaces__rosidl_generator_c.so
[1.925s] -- Set runtime path of "/home/edipo/ros2_orange/install/robot_interfaces/lib/librobot_interfaces__rosidl_generator_c.so" to ""
[1.925s] -- Up-to-date: /home/edipo/ros2_orange/install/robot_interfaces/include/robot_interfaces/robot_interfaces
[1.925s] -- Up-to-date: /home/edipo/ros2_orange/install/robot_interfaces/include/robot_interfaces/robot_interfaces/msg
[1.925s] -- Up-to-date: /home/edipo/ros2_orange/install/robot_interfaces/include/robot_interfaces/robot_interfaces/msg/rosidl_typesupport_fastrtps_c__visibility_control.h
[1.925s] -- Up-to-date: /home/edipo/ros2_orange/install/robot_interfaces/include/robot_interfaces/robot_interfaces/msg/detail
[1.925s] -- Installing: /home/edipo/ros2_orange/install/robot_interfaces/include/robot_interfaces/robot_interfaces/msg/detail/mpu__rosidl_typesupport_fastrtps_c.h
[1.925s] -- Installing: /home/edipo/ros2_orange/install/robot_interfaces/lib/librobot_interfaces__rosidl_typesupport_fastrtps_c.so
[1.925s] -- Set runtime path of "/home/edipo/ros2_orange/install/robot_interfaces/lib/librobot_interfaces__rosidl_typesupport_fastrtps_c.so" to ""
[1.925s] -- Up-to-date: /home/edipo/ros2_orange/install/robot_interfaces/include/robot_interfaces/robot_interfaces
[1.925s] -- Up-to-date: /home/edipo/ros2_orange/install/robot_interfaces/include/robot_interfaces/robot_interfaces/msg
[1.925s] -- Up-to-date: /home/edipo/ros2_orange/install/robot_interfaces/include/robot_interfaces/robot_interfaces/msg/rosidl_typesupport_introspection_c__visibility_control.h
[1.925s] -- Up-to-date: /home/edipo/ros2_orange/install/robot_interfaces/include/robot_interfaces/robot_interfaces/msg/detail
[1.925s] -- Installing: /home/edipo/ros2_orange/install/robot_interfaces/include/robot_interfaces/robot_interfaces/msg/detail/mpu__type_support.c
[1.925s] -- Installing: /home/edipo/ros2_orange/install/robot_interfaces/include/robot_interfaces/robot_interfaces/msg/detail/mpu__rosidl_typesupport_introspection_c.h
[1.925s] -- Installing: /home/edipo/ros2_orange/install/robot_interfaces/lib/librobot_interfaces__rosidl_typesupport_introspection_c.so
[1.925s] -- Set runtime path of "/home/edipo/ros2_orange/install/robot_interfaces/lib/librobot_interfaces__rosidl_typesupport_introspection_c.so" to ""
[1.925s] -- Installing: /home/edipo/ros2_orange/install/robot_interfaces/lib/librobot_interfaces__rosidl_typesupport_c.so
[1.925s] -- Set runtime path of "/home/edipo/ros2_orange/install/robot_interfaces/lib/librobot_interfaces__rosidl_typesupport_c.so" to ""
[1.925s] -- Up-to-date: /home/edipo/ros2_orange/install/robot_interfaces/include/robot_interfaces/robot_interfaces
[1.925s] -- Up-to-date: /home/edipo/ros2_orange/install/robot_interfaces/include/robot_interfaces/robot_interfaces/msg
[1.925s] -- Installing: /home/edipo/ros2_orange/install/robot_interfaces/include/robot_interfaces/robot_interfaces/msg/mpu.hpp
[1.925s] -- Up-to-date: /home/edipo/ros2_orange/install/robot_interfaces/include/robot_interfaces/robot_interfaces/msg/detail
[1.925s] -- Installing: /home/edipo/ros2_orange/install/robot_interfaces/include/robot_interfaces/robot_interfaces/msg/detail/mpu__struct.hpp
[1.926s] -- Installing: /home/edipo/ros2_orange/install/robot_interfaces/include/robot_interfaces/robot_interfaces/msg/detail/mpu__builder.hpp
[1.926s] -- Installing: /home/edipo/ros2_orange/install/robot_interfaces/include/robot_interfaces/robot_interfaces/msg/detail/mpu__traits.hpp
[1.926s] -- Up-to-date: /home/edipo/ros2_orange/install/robot_interfaces/include/robot_interfaces/robot_interfaces
[1.926s] -- Up-to-date: /home/edipo/ros2_orange/install/robot_interfaces/include/robot_interfaces/robot_interfaces/msg
[1.926s] -- Up-to-date: /home/edipo/ros2_orange/install/robot_interfaces/include/robot_interfaces/robot_interfaces/msg/detail
[1.926s] -- Up-to-date: /home/edipo/ros2_orange/install/robot_interfaces/include/robot_interfaces/robot_interfaces/msg/detail/dds_fastrtps
[1.926s] -- Installing: /home/edipo/ros2_orange/install/robot_interfaces/include/robot_interfaces/robot_interfaces/msg/detail/mpu__rosidl_typesupport_fastrtps_cpp.hpp
[1.926s] -- Up-to-date: /home/edipo/ros2_orange/install/robot_interfaces/include/robot_interfaces/robot_interfaces/msg/rosidl_typesupport_fastrtps_cpp__visibility_control.h
[1.926s] -- Installing: /home/edipo/ros2_orange/install/robot_interfaces/lib/librobot_interfaces__rosidl_typesupport_fastrtps_cpp.so
[1.926s] -- Set runtime path of "/home/edipo/ros2_orange/install/robot_interfaces/lib/librobot_interfaces__rosidl_typesupport_fastrtps_cpp.so" to ""
[1.926s] -- Up-to-date: /home/edipo/ros2_orange/install/robot_interfaces/include/robot_interfaces/robot_interfaces
[1.926s] -- Up-to-date: /home/edipo/ros2_orange/install/robot_interfaces/include/robot_interfaces/robot_interfaces/msg
[1.926s] -- Up-to-date: /home/edipo/ros2_orange/install/robot_interfaces/include/robot_interfaces/robot_interfaces/msg/detail
[1.926s] -- Installing: /home/edipo/ros2_orange/install/robot_interfaces/include/robot_interfaces/robot_interfaces/msg/detail/mpu__type_support.cpp
[1.926s] -- Installing: /home/edipo/ros2_orange/install/robot_interfaces/include/robot_interfaces/robot_interfaces/msg/detail/mpu__rosidl_typesupport_introspection_cpp.hpp
[1.926s] -- Installing: /home/edipo/ros2_orange/install/robot_interfaces/lib/librobot_interfaces__rosidl_typesupport_introspection_cpp.so
[1.926s] -- Set runtime path of "/home/edipo/ros2_orange/install/robot_interfaces/lib/librobot_interfaces__rosidl_typesupport_introspection_cpp.so" to ""
[1.926s] -- Installing: /home/edipo/ros2_orange/install/robot_interfaces/lib/librobot_interfaces__rosidl_typesupport_cpp.so
[1.926s] -- Set runtime path of "/home/edipo/ros2_orange/install/robot_interfaces/lib/librobot_interfaces__rosidl_typesupport_cpp.so" to ""
[1.926s] -- Up-to-date: /home/edipo/ros2_orange/install/robot_interfaces/share/robot_interfaces/environment/pythonpath.sh
[1.926s] -- Installing: /home/edipo/ros2_orange/install/robot_interfaces/share/robot_interfaces/environment/pythonpath.dsv
[1.926s] -- Up-to-date: /home/edipo/ros2_orange/install/robot_interfaces/local/lib/python3.10/dist-packages/robot_interfaces-0.0.0-py3.10.egg-info
[1.927s] -- Installing: /home/edipo/ros2_orange/install/robot_interfaces/local/lib/python3.10/dist-packages/robot_interfaces-0.0.0-py3.10.egg-info/top_level.txt
[1.927s] -- Installing: /home/edipo/ros2_orange/install/robot_interfaces/local/lib/python3.10/dist-packages/robot_interfaces-0.0.0-py3.10.egg-info/SOURCES.txt
[1.927s] -- Installing: /home/edipo/ros2_orange/install/robot_interfaces/local/lib/python3.10/dist-packages/robot_interfaces-0.0.0-py3.10.egg-info/PKG-INFO
[1.927s] -- Installing: /home/edipo/ros2_orange/install/robot_interfaces/local/lib/python3.10/dist-packages/robot_interfaces-0.0.0-py3.10.egg-info/dependency_links.txt
[1.927s] -- Up-to-date: /home/edipo/ros2_orange/install/robot_interfaces/local/lib/python3.10/dist-packages/robot_interfaces
[1.927s] -- Installing: /home/edipo/ros2_orange/install/robot_interfaces/local/lib/python3.10/dist-packages/robot_interfaces/_robot_interfaces_s.ep.rosidl_typesupport_fastrtps_c.c
[1.927s] -- Installing: /home/edipo/ros2_orange/install/robot_interfaces/local/lib/python3.10/dist-packages/robot_interfaces/robot_interfaces_s__rosidl_typesupport_c.cpython-310-x86_64-linux-gnu.so
[1.927s] -- Installing: /home/edipo/ros2_orange/install/robot_interfaces/local/lib/python3.10/dist-packages/robot_interfaces/_robot_interfaces_s.ep.rosidl_typesupport_introspection_c.c
[1.927s] -- Installing: /home/edipo/ros2_orange/install/robot_interfaces/local/lib/python3.10/dist-packages/robot_interfaces/librobot_interfaces__rosidl_generator_py.so
[1.927s] -- Installing: /home/edipo/ros2_orange/install/robot_interfaces/local/lib/python3.10/dist-packages/robot_interfaces/_robot_interfaces_s.ep.rosidl_typesupport_c.c
[1.927s] -- Installing: /home/edipo/ros2_orange/install/robot_interfaces/local/lib/python3.10/dist-packages/robot_interfaces/robot_interfaces_s__rosidl_typesupport_fastrtps_c.cpython-310-x86_64-linux-gnu.so
[1.927s] -- Up-to-date: /home/edipo/ros2_orange/install/robot_interfaces/local/lib/python3.10/dist-packages/robot_interfaces/msg
[1.927s] -- Installing: /home/edipo/ros2_orange/install/robot_interfaces/local/lib/python3.10/dist-packages/robot_interfaces/msg/_mpu.py
[1.927s] -- Installing: /home/edipo/ros2_orange/install/robot_interfaces/local/lib/python3.10/dist-packages/robot_interfaces/msg/__init__.py
[1.927s] -- Installing: /home/edipo/ros2_orange/install/robot_interfaces/local/lib/python3.10/dist-packages/robot_interfaces/msg/_mpu_s.c
[1.927s] -- Installing: /home/edipo/ros2_orange/install/robot_interfaces/local/lib/python3.10/dist-packages/robot_interfaces/robot_interfaces_s__rosidl_typesupport_introspection_c.cpython-310-x86_64-linux-gnu.so
[1.927s] -- Installing: /home/edipo/ros2_orange/install/robot_interfaces/local/lib/python3.10/dist-packages/robot_interfaces/__init__.py
[1.951s] Listing '/home/edipo/ros2_orange/install/robot_interfaces/local/lib/python3.10/dist-packages/robot_interfaces'...
[1.951s] Compiling '/home/edipo/ros2_orange/install/robot_interfaces/local/lib/python3.10/dist-packages/robot_interfaces/__init__.py'...
[1.951s] Listing '/home/edipo/ros2_orange/install/robot_interfaces/local/lib/python3.10/dist-packages/robot_interfaces/msg'...
[1.951s] Compiling '/home/edipo/ros2_orange/install/robot_interfaces/local/lib/python3.10/dist-packages/robot_interfaces/msg/__init__.py'...
[1.951s] Compiling '/home/edipo/ros2_orange/install/robot_interfaces/local/lib/python3.10/dist-packages/robot_interfaces/msg/_mpu.py'...
[1.954s] -- Installing: /home/edipo/ros2_orange/install/robot_interfaces/local/lib/python3.10/dist-packages/robot_interfaces/robot_interfaces_s__rosidl_typesupport_fastrtps_c.cpython-310-x86_64-linux-gnu.so
[1.954s] -- Set runtime path of "/home/edipo/ros2_orange/install/robot_interfaces/local/lib/python3.10/dist-packages/robot_interfaces/robot_interfaces_s__rosidl_typesupport_fastrtps_c.cpython-310-x86_64-linux-gnu.so" to ""
[1.954s] -- Installing: /home/edipo/ros2_orange/install/robot_interfaces/local/lib/python3.10/dist-packages/robot_interfaces/robot_interfaces_s__rosidl_typesupport_introspection_c.cpython-310-x86_64-linux-gnu.so
[1.954s] -- Set runtime path of "/home/edipo/ros2_orange/install/robot_interfaces/local/lib/python3.10/dist-packages/robot_interfaces/robot_interfaces_s__rosidl_typesupport_introspection_c.cpython-310-x86_64-linux-gnu.so" to ""
[1.954s] -- Installing: /home/edipo/ros2_orange/install/robot_interfaces/local/lib/python3.10/dist-packages/robot_interfaces/robot_interfaces_s__rosidl_typesupport_c.cpython-310-x86_64-linux-gnu.so
[1.954s] -- Set runtime path of "/home/edipo/ros2_orange/install/robot_interfaces/local/lib/python3.10/dist-packages/robot_interfaces/robot_interfaces_s__rosidl_typesupport_c.cpython-310-x86_64-linux-gnu.so" to ""
[1.954s] -- Installing: /home/edipo/ros2_orange/install/robot_interfaces/lib/librobot_interfaces__rosidl_generator_py.so
[1.954s] -- Set runtime path of "/home/edipo/ros2_orange/install/robot_interfaces/lib/librobot_interfaces__rosidl_generator_py.so" to ""
[1.954s] -- Installing: /home/edipo/ros2_orange/install/robot_interfaces/share/robot_interfaces/msg/Mpu.idl
[1.954s] -- Installing: /home/edipo/ros2_orange/install/robot_interfaces/share/robot_interfaces/msg/Mpu.msg
[1.954s] -- Up-to-date: /home/edipo/ros2_orange/install/robot_interfaces/share/ament_index/resource_index/package_run_dependencies/robot_interfaces
[1.954s] -- Installing: /home/edipo/ros2_orange/install/robot_interfaces/share/ament_index/resource_index/parent_prefix_path/robot_interfaces
[1.954s] -- Up-to-date: /home/edipo/ros2_orange/install/robot_interfaces/share/robot_interfaces/environment/ament_prefix_path.sh
[1.955s] -- Installing: /home/edipo/ros2_orange/install/robot_interfaces/share/robot_interfaces/environment/ament_prefix_path.dsv
[1.955s] -- Up-to-date: /home/edipo/ros2_orange/install/robot_interfaces/share/robot_interfaces/environment/path.sh
[1.955s] -- Installing: /home/edipo/ros2_orange/install/robot_interfaces/share/robot_interfaces/environment/path.dsv
[1.955s] -- Up-to-date: /home/edipo/ros2_orange/install/robot_interfaces/share/robot_interfaces/local_setup.bash
[1.955s] -- Up-to-date: /home/edipo/ros2_orange/install/robot_interfaces/share/robot_interfaces/local_setup.sh
[1.955s] -- Up-to-date: /home/edipo/ros2_orange/install/robot_interfaces/share/robot_interfaces/local_setup.zsh
[1.955s] -- Installing: /home/edipo/ros2_orange/install/robot_interfaces/share/robot_interfaces/local_setup.dsv
[1.955s] -- Installing: /home/edipo/ros2_orange/install/robot_interfaces/share/robot_interfaces/package.dsv
[1.955s] -- Up-to-date: /home/edipo/ros2_orange/install/robot_interfaces/share/ament_index/resource_index/packages/robot_interfaces
[1.955s] -- Up-to-date: /home/edipo/ros2_orange/install/robot_interfaces/share/robot_interfaces/cmake/export_robot_interfaces__rosidl_generator_cExport.cmake
[1.955s] -- Up-to-date: /home/edipo/ros2_orange/install/robot_interfaces/share/robot_interfaces/cmake/export_robot_interfaces__rosidl_generator_cExport-noconfig.cmake
[1.955s] -- Up-to-date: /home/edipo/ros2_orange/install/robot_interfaces/share/robot_interfaces/cmake/export_robot_interfaces__rosidl_typesupport_fastrtps_cExport.cmake
[1.955s] -- Up-to-date: /home/edipo/ros2_orange/install/robot_interfaces/share/robot_interfaces/cmake/export_robot_interfaces__rosidl_typesupport_fastrtps_cExport-noconfig.cmake
[1.955s] -- Up-to-date: /home/edipo/ros2_orange/install/robot_interfaces/share/robot_interfaces/cmake/robot_interfaces__rosidl_typesupport_introspection_cExport.cmake
[1.955s] -- Up-to-date: /home/edipo/ros2_orange/install/robot_interfaces/share/robot_interfaces/cmake/robot_interfaces__rosidl_typesupport_introspection_cExport-noconfig.cmake
[1.955s] -- Up-to-date: /home/edipo/ros2_orange/install/robot_interfaces/share/robot_interfaces/cmake/robot_interfaces__rosidl_typesupport_cExport.cmake
[1.955s] -- Up-to-date: /home/edipo/ros2_orange/install/robot_interfaces/share/robot_interfaces/cmake/robot_interfaces__rosidl_typesupport_cExport-noconfig.cmake
[1.955s] -- Up-to-date: /home/edipo/ros2_orange/install/robot_interfaces/share/robot_interfaces/cmake/export_robot_interfaces__rosidl_generator_cppExport.cmake
[1.955s] -- Up-to-date: /home/edipo/ros2_orange/install/robot_interfaces/share/robot_interfaces/cmake/export_robot_interfaces__rosidl_typesupport_fastrtps_cppExport.cmake
[1.955s] -- Up-to-date: /home/edipo/ros2_orange/install/robot_interfaces/share/robot_interfaces/cmake/export_robot_interfaces__rosidl_typesupport_fastrtps_cppExport-noconfig.cmake
[1.955s] -- Up-to-date: /home/edipo/ros2_orange/install/robot_interfaces/share/robot_interfaces/cmake/robot_interfaces__rosidl_typesupport_introspection_cppExport.cmake
[1.955s] -- Up-to-date: /home/edipo/ros2_orange/install/robot_interfaces/share/robot_interfaces/cmake/robot_interfaces__rosidl_typesupport_introspection_cppExport-noconfig.cmake
[1.955s] -- Up-to-date: /home/edipo/ros2_orange/install/robot_interfaces/share/robot_interfaces/cmake/robot_interfaces__rosidl_typesupport_cppExport.cmake
[1.955s] -- Up-to-date: /home/edipo/ros2_orange/install/robot_interfaces/share/robot_interfaces/cmake/robot_interfaces__rosidl_typesupport_cppExport-noconfig.cmake
[1.955s] -- Up-to-date: /home/edipo/ros2_orange/install/robot_interfaces/share/robot_interfaces/cmake/export_robot_interfaces__rosidl_generator_pyExport.cmake
[1.955s] -- Up-to-date: /home/edipo/ros2_orange/install/robot_interfaces/share/robot_interfaces/cmake/export_robot_interfaces__rosidl_generator_pyExport-noconfig.cmake
[1.956s] -- Up-to-date: /home/edipo/ros2_orange/install/robot_interfaces/share/robot_interfaces/cmake/rosidl_cmake-extras.cmake
[1.956s] -- Up-to-date: /home/edipo/ros2_orange/install/robot_interfaces/share/robot_interfaces/cmake/ament_cmake_export_include_directories-extras.cmake
[1.956s] -- Up-to-date: /home/edipo/ros2_orange/install/robot_interfaces/share/robot_interfaces/cmake/ament_cmake_export_libraries-extras.cmake
[1.956s] -- Up-to-date: /home/edipo/ros2_orange/install/robot_interfaces/share/robot_interfaces/cmake/ament_cmake_export_targets-extras.cmake
[1.956s] -- Up-to-date: /home/edipo/ros2_orange/install/robot_interfaces/share/robot_interfaces/cmake/rosidl_cmake_export_typesupport_targets-extras.cmake
[1.956s] -- Up-to-date: /home/edipo/ros2_orange/install/robot_interfaces/share/robot_interfaces/cmake/ament_cmake_export_dependencies-extras.cmake
[1.956s] -- Up-to-date: /home/edipo/ros2_orange/install/robot_interfaces/share/robot_interfaces/cmake/rosidl_cmake_export_typesupport_libraries-extras.cmake
[1.956s] -- Up-to-date: /home/edipo/ros2_orange/install/robot_interfaces/share/robot_interfaces/cmake/robot_interfacesConfig.cmake
[1.956s] -- Up-to-date: /home/edipo/ros2_orange/install/robot_interfaces/share/robot_interfaces/cmake/robot_interfacesConfig-version.cmake
[1.956s] -- Up-to-date: /home/edipo/ros2_orange/install/robot_interfaces/share/robot_interfaces/package.xml
[1.957s] Invoked command in '/home/edipo/ros2_orange/build/robot_interfaces' returned '0': CMAKE_PREFIX_PATH=${CMAKE_PREFIX_PATH}:/home/edipo/ros2_orange/src/install/teleop:/home/edipo/ros2_orange/src/install/mpu_pub:/home/edipo/ros2_orange/install/teleop:/home/edipo/ros2_orange/install/mpu_pub:/opt/ros/humble /usr/bin/cmake --install /home/edipo/ros2_orange/build/robot_interfaces
