[0.547s] Invoking command in '/home/edipo/ros2_orange/src/teleop': PYTHONPATH=/home/edipo/ros2_orange/build/teleop/prefix_override:/home/edipo/ros2_orange/install/teleop/lib/python3.10/site-packages:${PYTHONPATH} /usr/bin/python3 setup.py egg_info --egg-base ../../build/teleop build --build-base /home/edipo/ros2_orange/build/teleop/build install --record /home/edipo/ros2_orange/build/teleop/install.log --single-version-externally-managed
[0.677s] running egg_info
[0.677s] creating ../../build/teleop/teleop.egg-info
[0.678s] writing ../../build/teleop/teleop.egg-info/PKG-INFO
[0.678s] writing dependency_links to ../../build/teleop/teleop.egg-info/dependency_links.txt
[0.678s] writing entry points to ../../build/teleop/teleop.egg-info/entry_points.txt
[0.678s] writing requirements to ../../build/teleop/teleop.egg-info/requires.txt
[0.678s] writing top-level names to ../../build/teleop/teleop.egg-info/top_level.txt
[0.678s] writing manifest file '../../build/teleop/teleop.egg-info/SOURCES.txt'
[0.679s] reading manifest file '../../build/teleop/teleop.egg-info/SOURCES.txt'
[0.679s] writing manifest file '../../build/teleop/teleop.egg-info/SOURCES.txt'
[0.679s] running build
[0.679s] running build_py
[0.679s] creating /home/edipo/ros2_orange/build/teleop/build
[0.679s] creating /home/edipo/ros2_orange/build/teleop/build/lib
[0.679s] creating /home/edipo/ros2_orange/build/teleop/build/lib/teleop_publisher
[0.679s] copying teleop_publisher/teleop_Arm_publisher.py -> /home/edipo/ros2_orange/build/teleop/build/lib/teleop_publisher
[0.679s] copying teleop_publisher/__init__.py -> /home/edipo/ros2_orange/build/teleop/build/lib/teleop_publisher
[0.679s] creating /home/edipo/ros2_orange/build/teleop/build/lib/teleop_publisher_gui
[0.679s] copying teleop_publisher_gui/teleop_Arm_GUI.py -> /home/edipo/ros2_orange/build/teleop/build/lib/teleop_publisher_gui
[0.679s] copying teleop_publisher_gui/__init__.py -> /home/edipo/ros2_orange/build/teleop/build/lib/teleop_publisher_gui
[0.680s] creating /home/edipo/ros2_orange/build/teleop/build/lib/teleop
[0.680s] copying teleop/teleop_Arm.py -> /home/edipo/ros2_orange/build/teleop/build/lib/teleop
[0.680s] copying teleop/__init__.py -> /home/edipo/ros2_orange/build/teleop/build/lib/teleop
[0.680s] running install
[0.680s] /usr/lib/python3/dist-packages/setuptools/command/install.py:34: SetuptoolsDeprecationWarning: setup.py install is deprecated. Use build and pip and other standards-based tools.
[0.680s]   warnings.warn(
[0.680s] running install_lib
[0.680s] creating /home/edipo/ros2_orange/install/teleop/lib/python3.10/site-packages/teleop_publisher
[0.680s] copying /home/edipo/ros2_orange/build/teleop/build/lib/teleop_publisher/teleop_Arm_publisher.py -> /home/edipo/ros2_orange/install/teleop/lib/python3.10/site-packages/teleop_publisher
[0.680s] copying /home/edipo/ros2_orange/build/teleop/build/lib/teleop_publisher/__init__.py -> /home/edipo/ros2_orange/install/teleop/lib/python3.10/site-packages/teleop_publisher
[0.680s] creating /home/edipo/ros2_orange/install/teleop/lib/python3.10/site-packages/teleop_publisher_gui
[0.680s] copying /home/edipo/ros2_orange/build/teleop/build/lib/teleop_publisher_gui/teleop_Arm_GUI.py -> /home/edipo/ros2_orange/install/teleop/lib/python3.10/site-packages/teleop_publisher_gui
[0.680s] copying /home/edipo/ros2_orange/build/teleop/build/lib/teleop_publisher_gui/__init__.py -> /home/edipo/ros2_orange/install/teleop/lib/python3.10/site-packages/teleop_publisher_gui
[0.680s] creating /home/edipo/ros2_orange/install/teleop/lib/python3.10/site-packages/teleop
[0.680s] copying /home/edipo/ros2_orange/build/teleop/build/lib/teleop/teleop_Arm.py -> /home/edipo/ros2_orange/install/teleop/lib/python3.10/site-packages/teleop
[0.681s] copying /home/edipo/ros2_orange/build/teleop/build/lib/teleop/__init__.py -> /home/edipo/ros2_orange/install/teleop/lib/python3.10/site-packages/teleop
[0.681s] byte-compiling /home/edipo/ros2_orange/install/teleop/lib/python3.10/site-packages/teleop_publisher/teleop_Arm_publisher.py to teleop_Arm_publisher.cpython-310.pyc
[0.681s] byte-compiling /home/edipo/ros2_orange/install/teleop/lib/python3.10/site-packages/teleop_publisher/__init__.py to __init__.cpython-310.pyc
[0.681s] byte-compiling /home/edipo/ros2_orange/install/teleop/lib/python3.10/site-packages/teleop_publisher_gui/teleop_Arm_GUI.py to teleop_Arm_GUI.cpython-310.pyc
[0.682s] byte-compiling /home/edipo/ros2_orange/install/teleop/lib/python3.10/site-packages/teleop_publisher_gui/__init__.py to __init__.cpython-310.pyc
[0.682s] byte-compiling /home/edipo/ros2_orange/install/teleop/lib/python3.10/site-packages/teleop/teleop_Arm.py to teleop_Arm.cpython-310.pyc
[0.682s] byte-compiling /home/edipo/ros2_orange/install/teleop/lib/python3.10/site-packages/teleop/__init__.py to __init__.cpython-310.pyc
[0.682s] running install_data
[0.683s] creating /home/edipo/ros2_orange/install/teleop/share/ament_index
[0.683s] creating /home/edipo/ros2_orange/install/teleop/share/ament_index/resource_index
[0.683s] creating /home/edipo/ros2_orange/install/teleop/share/ament_index/resource_index/packages
[0.683s] copying resource/teleop -> /home/edipo/ros2_orange/install/teleop/share/ament_index/resource_index/packages
[0.683s] copying package.xml -> /home/edipo/ros2_orange/install/teleop/share/teleop
[0.683s] running install_egg_info
[0.685s] Copying ../../build/teleop/teleop.egg-info to /home/edipo/ros2_orange/install/teleop/lib/python3.10/site-packages/teleop-0.0.0-py3.10.egg-info
[0.685s] running install_scripts
[0.698s] Installing teleop_Arm script to /home/edipo/ros2_orange/install/teleop/lib/teleop
[0.698s] Installing teleop_Arm_GUI script to /home/edipo/ros2_orange/install/teleop/lib/teleop
[0.698s] Installing teleop_Arm_publisher script to /home/edipo/ros2_orange/install/teleop/lib/teleop
[0.699s] writing list of installed files to '/home/edipo/ros2_orange/build/teleop/install.log'
[0.741s] Invoked command in '/home/edipo/ros2_orange/src/teleop' returned '0': PYTHONPATH=/home/edipo/ros2_orange/build/teleop/prefix_override:/home/edipo/ros2_orange/install/teleop/lib/python3.10/site-packages:${PYTHONPATH} /usr/bin/python3 setup.py egg_info --egg-base ../../build/teleop build --build-base /home/edipo/ros2_orange/build/teleop/build install --record /home/edipo/ros2_orange/build/teleop/install.log --single-version-externally-managed
