[0.397s] Invoking command in '/home/edipo/ros2_orange/src/mpu_pub': PYTHONPATH=/home/edipo/ros2_orange/build/mpu_pub/prefix_override:/home/edipo/ros2_orange/install/mpu_pub/lib/python3.10/site-packages:${PYTHONPATH} /usr/bin/python3 setup.py egg_info --egg-base ../../build/mpu_pub build --build-base /home/edipo/ros2_orange/build/mpu_pub/build install --record /home/edipo/ros2_orange/build/mpu_pub/install.log --single-version-externally-managed
[0.519s] running egg_info
[0.520s] writing ../../build/mpu_pub/mpu_pub.egg-info/PKG-INFO
[0.520s] writing dependency_links to ../../build/mpu_pub/mpu_pub.egg-info/dependency_links.txt
[0.520s] writing entry points to ../../build/mpu_pub/mpu_pub.egg-info/entry_points.txt
[0.520s] writing requirements to ../../build/mpu_pub/mpu_pub.egg-info/requires.txt
[0.520s] writing top-level names to ../../build/mpu_pub/mpu_pub.egg-info/top_level.txt
[0.521s] reading manifest file '../../build/mpu_pub/mpu_pub.egg-info/SOURCES.txt'
[0.521s] adding license file 'LICENSE'
[0.521s] writing manifest file '../../build/mpu_pub/mpu_pub.egg-info/SOURCES.txt'
[0.521s] running build
[0.522s] running build_py
[0.522s] running install
[0.522s] /usr/lib/python3/dist-packages/setuptools/command/install.py:34: SetuptoolsDeprecationWarning: setup.py install is deprecated. Use build and pip and other standards-based tools.
[0.522s]   warnings.warn(
[0.522s] running install_lib
[0.522s] running install_data
[0.523s] running install_egg_info
[0.524s] removing '/home/edipo/ros2_orange/install/mpu_pub/lib/python3.10/site-packages/mpu_pub-0.0.0-py3.10.egg-info' (and everything under it)
[0.524s] Copying ../../build/mpu_pub/mpu_pub.egg-info to /home/edipo/ros2_orange/install/mpu_pub/lib/python3.10/site-packages/mpu_pub-0.0.0-py3.10.egg-info
[0.524s] running install_scripts
[0.537s] writing list of installed files to '/home/edipo/ros2_orange/build/mpu_pub/install.log'
[0.551s] Invoked command in '/home/edipo/ros2_orange/src/mpu_pub' returned '0': PYTHONPATH=/home/edipo/ros2_orange/build/mpu_pub/prefix_override:/home/edipo/ros2_orange/install/mpu_pub/lib/python3.10/site-packages:${PYTHONPATH} /usr/bin/python3 setup.py egg_info --egg-base ../../build/mpu_pub build --build-base /home/edipo/ros2_orange/build/mpu_pub/build install --record /home/edipo/ros2_orange/build/mpu_pub/install.log --single-version-externally-managed
