In file included from [01m[K/home/edipo/ros2_orange/build/robot_interfaces/rosidl_generator_c/robot_interfaces/msg/detail/mpu__functions.h:19[m[K,
                 from [01m[K/home/edipo/ros2_orange/build/robot_interfaces/rosidl_generator_c/robot_interfaces/msg/detail/mpu__functions.c:4[m[K:
[01m[K/home/edipo/ros2_orange/build/robot_interfaces/rosidl_generator_c/robot_interfaces/msg/detail/mpu__struct.h:29:10:[m[K [01;31m[Kfatal error: [m[Krobot_interfaces/msg/detail/float64__struct.h: No such file or directory
   29 | #include [01;31m[K"robot_interfaces/msg/detail/float64__struct.h"[m[K
      |          [01;31m[K^~~~~~~~~~~~~~~~~~~~~~~~~~~~~~~~~~~~~~~~~~~~~~~[m[K
compilation terminated.
gmake[2]: *** [CMakeFiles/robot_interfaces__rosidl_generator_c.dir/build.make:105: CMakeFiles/robot_interfaces__rosidl_generator_c.dir/rosidl_generator_c/robot_interfaces/msg/detail/mpu__functions.c.o] Error 1
gmake[1]: *** [CMakeFiles/Makefile2:213: CMakeFiles/robot_interfaces__rosidl_generator_c.dir/all] Error 2
gmake[1]: *** Waiting for unfinished jobs....
In file included from [01m[K/home/edipo/ros2_orange/build/robot_interfaces/rosidl_typesupport_cpp/robot_interfaces/msg/mpu__type_support.cpp:7[m[K:
[01m[K/home/edipo/ros2_orange/build/robot_interfaces/rosidl_generator_cpp/robot_interfaces/msg/detail/mpu__struct.hpp:25:10:[m[K [01;31m[Kfatal error: [m[Krobot_interfaces/msg/detail/float64__struct.hpp: No such file or directory
   25 | #include [01;31m[K"robot_interfaces/msg/detail/float64__struct.hpp"[m[K
      |          [01;31m[K^~~~~~~~~~~~~~~~~~~~~~~~~~~~~~~~~~~~~~~~~~~~~~~~~[m[K
compilation terminated.
gmake[2]: *** [CMakeFiles/robot_interfaces__rosidl_typesupport_cpp.dir/build.make:86: CMakeFiles/robot_interfaces__rosidl_typesupport_cpp.dir/rosidl_typesupport_cpp/robot_interfaces/msg/mpu__type_support.cpp.o] Error 1
gmake[1]: *** [CMakeFiles/Makefile2:395: CMakeFiles/robot_interfaces__rosidl_typesupport_cpp.dir/all] Error 2
In file included from [01m[K/home/edipo/ros2_orange/build/robot_interfaces/rosidl_typesupport_introspection_cpp/robot_interfaces/msg/detail/mpu__type_support.cpp:12[m[K:
[01m[K/home/edipo/ros2_orange/build/robot_interfaces/rosidl_generator_cpp/robot_interfaces/msg/detail/mpu__struct.hpp:25:10:[m[K [01;31m[Kfatal error: [m[Krobot_interfaces/msg/detail/float64__struct.hpp: No such file or directory
   25 | #include [01;31m[K"robot_interfaces/msg/detail/float64__struct.hpp"[m[K
      |          [01;31m[K^~~~~~~~~~~~~~~~~~~~~~~~~~~~~~~~~~~~~~~~~~~~~~~~~[m[K
compilation terminated.
gmake[2]: *** [CMakeFiles/robot_interfaces__rosidl_typesupport_introspection_cpp.dir/build.make:91: CMakeFiles/robot_interfaces__rosidl_typesupport_introspection_cpp.dir/rosidl_typesupport_introspection_cpp/robot_interfaces/msg/detail/mpu__type_support.cpp.o] Error 1
gmake[1]: *** [CMakeFiles/Makefile2:369: CMakeFiles/robot_interfaces__rosidl_typesupport_introspection_cpp.dir/all] Error 2
In file included from [01m[K/home/edipo/ros2_orange/build/robot_interfaces/rosidl_typesupport_fastrtps_cpp/robot_interfaces/msg/detail/mpu__rosidl_typesupport_fastrtps_cpp.hpp:11[m[K,
                 from [01m[K/home/edipo/ros2_orange/build/robot_interfaces/rosidl_typesupport_fastrtps_cpp/robot_interfaces/msg/detail/dds_fastrtps/mpu__type_support.cpp:4[m[K:
[01m[K/home/edipo/ros2_orange/build/robot_interfaces/rosidl_generator_cpp/robot_interfaces/msg/detail/mpu__struct.hpp:25:10:[m[K [01;31m[Kfatal error: [m[Krobot_interfaces/msg/detail/float64__struct.hpp: No such file or directory
   25 | #include [01;31m[K"robot_interfaces/msg/detail/float64__struct.hpp"[m[K
      |          [01;31m[K^~~~~~~~~~~~~~~~~~~~~~~~~~~~~~~~~~~~~~~~~~~~~~~~~[m[K
compilation terminated.
gmake[2]: *** [CMakeFiles/robot_interfaces__rosidl_typesupport_fastrtps_cpp.dir/build.make:91: CMakeFiles/robot_interfaces__rosidl_typesupport_fastrtps_cpp.dir/rosidl_typesupport_fastrtps_cpp/robot_interfaces/msg/detail/dds_fastrtps/mpu__type_support.cpp.o] Error 1
gmake[1]: *** [CMakeFiles/Makefile2:343: CMakeFiles/robot_interfaces__rosidl_typesupport_fastrtps_cpp.dir/all] Error 2
gmake: *** [Makefile:146: all] Error 2
