[0.073s] Invoking command in '/home/edipo/ros2_orange/build/robot_interfaces': CMAKE_PREFIX_PATH=${CMAKE_PREFIX_PATH}:/home/edipo/ros2_orange/src/install/teleop:/home/edipo/ros2_orange/src/install/mpu_pub:/home/edipo/ros2_orange/install/teleop:/home/edipo/ros2_orange/install/mpu_pub:/opt/ros/humble /usr/bin/cmake --build /home/edipo/ros2_orange/build/robot_interfaces -- -j12 -l12
[0.087s] -- Found ament_cmake: 1.3.7 (/opt/ros/humble/share/ament_cmake/cmake)
[0.175s] -- Found rosidl_default_generators: 1.2.0 (/opt/ros/humble/share/rosidl_default_generators/cmake)
[0.177s] -- Using all available rosidl_typesupport_c: rosidl_typesupport_fastrtps_c;rosidl_typesupport_introspection_c
[0.178s] -- Found rosidl_adapter: 3.1.5 (/opt/ros/humble/share/rosidl_adapter/cmake)
[0.196s] -- Using all available rosidl_typesupport_cpp: rosidl_typesupport_fastrtps_cpp;rosidl_typesupport_introspection_cpp
[0.371s] -- Found ament_cmake_ros: 0.10.0 (/opt/ros/humble/share/ament_cmake_ros/cmake)
[0.497s] -- Using all available rosidl_typesupport_c: rosidl_typesupport_fastrtps_c;rosidl_typesupport_introspection_c
[0.649s] -- Using all available rosidl_typesupport_cpp: rosidl_typesupport_fastrtps_cpp;rosidl_typesupport_introspection_cpp
[0.665s] -- Found python_cmake_module: 0.10.0 (/opt/ros/humble/share/python_cmake_module/cmake)
[0.680s] -- Using PYTHON_EXECUTABLE: /usr/bin/python3
[0.680s] -- Using PYTHON_INCLUDE_DIRS: /usr/include/python3.10
[0.681s] -- Using PYTHON_LIBRARIES: /usr/lib/x86_64-linux-gnu/libpython3.10.so
[0.690s] -- Configuring done
[0.704s] -- Generating done
[0.705s] -- Build files have been written to: /home/edipo/ros2_orange/build/robot_interfaces
[0.722s] [  3%] [34m[1mGenerating C code for ROS interfaces[0m
[0.728s] [  6%] [34m[1mGenerating C++ code for ROS interfaces[0m
[0.735s] [  6%] Built target ament_cmake_python_copy_robot_interfaces
[0.897s] [35m[1mConsolidate compiler generated dependencies of target robot_interfaces__rosidl_generator_c[0m
[0.902s] [  6%] Built target robot_interfaces__cpp
[0.905s] [  9%] [32mBuilding C object CMakeFiles/robot_interfaces__rosidl_generator_c.dir/rosidl_generator_c/robot_interfaces/msg/detail/mpu__functions.c.o[0m
[0.911s] [ 12%] [34m[1mGenerating C++ type support for eProsima Fast-RTPS[0m
[0.912s] [ 16%] [34m[1mGenerating C++ introspection for ROS interfaces[0m
[0.913s] [ 19%] [34m[1mGenerating C++ type support dispatch for ROS interfaces[0m
[0.915s] In file included from [01m[K/home/edipo/ros2_orange/build/robot_interfaces/rosidl_generator_c/robot_interfaces/msg/detail/mpu__functions.h:19[m[K,
[0.915s]                  from [01m[K/home/edipo/ros2_orange/build/robot_interfaces/rosidl_generator_c/robot_interfaces/msg/detail/mpu__functions.c:4[m[K:
[0.915s] [01m[K/home/edipo/ros2_orange/build/robot_interfaces/rosidl_generator_c/robot_interfaces/msg/detail/mpu__struct.h:29:10:[m[K [01;31m[Kfatal error: [m[Krobot_interfaces/msg/detail/float64__struct.h: No such file or directory
[0.916s]    29 | #include [01;31m[K"robot_interfaces/msg/detail/float64__struct.h"[m[K
[0.916s]       |          [01;31m[K^~~~~~~~~~~~~~~~~~~~~~~~~~~~~~~~~~~~~~~~~~~~~~~[m[K
[0.916s] compilation terminated.
[0.916s] running egg_info
[0.916s] writing robot_interfaces.egg-info/PKG-INFO
[0.916s] writing dependency_links to robot_interfaces.egg-info/dependency_links.txt
[0.916s] writing top-level names to robot_interfaces.egg-info/top_level.txt
[0.916s] gmake[2]: *** [CMakeFiles/robot_interfaces__rosidl_generator_c.dir/build.make:105: CMakeFiles/robot_interfaces__rosidl_generator_c.dir/rosidl_generator_c/robot_interfaces/msg/detail/mpu__functions.c.o] Error 1
[0.917s] gmake[1]: *** [CMakeFiles/Makefile2:213: CMakeFiles/robot_interfaces__rosidl_generator_c.dir/all] Error 2
[0.917s] gmake[1]: *** Waiting for unfinished jobs....
[0.918s] reading manifest file 'robot_interfaces.egg-info/SOURCES.txt'
[0.919s] writing manifest file 'robot_interfaces.egg-info/SOURCES.txt'
[0.943s] [ 19%] Built target ament_cmake_python_build_robot_interfaces_egg
[1.075s] [35m[1mConsolidate compiler generated dependencies of target robot_interfaces__rosidl_typesupport_cpp[0m
[1.079s] [35m[1mConsolidate compiler generated dependencies of target robot_interfaces__rosidl_typesupport_introspection_cpp[0m
[1.085s] [ 22%] [32mBuilding CXX object CMakeFiles/robot_interfaces__rosidl_typesupport_cpp.dir/rosidl_typesupport_cpp/robot_interfaces/msg/mpu__type_support.cpp.o[0m
[1.085s] [35m[1mConsolidate compiler generated dependencies of target robot_interfaces__rosidl_typesupport_fastrtps_cpp[0m
[1.087s] [ 25%] [32mBuilding CXX object CMakeFiles/robot_interfaces__rosidl_typesupport_introspection_cpp.dir/rosidl_typesupport_introspection_cpp/robot_interfaces/msg/detail/mpu__type_support.cpp.o[0m
[1.093s] [ 29%] [32mBuilding CXX object CMakeFiles/robot_interfaces__rosidl_typesupport_fastrtps_cpp.dir/rosidl_typesupport_fastrtps_cpp/robot_interfaces/msg/detail/dds_fastrtps/mpu__type_support.cpp.o[0m
[1.116s] In file included from [01m[K/home/edipo/ros2_orange/build/robot_interfaces/rosidl_typesupport_cpp/robot_interfaces/msg/mpu__type_support.cpp:7[m[K:
[1.117s] [01m[K/home/edipo/ros2_orange/build/robot_interfaces/rosidl_generator_cpp/robot_interfaces/msg/detail/mpu__struct.hpp:25:10:[m[K [01;31m[Kfatal error: [m[Krobot_interfaces/msg/detail/float64__struct.hpp: No such file or directory
[1.117s]    25 | #include [01;31m[K"robot_interfaces/msg/detail/float64__struct.hpp"[m[K
[1.117s]       |          [01;31m[K^~~~~~~~~~~~~~~~~~~~~~~~~~~~~~~~~~~~~~~~~~~~~~~~~[m[K
[1.117s] compilation terminated.
[1.118s] gmake[2]: *** [CMakeFiles/robot_interfaces__rosidl_typesupport_cpp.dir/build.make:86: CMakeFiles/robot_interfaces__rosidl_typesupport_cpp.dir/rosidl_typesupport_cpp/robot_interfaces/msg/mpu__type_support.cpp.o] Error 1
[1.118s] gmake[1]: *** [CMakeFiles/Makefile2:395: CMakeFiles/robot_interfaces__rosidl_typesupport_cpp.dir/all] Error 2
[1.123s] In file included from [01m[K/home/edipo/ros2_orange/build/robot_interfaces/rosidl_typesupport_introspection_cpp/robot_interfaces/msg/detail/mpu__type_support.cpp:12[m[K:
[1.123s] [01m[K/home/edipo/ros2_orange/build/robot_interfaces/rosidl_generator_cpp/robot_interfaces/msg/detail/mpu__struct.hpp:25:10:[m[K [01;31m[Kfatal error: [m[Krobot_interfaces/msg/detail/float64__struct.hpp: No such file or directory
[1.123s]    25 | #include [01;31m[K"robot_interfaces/msg/detail/float64__struct.hpp"[m[K
[1.123s]       |          [01;31m[K^~~~~~~~~~~~~~~~~~~~~~~~~~~~~~~~~~~~~~~~~~~~~~~~~[m[K
[1.123s] compilation terminated.
[1.124s] gmake[2]: *** [CMakeFiles/robot_interfaces__rosidl_typesupport_introspection_cpp.dir/build.make:91: CMakeFiles/robot_interfaces__rosidl_typesupport_introspection_cpp.dir/rosidl_typesupport_introspection_cpp/robot_interfaces/msg/detail/mpu__type_support.cpp.o] Error 1
[1.124s] gmake[1]: *** [CMakeFiles/Makefile2:369: CMakeFiles/robot_interfaces__rosidl_typesupport_introspection_cpp.dir/all] Error 2
[1.126s] In file included from [01m[K/home/edipo/ros2_orange/build/robot_interfaces/rosidl_typesupport_fastrtps_cpp/robot_interfaces/msg/detail/mpu__rosidl_typesupport_fastrtps_cpp.hpp:11[m[K,
[1.126s]                  from [01m[K/home/edipo/ros2_orange/build/robot_interfaces/rosidl_typesupport_fastrtps_cpp/robot_interfaces/msg/detail/dds_fastrtps/mpu__type_support.cpp:4[m[K:
[1.126s] [01m[K/home/edipo/ros2_orange/build/robot_interfaces/rosidl_generator_cpp/robot_interfaces/msg/detail/mpu__struct.hpp:25:10:[m[K [01;31m[Kfatal error: [m[Krobot_interfaces/msg/detail/float64__struct.hpp: No such file or directory
[1.126s]    25 | #include [01;31m[K"robot_interfaces/msg/detail/float64__struct.hpp"[m[K
[1.126s]       |          [01;31m[K^~~~~~~~~~~~~~~~~~~~~~~~~~~~~~~~~~~~~~~~~~~~~~~~~[m[K
[1.126s] compilation terminated.
[1.127s] gmake[2]: *** [CMakeFiles/robot_interfaces__rosidl_typesupport_fastrtps_cpp.dir/build.make:91: CMakeFiles/robot_interfaces__rosidl_typesupport_fastrtps_cpp.dir/rosidl_typesupport_fastrtps_cpp/robot_interfaces/msg/detail/dds_fastrtps/mpu__type_support.cpp.o] Error 1
[1.127s] gmake[1]: *** [CMakeFiles/Makefile2:343: CMakeFiles/robot_interfaces__rosidl_typesupport_fastrtps_cpp.dir/all] Error 2
[1.127s] gmake: *** [Makefile:146: all] Error 2
[1.130s] Invoked command in '/home/edipo/ros2_orange/build/robot_interfaces' returned '2': CMAKE_PREFIX_PATH=${CMAKE_PREFIX_PATH}:/home/edipo/ros2_orange/src/install/teleop:/home/edipo/ros2_orange/src/install/mpu_pub:/home/edipo/ros2_orange/install/teleop:/home/edipo/ros2_orange/install/mpu_pub:/opt/ros/humble /usr/bin/cmake --build /home/edipo/ros2_orange/build/robot_interfaces -- -j12 -l12
