[0.435s] Invoking command in '/home/edipo/ros2_orange/src/mpu_pub': AMENT_PREFIX_PATH=/home/edipo/ros2_orange/install/robot_interfaces:${AMENT_PREFIX_PATH} CMAKE_PREFIX_PATH=/home/edipo/ros2_orange/install/robot_interfaces:${CMAKE_PREFIX_PATH} LD_LIBRARY_PATH=/home/edipo/ros2_orange/install/robot_interfaces/lib:${LD_LIBRARY_PATH} PYTHONPATH=/home/edipo/ros2_orange/build/mpu_pub/prefix_override:/home/edipo/ros2_orange/install/mpu_pub/lib/python3.10/site-packages:/home/edipo/ros2_orange/install/robot_interfaces/local/lib/python3.10/dist-packages:${PYTHONPATH} /usr/bin/python3 setup.py egg_info --egg-base ../../build/mpu_pub build --build-base /home/edipo/ros2_orange/build/mpu_pub/build install --record /home/edipo/ros2_orange/build/mpu_pub/install.log --single-version-externally-managed
[0.573s] running egg_info
[0.573s] writing ../../build/mpu_pub/mpu_pub.egg-info/PKG-INFO
[0.573s] writing dependency_links to ../../build/mpu_pub/mpu_pub.egg-info/dependency_links.txt
[0.573s] writing entry points to ../../build/mpu_pub/mpu_pub.egg-info/entry_points.txt
[0.574s] writing requirements to ../../build/mpu_pub/mpu_pub.egg-info/requires.txt
[0.574s] writing top-level names to ../../build/mpu_pub/mpu_pub.egg-info/top_level.txt
[0.574s] reading manifest file '../../build/mpu_pub/mpu_pub.egg-info/SOURCES.txt'
[0.575s] adding license file 'LICENSE'
[0.575s] writing manifest file '../../build/mpu_pub/mpu_pub.egg-info/SOURCES.txt'
[0.575s] running build
[0.575s] running build_py
[0.575s] copying mpu_pub/mpu_publisher.py -> /home/edipo/ros2_orange/build/mpu_pub/build/lib/mpu_pub
[0.575s] copying mpu_pub/mpu_subscriber.py -> /home/edipo/ros2_orange/build/mpu_pub/build/lib/mpu_pub
[0.575s] running install
[0.575s] running install_lib
[0.576s] copying /home/edipo/ros2_orange/build/mpu_pub/build/lib/mpu_pub/mpu_publisher.py -> /home/edipo/ros2_orange/install/mpu_pub/lib/python3.10/site-packages/mpu_pub
[0.576s] copying /home/edipo/ros2_orange/build/mpu_pub/build/lib/mpu_pub/mpu_subscriber.py -> /home/edipo/ros2_orange/install/mpu_pub/lib/python3.10/site-packages/mpu_pub
[0.576s] byte-compiling /home/edipo/ros2_orange/install/mpu_pub/lib/python3.10/site-packages/mpu_pub/mpu_publisher.py to mpu_publisher.cpython-310.pyc
[0.577s] byte-compiling /home/edipo/ros2_orange/install/mpu_pub/lib/python3.10/site-packages/mpu_pub/mpu_subscriber.py to mpu_subscriber.cpython-310.pyc
[0.577s] running install_data
[0.577s] copying package.xml -> /home/edipo/ros2_orange/install/mpu_pub/share/mpu_pub
[0.577s] running install_egg_info
[0.578s] removing '/home/edipo/ros2_orange/install/mpu_pub/lib/python3.10/site-packages/mpu_pub-0.0.0-py3.10.egg-info' (and everything under it)
[0.578s] Copying ../../build/mpu_pub/mpu_pub.egg-info to /home/edipo/ros2_orange/install/mpu_pub/lib/python3.10/site-packages/mpu_pub-0.0.0-py3.10.egg-info
[0.578s] running install_scripts
[0.591s] Installing listener script to /home/edipo/ros2_orange/install/mpu_pub/lib/mpu_pub
[0.591s] Installing talker script to /home/edipo/ros2_orange/install/mpu_pub/lib/mpu_pub
[0.591s] writing list of installed files to '/home/edipo/ros2_orange/build/mpu_pub/install.log'
[0.606s] Invoked command in '/home/edipo/ros2_orange/src/mpu_pub' returned '0': AMENT_PREFIX_PATH=/home/edipo/ros2_orange/install/robot_interfaces:${AMENT_PREFIX_PATH} CMAKE_PREFIX_PATH=/home/edipo/ros2_orange/install/robot_interfaces:${CMAKE_PREFIX_PATH} LD_LIBRARY_PATH=/home/edipo/ros2_orange/install/robot_interfaces/lib:${LD_LIBRARY_PATH} PYTHONPATH=/home/edipo/ros2_orange/build/mpu_pub/prefix_override:/home/edipo/ros2_orange/install/mpu_pub/lib/python3.10/site-packages:/home/edipo/ros2_orange/install/robot_interfaces/local/lib/python3.10/dist-packages:${PYTHONPATH} /usr/bin/python3 setup.py egg_info --egg-base ../../build/mpu_pub build --build-base /home/edipo/ros2_orange/build/mpu_pub/build install --record /home/edipo/ros2_orange/build/mpu_pub/install.log --single-version-externally-managed
