[0.488s] DEBUG:colcon:Command line arguments: ['/usr/bin/colcon', 'build']
[0.488s] DEBUG:colcon:Parsed command line arguments: Namespace(log_base=None, log_level=None, verb_name='build', build_base='build', install_base='install', merge_install=False, symlink_install=False, test_result_base=None, continue_on_error=False, executor='parallel', parallel_workers=12, event_handlers=None, ignore_user_meta=False, metas=['./colcon.meta'], base_paths=['.'], packages_ignore=None, packages_ignore_regex=None, paths=None, packages_up_to=None, packages_up_to_regex=None, packages_above=None, packages_above_and_dependencies=None, packages_above_depth=None, packages_select_by_dep=None, packages_skip_by_dep=None, packages_skip_up_to=None, packages_select_build_failed=False, packages_skip_build_finished=False, packages_select_test_failures=False, packages_skip_test_passed=False, packages_select=None, packages_skip=None, packages_select_regex=None, packages_skip_regex=None, packages_start=None, packages_end=None, allow_overriding=[], cmake_args=None, cmake_target=None, cmake_target_skip_unavailable=False, cmake_clean_cache=False, cmake_clean_first=False, cmake_force_configure=False, ament_cmake_args=None, catkin_cmake_args=None, catkin_skip_building_tests=False, verb_parser=<colcon_defaults.argument_parser.defaults.DefaultArgumentsDecorator object at 0x7f3810119360>, verb_extension=<colcon_core.verb.build.BuildVerb object at 0x7f381029a680>, main=<bound method BuildVerb.main of <colcon_core.verb.build.BuildVerb object at 0x7f381029a680>>)
[0.511s] Level 1:colcon.colcon_core.package_discovery:discover_packages(colcon_meta) check parameters
[0.511s] Level 1:colcon.colcon_core.package_discovery:discover_packages(recursive) check parameters
[0.511s] Level 1:colcon.colcon_core.package_discovery:discover_packages(ignore) check parameters
[0.511s] Level 1:colcon.colcon_core.package_discovery:discover_packages(path) check parameters
[0.511s] Level 1:colcon.colcon_core.package_discovery:discover_packages(colcon_meta) discover
[0.511s] Level 1:colcon.colcon_core.package_discovery:discover_packages(recursive) discover
[0.511s] INFO:colcon.colcon_core.package_discovery:Crawling recursively for packages in '/home/edipo/ros2_orange'
[0.511s] Level 1:colcon.colcon_core.package_identification:_identify(.) by extensions ['ignore', 'ignore_ament_install']
[0.512s] Level 1:colcon.colcon_core.package_identification:_identify(.) by extension 'ignore'
[0.512s] Level 1:colcon.colcon_core.package_identification:_identify(.) by extension 'ignore_ament_install'
[0.512s] Level 1:colcon.colcon_core.package_identification:_identify(.) by extensions ['colcon_pkg']
[0.512s] Level 1:colcon.colcon_core.package_identification:_identify(.) by extension 'colcon_pkg'
[0.512s] Level 1:colcon.colcon_core.package_identification:_identify(.) by extensions ['colcon_meta']
[0.512s] Level 1:colcon.colcon_core.package_identification:_identify(.) by extension 'colcon_meta'
[0.512s] Level 1:colcon.colcon_core.package_identification:_identify(.) by extensions ['ros']
[0.512s] Level 1:colcon.colcon_core.package_identification:_identify(.) by extension 'ros'
[0.518s] Level 1:colcon.colcon_core.package_identification:_identify(.) by extensions ['cmake', 'python']
[0.518s] Level 1:colcon.colcon_core.package_identification:_identify(.) by extension 'cmake'
[0.518s] Level 1:colcon.colcon_core.package_identification:_identify(.) by extension 'python'
[0.518s] Level 1:colcon.colcon_core.package_identification:_identify(.) by extensions ['python_setup_py']
[0.518s] Level 1:colcon.colcon_core.package_identification:_identify(.) by extension 'python_setup_py'
[0.519s] Level 1:colcon.colcon_core.package_identification:_identify(build) by extensions ['ignore', 'ignore_ament_install']
[0.519s] Level 1:colcon.colcon_core.package_identification:_identify(build) by extension 'ignore'
[0.519s] Level 1:colcon.colcon_core.package_identification:_identify(build) ignored
[0.519s] Level 1:colcon.colcon_core.package_identification:_identify(install) by extensions ['ignore', 'ignore_ament_install']
[0.519s] Level 1:colcon.colcon_core.package_identification:_identify(install) by extension 'ignore'
[0.519s] Level 1:colcon.colcon_core.package_identification:_identify(install) ignored
[0.519s] Level 1:colcon.colcon_core.package_identification:_identify(log) by extensions ['ignore', 'ignore_ament_install']
[0.519s] Level 1:colcon.colcon_core.package_identification:_identify(log) by extension 'ignore'
[0.519s] Level 1:colcon.colcon_core.package_identification:_identify(log) ignored
[0.519s] Level 1:colcon.colcon_core.package_identification:_identify(src) by extensions ['ignore', 'ignore_ament_install']
[0.519s] Level 1:colcon.colcon_core.package_identification:_identify(src) by extension 'ignore'
[0.519s] Level 1:colcon.colcon_core.package_identification:_identify(src) by extension 'ignore_ament_install'
[0.519s] Level 1:colcon.colcon_core.package_identification:_identify(src) by extensions ['colcon_pkg']
[0.519s] Level 1:colcon.colcon_core.package_identification:_identify(src) by extension 'colcon_pkg'
[0.519s] Level 1:colcon.colcon_core.package_identification:_identify(src) by extensions ['colcon_meta']
[0.519s] Level 1:colcon.colcon_core.package_identification:_identify(src) by extension 'colcon_meta'
[0.519s] Level 1:colcon.colcon_core.package_identification:_identify(src) by extensions ['ros']
[0.519s] Level 1:colcon.colcon_core.package_identification:_identify(src) by extension 'ros'
[0.519s] Level 1:colcon.colcon_core.package_identification:_identify(src) by extensions ['cmake', 'python']
[0.519s] Level 1:colcon.colcon_core.package_identification:_identify(src) by extension 'cmake'
[0.519s] Level 1:colcon.colcon_core.package_identification:_identify(src) by extension 'python'
[0.519s] Level 1:colcon.colcon_core.package_identification:_identify(src) by extensions ['python_setup_py']
[0.519s] Level 1:colcon.colcon_core.package_identification:_identify(src) by extension 'python_setup_py'
[0.519s] Level 1:colcon.colcon_core.package_identification:_identify(src/mpu_pub) by extensions ['ignore', 'ignore_ament_install']
[0.519s] Level 1:colcon.colcon_core.package_identification:_identify(src/mpu_pub) by extension 'ignore'
[0.519s] Level 1:colcon.colcon_core.package_identification:_identify(src/mpu_pub) by extension 'ignore_ament_install'
[0.519s] Level 1:colcon.colcon_core.package_identification:_identify(src/mpu_pub) by extensions ['colcon_pkg']
[0.519s] Level 1:colcon.colcon_core.package_identification:_identify(src/mpu_pub) by extension 'colcon_pkg'
[0.519s] Level 1:colcon.colcon_core.package_identification:_identify(src/mpu_pub) by extensions ['colcon_meta']
[0.519s] Level 1:colcon.colcon_core.package_identification:_identify(src/mpu_pub) by extension 'colcon_meta'
[0.519s] Level 1:colcon.colcon_core.package_identification:_identify(src/mpu_pub) by extensions ['ros']
[0.519s] Level 1:colcon.colcon_core.package_identification:_identify(src/mpu_pub) by extension 'ros'
[0.521s] DEBUG:colcon.colcon_core.package_identification:Package 'src/mpu_pub' with type 'ros.ament_python' and name 'mpu_pub'
[0.521s] Level 1:colcon.colcon_core.package_identification:_identify(src/robot_interfaces) by extensions ['ignore', 'ignore_ament_install']
[0.521s] Level 1:colcon.colcon_core.package_identification:_identify(src/robot_interfaces) by extension 'ignore'
[0.521s] Level 1:colcon.colcon_core.package_identification:_identify(src/robot_interfaces) by extension 'ignore_ament_install'
[0.521s] Level 1:colcon.colcon_core.package_identification:_identify(src/robot_interfaces) by extensions ['colcon_pkg']
[0.521s] Level 1:colcon.colcon_core.package_identification:_identify(src/robot_interfaces) by extension 'colcon_pkg'
[0.521s] Level 1:colcon.colcon_core.package_identification:_identify(src/robot_interfaces) by extensions ['colcon_meta']
[0.521s] Level 1:colcon.colcon_core.package_identification:_identify(src/robot_interfaces) by extension 'colcon_meta'
[0.521s] Level 1:colcon.colcon_core.package_identification:_identify(src/robot_interfaces) by extensions ['ros']
[0.521s] Level 1:colcon.colcon_core.package_identification:_identify(src/robot_interfaces) by extension 'ros'
[0.521s] DEBUG:colcon.colcon_core.package_identification:Package 'src/robot_interfaces' with type 'ros.ament_cmake' and name 'robot_interfaces'
[0.521s] Level 1:colcon.colcon_core.package_identification:_identify(src/teleop) by extensions ['ignore', 'ignore_ament_install']
[0.521s] Level 1:colcon.colcon_core.package_identification:_identify(src/teleop) by extension 'ignore'
[0.521s] Level 1:colcon.colcon_core.package_identification:_identify(src/teleop) by extension 'ignore_ament_install'
[0.521s] Level 1:colcon.colcon_core.package_identification:_identify(src/teleop) by extensions ['colcon_pkg']
[0.522s] Level 1:colcon.colcon_core.package_identification:_identify(src/teleop) by extension 'colcon_pkg'
[0.522s] Level 1:colcon.colcon_core.package_identification:_identify(src/teleop) by extensions ['colcon_meta']
[0.522s] Level 1:colcon.colcon_core.package_identification:_identify(src/teleop) by extension 'colcon_meta'
[0.522s] Level 1:colcon.colcon_core.package_identification:_identify(src/teleop) by extensions ['ros']
[0.522s] Level 1:colcon.colcon_core.package_identification:_identify(src/teleop) by extension 'ros'
[0.522s] DEBUG:colcon.colcon_core.package_identification:Package 'src/teleop' with type 'ros.ament_python' and name 'teleop'
[0.522s] Level 1:colcon.colcon_core.package_discovery:discover_packages(recursive) using defaults
[0.522s] Level 1:colcon.colcon_core.package_discovery:discover_packages(ignore) discover
[0.522s] Level 1:colcon.colcon_core.package_discovery:discover_packages(ignore) using defaults
[0.522s] Level 1:colcon.colcon_core.package_discovery:discover_packages(path) discover
[0.522s] Level 1:colcon.colcon_core.package_discovery:discover_packages(path) using defaults
[0.567s] Level 1:colcon.colcon_core.package_discovery:discover_packages(prefix_path) check parameters
[0.567s] Level 1:colcon.colcon_core.package_discovery:discover_packages(prefix_path) discover
[0.574s] WARNING:colcon.colcon_core.prefix_path.colcon:The path '/home/edipo/ros2_orange/src/install' in the environment variable COLCON_PREFIX_PATH doesn't exist
[0.574s] WARNING:colcon.colcon_ros.prefix_path.ament:The path '/home/edipo/ros2_orange/src/install/teleop' in the environment variable AMENT_PREFIX_PATH doesn't exist
[0.574s] WARNING:colcon.colcon_ros.prefix_path.ament:The path '/home/edipo/ros2_orange/src/install/mpu_pub' in the environment variable AMENT_PREFIX_PATH doesn't exist
[0.574s] WARNING:colcon.colcon_ros.prefix_path.ament:The path '/home/edipo/ros2_orange/src/install/robot_interfaces' in the environment variable AMENT_PREFIX_PATH doesn't exist
[0.574s] WARNING:colcon.colcon_ros.prefix_path.catkin:The path '/home/edipo/ros2_orange/src/install/robot_interfaces' in the environment variable CMAKE_PREFIX_PATH doesn't exist
[0.581s] DEBUG:colcon.colcon_installed_package_information.package_discovery:Found 2 installed packages in /home/edipo/ros2_orange/install
[0.595s] DEBUG:colcon.colcon_installed_package_information.package_discovery:Found 384 installed packages in /opt/ros/humble
[0.596s] Level 1:colcon.colcon_core.package_discovery:discover_packages(prefix_path) using defaults
[0.648s] Level 5:colcon.colcon_core.verb:set package 'robot_interfaces' build argument 'cmake_args' from command line to 'None'
[0.648s] Level 5:colcon.colcon_core.verb:set package 'robot_interfaces' build argument 'cmake_target' from command line to 'None'
[0.648s] Level 5:colcon.colcon_core.verb:set package 'robot_interfaces' build argument 'cmake_target_skip_unavailable' from command line to 'False'
[0.648s] Level 5:colcon.colcon_core.verb:set package 'robot_interfaces' build argument 'cmake_clean_cache' from command line to 'False'
[0.649s] Level 5:colcon.colcon_core.verb:set package 'robot_interfaces' build argument 'cmake_clean_first' from command line to 'False'
[0.649s] Level 5:colcon.colcon_core.verb:set package 'robot_interfaces' build argument 'cmake_force_configure' from command line to 'False'
[0.649s] Level 5:colcon.colcon_core.verb:set package 'robot_interfaces' build argument 'ament_cmake_args' from command line to 'None'
[0.649s] Level 5:colcon.colcon_core.verb:set package 'robot_interfaces' build argument 'catkin_cmake_args' from command line to 'None'
[0.649s] Level 5:colcon.colcon_core.verb:set package 'robot_interfaces' build argument 'catkin_skip_building_tests' from command line to 'False'
[0.649s] DEBUG:colcon.colcon_core.verb:Building package 'robot_interfaces' with the following arguments: {'ament_cmake_args': None, 'build_base': '/home/edipo/ros2_orange/build/robot_interfaces', 'catkin_cmake_args': None, 'catkin_skip_building_tests': False, 'cmake_args': None, 'cmake_clean_cache': False, 'cmake_clean_first': False, 'cmake_force_configure': False, 'cmake_target': None, 'cmake_target_skip_unavailable': False, 'install_base': '/home/edipo/ros2_orange/install/robot_interfaces', 'merge_install': False, 'path': '/home/edipo/ros2_orange/src/robot_interfaces', 'symlink_install': False, 'test_result_base': None}
[0.656s] Level 5:colcon.colcon_core.verb:set package 'teleop' build argument 'cmake_args' from command line to 'None'
[0.656s] Level 5:colcon.colcon_core.verb:set package 'teleop' build argument 'cmake_target' from command line to 'None'
[0.656s] Level 5:colcon.colcon_core.verb:set package 'teleop' build argument 'cmake_target_skip_unavailable' from command line to 'False'
[0.656s] Level 5:colcon.colcon_core.verb:set package 'teleop' build argument 'cmake_clean_cache' from command line to 'False'
[0.656s] Level 5:colcon.colcon_core.verb:set package 'teleop' build argument 'cmake_clean_first' from command line to 'False'
[0.656s] Level 5:colcon.colcon_core.verb:set package 'teleop' build argument 'cmake_force_configure' from command line to 'False'
[0.656s] Level 5:colcon.colcon_core.verb:set package 'teleop' build argument 'ament_cmake_args' from command line to 'None'
[0.656s] Level 5:colcon.colcon_core.verb:set package 'teleop' build argument 'catkin_cmake_args' from command line to 'None'
[0.656s] Level 5:colcon.colcon_core.verb:set package 'teleop' build argument 'catkin_skip_building_tests' from command line to 'False'
[0.656s] DEBUG:colcon.colcon_core.verb:Building package 'teleop' with the following arguments: {'ament_cmake_args': None, 'build_base': '/home/edipo/ros2_orange/build/teleop', 'catkin_cmake_args': None, 'catkin_skip_building_tests': False, 'cmake_args': None, 'cmake_clean_cache': False, 'cmake_clean_first': False, 'cmake_force_configure': False, 'cmake_target': None, 'cmake_target_skip_unavailable': False, 'install_base': '/home/edipo/ros2_orange/install/teleop', 'merge_install': False, 'path': '/home/edipo/ros2_orange/src/teleop', 'symlink_install': False, 'test_result_base': None}
[0.663s] Level 5:colcon.colcon_core.verb:set package 'mpu_pub' build argument 'cmake_args' from command line to 'None'
[0.663s] Level 5:colcon.colcon_core.verb:set package 'mpu_pub' build argument 'cmake_target' from command line to 'None'
[0.663s] Level 5:colcon.colcon_core.verb:set package 'mpu_pub' build argument 'cmake_target_skip_unavailable' from command line to 'False'
[0.663s] Level 5:colcon.colcon_core.verb:set package 'mpu_pub' build argument 'cmake_clean_cache' from command line to 'False'
[0.663s] Level 5:colcon.colcon_core.verb:set package 'mpu_pub' build argument 'cmake_clean_first' from command line to 'False'
[0.663s] Level 5:colcon.colcon_core.verb:set package 'mpu_pub' build argument 'cmake_force_configure' from command line to 'False'
[0.663s] Level 5:colcon.colcon_core.verb:set package 'mpu_pub' build argument 'ament_cmake_args' from command line to 'None'
[0.663s] Level 5:colcon.colcon_core.verb:set package 'mpu_pub' build argument 'catkin_cmake_args' from command line to 'None'
[0.663s] Level 5:colcon.colcon_core.verb:set package 'mpu_pub' build argument 'catkin_skip_building_tests' from command line to 'False'
[0.663s] DEBUG:colcon.colcon_core.verb:Building package 'mpu_pub' with the following arguments: {'ament_cmake_args': None, 'build_base': '/home/edipo/ros2_orange/build/mpu_pub', 'catkin_cmake_args': None, 'catkin_skip_building_tests': False, 'cmake_args': None, 'cmake_clean_cache': False, 'cmake_clean_first': False, 'cmake_force_configure': False, 'cmake_target': None, 'cmake_target_skip_unavailable': False, 'install_base': '/home/edipo/ros2_orange/install/mpu_pub', 'merge_install': False, 'path': '/home/edipo/ros2_orange/src/mpu_pub', 'symlink_install': False, 'test_result_base': None}
[0.669s] INFO:colcon.colcon_core.executor:Executing jobs using 'parallel' executor
[0.677s] DEBUG:colcon.colcon_parallel_executor.executor.parallel:run_until_complete
[0.677s] INFO:colcon.colcon_ros.task.ament_cmake.build:Building ROS package in '/home/edipo/ros2_orange/src/robot_interfaces' with build type 'ament_cmake'
[0.677s] INFO:colcon.colcon_cmake.task.cmake.build:Building CMake package in '/home/edipo/ros2_orange/src/robot_interfaces'
[0.685s] INFO:colcon.colcon_core.plugin_system:Skipping extension 'colcon_core.shell.bat': Not used on non-Windows systems
[0.685s] INFO:colcon.colcon_core.shell:Skip shell extension 'powershell' for command environment: Not usable outside of PowerShell
[0.685s] DEBUG:colcon.colcon_core.shell:Skip shell extension 'dsv' for command environment
[0.707s] INFO:colcon.colcon_ros.task.ament_python.build:Building ROS package in '/home/edipo/ros2_orange/src/teleop' with build type 'ament_python'
[0.707s] Level 1:colcon.colcon_core.shell:create_environment_hook('teleop', 'ament_prefix_path')
[0.715s] INFO:colcon.colcon_core.shell:Creating environment hook '/home/edipo/ros2_orange/install/teleop/share/teleop/hook/ament_prefix_path.ps1'
[0.715s] INFO:colcon.colcon_core.shell:Creating environment descriptor '/home/edipo/ros2_orange/install/teleop/share/teleop/hook/ament_prefix_path.dsv'
[0.716s] INFO:colcon.colcon_core.shell:Creating environment hook '/home/edipo/ros2_orange/install/teleop/share/teleop/hook/ament_prefix_path.sh'
[0.723s] INFO:colcon.colcon_core.shell:Skip shell extension 'powershell' for command environment: Not usable outside of PowerShell
[0.723s] DEBUG:colcon.colcon_core.shell:Skip shell extension 'dsv' for command environment
[0.748s] DEBUG:colcon.colcon_core.event_handler.log_command:Invoking command in '/home/edipo/ros2_orange/build/robot_interfaces': CMAKE_PREFIX_PATH=${CMAKE_PREFIX_PATH}:/home/edipo/ros2_orange/src/install/teleop:/home/edipo/ros2_orange/src/install/mpu_pub:/home/edipo/ros2_orange/install/teleop:/home/edipo/ros2_orange/install/mpu_pub:/opt/ros/humble /usr/bin/cmake /home/edipo/ros2_orange/src/robot_interfaces -DCMAKE_INSTALL_PREFIX=/home/edipo/ros2_orange/install/robot_interfaces
[0.902s] INFO:colcon.colcon_core.task.python.build:Building Python package in '/home/edipo/ros2_orange/src/teleop'
[0.909s] INFO:colcon.colcon_core.shell:Skip shell extension 'powershell' for command environment: Not usable outside of PowerShell
[0.909s] DEBUG:colcon.colcon_core.shell:Skip shell extension 'dsv' for command environment
[1.168s] DEBUG:colcon.colcon_core.event_handler.log_command:Invoking command in '/home/edipo/ros2_orange/src/teleop': PYTHONPATH=/home/edipo/ros2_orange/build/teleop/prefix_override:/home/edipo/ros2_orange/install/teleop/lib/python3.10/site-packages:${PYTHONPATH} /usr/bin/python3 setup.py egg_info --egg-base ../../build/teleop build --build-base /home/edipo/ros2_orange/build/teleop/build install --record /home/edipo/ros2_orange/build/teleop/install.log --single-version-externally-managed
[1.344s] DEBUG:colcon.colcon_core.event_handler.log_command:Invoked command in '/home/edipo/ros2_orange/src/teleop' returned '0': PYTHONPATH=/home/edipo/ros2_orange/build/teleop/prefix_override:/home/edipo/ros2_orange/install/teleop/lib/python3.10/site-packages:${PYTHONPATH} /usr/bin/python3 setup.py egg_info --egg-base ../../build/teleop build --build-base /home/edipo/ros2_orange/build/teleop/build install --record /home/edipo/ros2_orange/build/teleop/install.log --single-version-externally-managed
[1.353s] Level 1:colcon.colcon_core.environment:checking '/home/edipo/ros2_orange/install/teleop' for CMake module files
[1.353s] Level 1:colcon.colcon_core.environment:checking '/home/edipo/ros2_orange/install/teleop' for CMake config files
[1.354s] Level 1:colcon.colcon_core.environment:checking '/home/edipo/ros2_orange/install/teleop/lib'
[1.354s] Level 1:colcon.colcon_core.environment:checking '/home/edipo/ros2_orange/install/teleop/bin'
[1.354s] Level 1:colcon.colcon_core.environment:checking '/home/edipo/ros2_orange/install/teleop/lib/pkgconfig/teleop.pc'
[1.354s] Level 1:colcon.colcon_core.environment:checking '/home/edipo/ros2_orange/install/teleop/lib/python3.10/site-packages'
[1.354s] Level 1:colcon.colcon_core.shell:create_environment_hook('teleop', 'pythonpath')
[1.362s] INFO:colcon.colcon_core.shell:Creating environment hook '/home/edipo/ros2_orange/install/teleop/share/teleop/hook/pythonpath.ps1'
[1.362s] INFO:colcon.colcon_core.shell:Creating environment descriptor '/home/edipo/ros2_orange/install/teleop/share/teleop/hook/pythonpath.dsv'
[1.362s] INFO:colcon.colcon_core.shell:Creating environment hook '/home/edipo/ros2_orange/install/teleop/share/teleop/hook/pythonpath.sh'
[1.362s] Level 1:colcon.colcon_core.environment:checking '/home/edipo/ros2_orange/install/teleop/bin'
[1.363s] Level 1:colcon.colcon_core.environment:create_environment_scripts_only(teleop)
[1.370s] INFO:colcon.colcon_core.shell:Creating package script '/home/edipo/ros2_orange/install/teleop/share/teleop/package.ps1'
[1.371s] INFO:colcon.colcon_core.shell:Creating package descriptor '/home/edipo/ros2_orange/install/teleop/share/teleop/package.dsv'
[1.371s] INFO:colcon.colcon_core.shell:Creating package script '/home/edipo/ros2_orange/install/teleop/share/teleop/package.sh'
[1.371s] INFO:colcon.colcon_core.shell:Creating package script '/home/edipo/ros2_orange/install/teleop/share/teleop/package.bash'
[1.372s] INFO:colcon.colcon_core.shell:Creating package script '/home/edipo/ros2_orange/install/teleop/share/teleop/package.zsh'
[1.372s] Level 1:colcon.colcon_core.environment:create_file_with_runtime_dependencies(/home/edipo/ros2_orange/install/teleop/share/colcon-core/packages/teleop)
[1.645s] DEBUG:colcon.colcon_core.event_handler.log_command:Invoked command in '/home/edipo/ros2_orange/build/robot_interfaces' returned '0': CMAKE_PREFIX_PATH=${CMAKE_PREFIX_PATH}:/home/edipo/ros2_orange/src/install/teleop:/home/edipo/ros2_orange/src/install/mpu_pub:/home/edipo/ros2_orange/install/teleop:/home/edipo/ros2_orange/install/mpu_pub:/opt/ros/humble /usr/bin/cmake /home/edipo/ros2_orange/src/robot_interfaces -DCMAKE_INSTALL_PREFIX=/home/edipo/ros2_orange/install/robot_interfaces
[1.645s] DEBUG:colcon.colcon_core.event_handler.log_command:Invoking command in '/home/edipo/ros2_orange/build/robot_interfaces': CMAKE_PREFIX_PATH=${CMAKE_PREFIX_PATH}:/home/edipo/ros2_orange/src/install/teleop:/home/edipo/ros2_orange/src/install/mpu_pub:/home/edipo/ros2_orange/install/teleop:/home/edipo/ros2_orange/install/mpu_pub:/opt/ros/humble /usr/bin/cmake --build /home/edipo/ros2_orange/build/robot_interfaces -- -j12 -l12
[2.823s] DEBUG:colcon.colcon_core.event_handler.log_command:Invoked command in '/home/edipo/ros2_orange/build/robot_interfaces' returned '0': CMAKE_PREFIX_PATH=${CMAKE_PREFIX_PATH}:/home/edipo/ros2_orange/src/install/teleop:/home/edipo/ros2_orange/src/install/mpu_pub:/home/edipo/ros2_orange/install/teleop:/home/edipo/ros2_orange/install/mpu_pub:/opt/ros/humble /usr/bin/cmake --build /home/edipo/ros2_orange/build/robot_interfaces -- -j12 -l12
[2.862s] DEBUG:colcon.colcon_core.event_handler.log_command:Invoking command in '/home/edipo/ros2_orange/build/robot_interfaces': CMAKE_PREFIX_PATH=${CMAKE_PREFIX_PATH}:/home/edipo/ros2_orange/src/install/teleop:/home/edipo/ros2_orange/src/install/mpu_pub:/home/edipo/ros2_orange/install/teleop:/home/edipo/ros2_orange/install/mpu_pub:/opt/ros/humble /usr/bin/cmake --install /home/edipo/ros2_orange/build/robot_interfaces
[2.897s] Level 1:colcon.colcon_core.environment:create_environment_scripts_only(robot_interfaces)
[2.897s] DEBUG:colcon.colcon_core.event_handler.log_command:Invoked command in '/home/edipo/ros2_orange/build/robot_interfaces' returned '0': CMAKE_PREFIX_PATH=${CMAKE_PREFIX_PATH}:/home/edipo/ros2_orange/src/install/teleop:/home/edipo/ros2_orange/src/install/mpu_pub:/home/edipo/ros2_orange/install/teleop:/home/edipo/ros2_orange/install/mpu_pub:/opt/ros/humble /usr/bin/cmake --install /home/edipo/ros2_orange/build/robot_interfaces
[2.905s] Level 1:colcon.colcon_core.environment:checking '/home/edipo/ros2_orange/install/robot_interfaces' for CMake module files
[2.905s] Level 1:colcon.colcon_core.environment:checking '/home/edipo/ros2_orange/install/robot_interfaces' for CMake config files
[2.905s] Level 1:colcon.colcon_core.shell:create_environment_hook('robot_interfaces', 'cmake_prefix_path')
[2.913s] INFO:colcon.colcon_core.shell:Creating environment hook '/home/edipo/ros2_orange/install/robot_interfaces/share/robot_interfaces/hook/cmake_prefix_path.ps1'
[2.913s] INFO:colcon.colcon_core.shell:Creating environment descriptor '/home/edipo/ros2_orange/install/robot_interfaces/share/robot_interfaces/hook/cmake_prefix_path.dsv'
[2.913s] INFO:colcon.colcon_core.shell:Creating environment hook '/home/edipo/ros2_orange/install/robot_interfaces/share/robot_interfaces/hook/cmake_prefix_path.sh'
[2.914s] Level 1:colcon.colcon_core.environment:checking '/home/edipo/ros2_orange/install/robot_interfaces/lib'
[2.914s] Level 1:colcon.colcon_core.shell:create_environment_hook('robot_interfaces', 'ld_library_path_lib')
[2.921s] INFO:colcon.colcon_core.shell:Creating environment hook '/home/edipo/ros2_orange/install/robot_interfaces/share/robot_interfaces/hook/ld_library_path_lib.ps1'
[2.921s] INFO:colcon.colcon_core.shell:Creating environment descriptor '/home/edipo/ros2_orange/install/robot_interfaces/share/robot_interfaces/hook/ld_library_path_lib.dsv'
[2.921s] INFO:colcon.colcon_core.shell:Creating environment hook '/home/edipo/ros2_orange/install/robot_interfaces/share/robot_interfaces/hook/ld_library_path_lib.sh'
[2.921s] Level 1:colcon.colcon_core.environment:checking '/home/edipo/ros2_orange/install/robot_interfaces/bin'
[2.921s] Level 1:colcon.colcon_core.environment:checking '/home/edipo/ros2_orange/install/robot_interfaces/lib/pkgconfig/robot_interfaces.pc'
[2.921s] Level 1:colcon.colcon_core.environment:checking '/home/edipo/ros2_orange/install/robot_interfaces/lib/python3.10/site-packages'
[2.921s] Level 1:colcon.colcon_core.environment:checking '/home/edipo/ros2_orange/install/robot_interfaces/bin'
[2.928s] INFO:colcon.colcon_core.shell:Creating package script '/home/edipo/ros2_orange/install/robot_interfaces/share/robot_interfaces/package.ps1'
[2.929s] INFO:colcon.colcon_core.shell:Creating package descriptor '/home/edipo/ros2_orange/install/robot_interfaces/share/robot_interfaces/package.dsv'
[2.929s] INFO:colcon.colcon_core.shell:Creating package script '/home/edipo/ros2_orange/install/robot_interfaces/share/robot_interfaces/package.sh'
[2.929s] INFO:colcon.colcon_core.shell:Creating package script '/home/edipo/ros2_orange/install/robot_interfaces/share/robot_interfaces/package.bash'
[2.929s] INFO:colcon.colcon_core.shell:Creating package script '/home/edipo/ros2_orange/install/robot_interfaces/share/robot_interfaces/package.zsh'
[2.929s] Level 1:colcon.colcon_core.environment:create_file_with_runtime_dependencies(/home/edipo/ros2_orange/install/robot_interfaces/share/colcon-core/packages/robot_interfaces)
[2.966s] Level 1:colcon.colcon_core.environment:create_environment_scripts_only(robot_interfaces)
[2.973s] Level 1:colcon.colcon_core.environment:checking '/home/edipo/ros2_orange/install/robot_interfaces' for CMake module files
[2.973s] Level 1:colcon.colcon_core.environment:checking '/home/edipo/ros2_orange/install/robot_interfaces' for CMake config files
[2.973s] Level 1:colcon.colcon_core.shell:create_environment_hook('robot_interfaces', 'cmake_prefix_path')
[2.980s] INFO:colcon.colcon_core.shell:Creating environment hook '/home/edipo/ros2_orange/install/robot_interfaces/share/robot_interfaces/hook/cmake_prefix_path.ps1'
[2.981s] INFO:colcon.colcon_core.shell:Creating environment descriptor '/home/edipo/ros2_orange/install/robot_interfaces/share/robot_interfaces/hook/cmake_prefix_path.dsv'
[2.981s] INFO:colcon.colcon_core.shell:Creating environment hook '/home/edipo/ros2_orange/install/robot_interfaces/share/robot_interfaces/hook/cmake_prefix_path.sh'
[2.981s] Level 1:colcon.colcon_core.environment:checking '/home/edipo/ros2_orange/install/robot_interfaces/lib'
[2.981s] Level 1:colcon.colcon_core.shell:create_environment_hook('robot_interfaces', 'ld_library_path_lib')
[2.988s] INFO:colcon.colcon_core.shell:Creating environment hook '/home/edipo/ros2_orange/install/robot_interfaces/share/robot_interfaces/hook/ld_library_path_lib.ps1'
[2.988s] INFO:colcon.colcon_core.shell:Creating environment descriptor '/home/edipo/ros2_orange/install/robot_interfaces/share/robot_interfaces/hook/ld_library_path_lib.dsv'
[2.988s] INFO:colcon.colcon_core.shell:Creating environment hook '/home/edipo/ros2_orange/install/robot_interfaces/share/robot_interfaces/hook/ld_library_path_lib.sh'
[2.988s] Level 1:colcon.colcon_core.environment:checking '/home/edipo/ros2_orange/install/robot_interfaces/bin'
[2.988s] Level 1:colcon.colcon_core.environment:checking '/home/edipo/ros2_orange/install/robot_interfaces/lib/pkgconfig/robot_interfaces.pc'
[2.989s] Level 1:colcon.colcon_core.environment:checking '/home/edipo/ros2_orange/install/robot_interfaces/lib/python3.10/site-packages'
[2.989s] Level 1:colcon.colcon_core.environment:checking '/home/edipo/ros2_orange/install/robot_interfaces/bin'
[2.996s] INFO:colcon.colcon_core.shell:Creating package script '/home/edipo/ros2_orange/install/robot_interfaces/share/robot_interfaces/package.ps1'
[2.996s] INFO:colcon.colcon_core.shell:Creating package descriptor '/home/edipo/ros2_orange/install/robot_interfaces/share/robot_interfaces/package.dsv'
[2.996s] INFO:colcon.colcon_core.shell:Creating package script '/home/edipo/ros2_orange/install/robot_interfaces/share/robot_interfaces/package.sh'
[2.996s] INFO:colcon.colcon_core.shell:Creating package script '/home/edipo/ros2_orange/install/robot_interfaces/share/robot_interfaces/package.bash'
[2.997s] INFO:colcon.colcon_core.shell:Creating package script '/home/edipo/ros2_orange/install/robot_interfaces/share/robot_interfaces/package.zsh'
[2.997s] Level 1:colcon.colcon_core.environment:create_file_with_runtime_dependencies(/home/edipo/ros2_orange/install/robot_interfaces/share/colcon-core/packages/robot_interfaces)
[2.997s] INFO:colcon.colcon_ros.task.ament_python.build:Building ROS package in '/home/edipo/ros2_orange/src/mpu_pub' with build type 'ament_python'
[2.997s] Level 1:colcon.colcon_core.shell:create_environment_hook('mpu_pub', 'ament_prefix_path')
[3.005s] INFO:colcon.colcon_core.shell:Creating environment hook '/home/edipo/ros2_orange/install/mpu_pub/share/mpu_pub/hook/ament_prefix_path.ps1'
[3.005s] INFO:colcon.colcon_core.shell:Creating environment descriptor '/home/edipo/ros2_orange/install/mpu_pub/share/mpu_pub/hook/ament_prefix_path.dsv'
[3.005s] INFO:colcon.colcon_core.shell:Creating environment hook '/home/edipo/ros2_orange/install/mpu_pub/share/mpu_pub/hook/ament_prefix_path.sh'
[3.013s] INFO:colcon.colcon_core.shell:Skip shell extension 'powershell' for command environment: Not usable outside of PowerShell
[3.013s] DEBUG:colcon.colcon_core.shell:Skip shell extension 'dsv' for command environment
[3.185s] INFO:colcon.colcon_core.task.python.build:Building Python package in '/home/edipo/ros2_orange/src/mpu_pub'
[3.193s] INFO:colcon.colcon_core.shell:Skip shell extension 'powershell' for command environment: Not usable outside of PowerShell
[3.193s] DEBUG:colcon.colcon_core.shell:Skip shell extension 'dsv' for command environment
[3.432s] DEBUG:colcon.colcon_core.event_handler.log_command:Invoking command in '/home/edipo/ros2_orange/src/mpu_pub': AMENT_PREFIX_PATH=/home/edipo/ros2_orange/install/robot_interfaces:${AMENT_PREFIX_PATH} CMAKE_PREFIX_PATH=/home/edipo/ros2_orange/install/robot_interfaces:${CMAKE_PREFIX_PATH} LD_LIBRARY_PATH=/home/edipo/ros2_orange/install/robot_interfaces/lib:${LD_LIBRARY_PATH} PYTHONPATH=/home/edipo/ros2_orange/build/mpu_pub/prefix_override:/home/edipo/ros2_orange/install/mpu_pub/lib/python3.10/site-packages:/home/edipo/ros2_orange/install/robot_interfaces/local/lib/python3.10/dist-packages:${PYTHONPATH} /usr/bin/python3 setup.py egg_info --egg-base ../../build/mpu_pub build --build-base /home/edipo/ros2_orange/build/mpu_pub/build install --record /home/edipo/ros2_orange/build/mpu_pub/install.log --single-version-externally-managed
[3.604s] DEBUG:colcon.colcon_core.event_handler.log_command:Invoked command in '/home/edipo/ros2_orange/src/mpu_pub' returned '0': AMENT_PREFIX_PATH=/home/edipo/ros2_orange/install/robot_interfaces:${AMENT_PREFIX_PATH} CMAKE_PREFIX_PATH=/home/edipo/ros2_orange/install/robot_interfaces:${CMAKE_PREFIX_PATH} LD_LIBRARY_PATH=/home/edipo/ros2_orange/install/robot_interfaces/lib:${LD_LIBRARY_PATH} PYTHONPATH=/home/edipo/ros2_orange/build/mpu_pub/prefix_override:/home/edipo/ros2_orange/install/mpu_pub/lib/python3.10/site-packages:/home/edipo/ros2_orange/install/robot_interfaces/local/lib/python3.10/dist-packages:${PYTHONPATH} /usr/bin/python3 setup.py egg_info --egg-base ../../build/mpu_pub build --build-base /home/edipo/ros2_orange/build/mpu_pub/build install --record /home/edipo/ros2_orange/build/mpu_pub/install.log --single-version-externally-managed
[3.612s] Level 1:colcon.colcon_core.environment:checking '/home/edipo/ros2_orange/install/mpu_pub' for CMake module files
[3.612s] Level 1:colcon.colcon_core.environment:checking '/home/edipo/ros2_orange/install/mpu_pub' for CMake config files
[3.612s] Level 1:colcon.colcon_core.environment:checking '/home/edipo/ros2_orange/install/mpu_pub/lib'
[3.612s] Level 1:colcon.colcon_core.environment:checking '/home/edipo/ros2_orange/install/mpu_pub/bin'
[3.612s] Level 1:colcon.colcon_core.environment:checking '/home/edipo/ros2_orange/install/mpu_pub/lib/pkgconfig/mpu_pub.pc'
[3.612s] Level 1:colcon.colcon_core.environment:checking '/home/edipo/ros2_orange/install/mpu_pub/lib/python3.10/site-packages'
[3.612s] Level 1:colcon.colcon_core.shell:create_environment_hook('mpu_pub', 'pythonpath')
[3.619s] INFO:colcon.colcon_core.shell:Creating environment hook '/home/edipo/ros2_orange/install/mpu_pub/share/mpu_pub/hook/pythonpath.ps1'
[3.620s] INFO:colcon.colcon_core.shell:Creating environment descriptor '/home/edipo/ros2_orange/install/mpu_pub/share/mpu_pub/hook/pythonpath.dsv'
[3.620s] INFO:colcon.colcon_core.shell:Creating environment hook '/home/edipo/ros2_orange/install/mpu_pub/share/mpu_pub/hook/pythonpath.sh'
[3.620s] Level 1:colcon.colcon_core.environment:checking '/home/edipo/ros2_orange/install/mpu_pub/bin'
[3.620s] Level 1:colcon.colcon_core.environment:create_environment_scripts_only(mpu_pub)
[3.627s] INFO:colcon.colcon_core.shell:Creating package script '/home/edipo/ros2_orange/install/mpu_pub/share/mpu_pub/package.ps1'
[3.628s] INFO:colcon.colcon_core.shell:Creating package descriptor '/home/edipo/ros2_orange/install/mpu_pub/share/mpu_pub/package.dsv'
[3.628s] INFO:colcon.colcon_core.shell:Creating package script '/home/edipo/ros2_orange/install/mpu_pub/share/mpu_pub/package.sh'
[3.628s] INFO:colcon.colcon_core.shell:Creating package script '/home/edipo/ros2_orange/install/mpu_pub/share/mpu_pub/package.bash'
[3.628s] INFO:colcon.colcon_core.shell:Creating package script '/home/edipo/ros2_orange/install/mpu_pub/share/mpu_pub/package.zsh'
[3.628s] Level 1:colcon.colcon_core.environment:create_file_with_runtime_dependencies(/home/edipo/ros2_orange/install/mpu_pub/share/colcon-core/packages/mpu_pub)
[3.628s] DEBUG:colcon.colcon_parallel_executor.executor.parallel:closing loop
[3.628s] DEBUG:colcon.colcon_parallel_executor.executor.parallel:loop closed
[3.628s] DEBUG:colcon.colcon_parallel_executor.executor.parallel:run_until_complete finished with '0'
[3.628s] DEBUG:colcon.colcon_core.event_reactor:joining thread
[3.639s] INFO:colcon.colcon_core.plugin_system:Skipping extension 'colcon_notification.desktop_notification.terminal_notifier': Not used on non-Darwin systems
[3.639s] INFO:colcon.colcon_core.plugin_system:Skipping extension 'colcon_notification.desktop_notification.win32': Not used on non-Windows systems
[3.639s] INFO:colcon.colcon_notification.desktop_notification:Sending desktop notification using 'notify2'
[3.648s] DEBUG:colcon.colcon_core.event_reactor:joined thread
[3.656s] INFO:colcon.colcon_core.shell:Creating prefix script '/home/edipo/ros2_orange/install/local_setup.ps1'
[3.656s] INFO:colcon.colcon_core.shell:Creating prefix util module '/home/edipo/ros2_orange/install/_local_setup_util_ps1.py'
[3.657s] INFO:colcon.colcon_core.shell:Creating prefix chain script '/home/edipo/ros2_orange/install/setup.ps1'
[3.664s] INFO:colcon.colcon_core.shell:Creating prefix script '/home/edipo/ros2_orange/install/local_setup.sh'
[3.664s] INFO:colcon.colcon_core.shell:Creating prefix util module '/home/edipo/ros2_orange/install/_local_setup_util_sh.py'
[3.665s] INFO:colcon.colcon_core.shell:Creating prefix chain script '/home/edipo/ros2_orange/install/setup.sh'
[3.672s] INFO:colcon.colcon_core.shell:Creating prefix script '/home/edipo/ros2_orange/install/local_setup.bash'
[3.672s] INFO:colcon.colcon_core.shell:Creating prefix chain script '/home/edipo/ros2_orange/install/setup.bash'
[3.679s] INFO:colcon.colcon_core.shell:Creating prefix script '/home/edipo/ros2_orange/install/local_setup.zsh'
[3.680s] INFO:colcon.colcon_core.shell:Creating prefix chain script '/home/edipo/ros2_orange/install/setup.zsh'
