[0.032s] Invoking command in '/home/edipo/ros2_orange/build/mpu_pub': /usr/bin/cmake /home/edipo/ros2_orange/src/mpu_pub -DCMAKE_INSTALL_PREFIX=/home/edipo/ros2_orange/install/mpu_pub
[0.065s] -- The C compiler identification is GNU 11.4.0
[0.096s] -- The CXX compiler identification is GNU 11.4.0
[0.100s] -- Detecting C compiler ABI info
[0.142s] -- Detecting C compiler ABI info - done
[0.146s] -- Check for working C compiler: /usr/bin/cc - skipped
[0.146s] -- Detecting C compile features
[0.146s] -- Detecting C compile features - done
[0.148s] -- Detecting CXX compiler ABI info
[0.195s] -- Detecting CXX compiler ABI info - done
[0.199s] -- Check for working CXX compiler: /usr/bin/c++ - skipped
[0.199s] -- Detecting CXX compile features
[0.199s] -- Detecting CXX compile features - done
[0.201s] -- Found ament_cmake: 1.3.7 (/opt/ros/humble/share/ament_cmake/cmake)
[0.304s] -- Found Python3: /usr/bin/python3.10 (found version "3.10.12") found components: Interpreter 
[0.356s] -- Found rosidl_default_generators: 1.2.0 (/opt/ros/humble/share/rosidl_default_generators/cmake)
[0.358s] -- Using all available rosidl_typesupport_c: rosidl_typesupport_fastrtps_c;rosidl_typesupport_introspection_c
[0.362s] -- Found rosidl_adapter: 3.1.5 (/opt/ros/humble/share/rosidl_adapter/cmake)
[0.389s] -- Using all available rosidl_typesupport_cpp: rosidl_typesupport_fastrtps_cpp;rosidl_typesupport_introspection_cpp
[0.509s] [31mCMake Error at /opt/ros/humble/share/rosidl_adapter/cmake/rosidl_adapt_interfaces.cmake:59 (message):
[0.509s]   execute_process(/usr/bin/python3.10 -m rosidl_adapter --package-name
[0.509s]   mpu_pub --arguments-file
[0.509s]   /home/edipo/ros2_orange/build/mpu_pub/rosidl_adapter__arguments__mpu_pub.json
[0.509s]   --output-dir /home/edipo/ros2_orange/build/mpu_pub/rosidl_adapter/mpu_pub
[0.509s]   --output-file
[0.509s]   /home/edipo/ros2_orange/build/mpu_pub/rosidl_adapter/mpu_pub.idls) returned
[0.509s]   error code 1:
[0.509s] 
[0.509s]   Error processing 'int64 accel_X' of 'mpu_pub/Mpu': ''accel_X' is an invalid
[0.509s]   field name.  It should have the pattern
[0.509s]   '^(?!.*__)(?!.*_$)[a-z][a-z0-9_]*$''
[0.509s] 
[0.510s]   Traceback (most recent call last):
[0.510s] 
[0.510s]     File "/usr/lib/python3.10/runpy.py", line 196, in _run_module_as_main
[0.510s]       return _run_code(code, main_globals, None,
[0.510s]     File "/usr/lib/python3.10/runpy.py", line 86, in _run_code
[0.510s]       exec(code, run_globals)
[0.510s]     File "/opt/ros/humble/local/lib/python3.10/dist-packages/rosidl_adapter/__main__.py", line 19, in <module>
[0.510s]       sys.exit(main())
[0.510s]     File "/opt/ros/humble/local/lib/python3.10/dist-packages/rosidl_adapter/main.py", line 53, in main
[0.510s]       abs_idl_file = convert_to_idl(
[0.510s]     File "/opt/ros/humble/local/lib/python3.10/dist-packages/rosidl_adapter/__init__.py", line 19, in convert_to_idl
[0.510s]       return convert_msg_to_idl(
[0.510s]     File "/opt/ros/humble/local/lib/python3.10/dist-packages/rosidl_adapter/msg/__init__.py", line 28, in convert_msg_to_idl
[0.510s]       msg = parse_message_string(package_name, input_file.stem, content)
[0.510s]     File "/opt/ros/humble/local/lib/python3.10/dist-packages/rosidl_adapter/parser.py", line 519, in parse_message_string
[0.510s]       fields.append(Field(
[0.510s]     File "/opt/ros/humble/local/lib/python3.10/dist-packages/rosidl_adapter/parser.py", line 354, in __init__
[0.510s]       raise NameError(
[0.510s] 
[0.510s]   NameError: 'accel_X' is an invalid field name.  It should have the pattern
[0.510s]   '^(?!.*__)(?!.*_$)[a-z][a-z0-9_]*$'
[0.510s] 
[0.510s] Call Stack (most recent call first):
[0.510s]   /opt/ros/humble/share/rosidl_cmake/cmake/rosidl_generate_interfaces.cmake:130 (rosidl_adapt_interfaces)
[0.510s]   CMakeLists.txt:8 (rosidl_generate_interfaces)
[0.510s] 
[0.510s] [0m
[0.510s] -- Configuring incomplete, errors occurred!
[0.510s] See also "/home/edipo/ros2_orange/build/mpu_pub/CMakeFiles/CMakeOutput.log".
[0.515s] Invoked command in '/home/edipo/ros2_orange/build/mpu_pub' returned '1': /usr/bin/cmake /home/edipo/ros2_orange/src/mpu_pub -DCMAKE_INSTALL_PREFIX=/home/edipo/ros2_orange/install/mpu_pub
