[0.429s] Invoking command in '/home/edipo/ros2_orange/src/mpu_pub': PYTHONPATH=/home/edipo/ros2_orange/build/mpu_pub/prefix_override:/home/edipo/ros2_orange/install/mpu_pub/lib/python3.10/site-packages:${PYTHONPATH} /usr/bin/python3 setup.py egg_info --egg-base ../../build/mpu_pub build --build-base /home/edipo/ros2_orange/build/mpu_pub/build install --record /home/edipo/ros2_orange/build/mpu_pub/install.log --single-version-externally-managed
[0.563s] running egg_info
[0.563s] writing ../../build/mpu_pub/mpu_pub.egg-info/PKG-INFO
[0.563s] writing dependency_links to ../../build/mpu_pub/mpu_pub.egg-info/dependency_links.txt
[0.563s] writing entry points to ../../build/mpu_pub/mpu_pub.egg-info/entry_points.txt
[0.563s] writing requirements to ../../build/mpu_pub/mpu_pub.egg-info/requires.txt
[0.563s] writing top-level names to ../../build/mpu_pub/mpu_pub.egg-info/top_level.txt
[0.564s] reading manifest file '../../build/mpu_pub/mpu_pub.egg-info/SOURCES.txt'
[0.564s] adding license file 'LICENSE'
[0.565s] writing manifest file '../../build/mpu_pub/mpu_pub.egg-info/SOURCES.txt'
[0.565s] running build
[0.565s] running build_py
[0.565s] running install
[0.565s] running install_lib
[0.566s] running install_data
[0.566s] copying package.xml -> /home/edipo/ros2_orange/install/mpu_pub/share/mpu_pub
[0.566s] running install_egg_info
[0.567s] removing '/home/edipo/ros2_orange/install/mpu_pub/lib/python3.10/site-packages/mpu_pub-0.0.0-py3.10.egg-info' (and everything under it)
[0.567s] Copying ../../build/mpu_pub/mpu_pub.egg-info to /home/edipo/ros2_orange/install/mpu_pub/lib/python3.10/site-packages/mpu_pub-0.0.0-py3.10.egg-info
[0.567s] running install_scripts
[0.579s] Installing listener script to /home/edipo/ros2_orange/install/mpu_pub/lib/mpu_pub
[0.579s] Installing talker script to /home/edipo/ros2_orange/install/mpu_pub/lib/mpu_pub
[0.579s] writing list of installed files to '/home/edipo/ros2_orange/build/mpu_pub/install.log'
[0.595s] Invoked command in '/home/edipo/ros2_orange/src/mpu_pub' returned '0': PYTHONPATH=/home/edipo/ros2_orange/build/mpu_pub/prefix_override:/home/edipo/ros2_orange/install/mpu_pub/lib/python3.10/site-packages:${PYTHONPATH} /usr/bin/python3 setup.py egg_info --egg-base ../../build/mpu_pub build --build-base /home/edipo/ros2_orange/build/mpu_pub/build install --record /home/edipo/ros2_orange/build/mpu_pub/install.log --single-version-externally-managed
