[0.033s] Invoking command in '/home/edipo/ros2_orange/build/mpu_pub': /usr/bin/cmake /home/edipo/ros2_orange/src/mpu_pub -DCMAKE_INSTALL_PREFIX=/home/edipo/ros2_orange/install/mpu_pub
[0.039s] -- Found ament_cmake: 1.3.7 (/opt/ros/humble/share/ament_cmake/cmake)
[0.124s] -- Found rosidl_default_generators: 1.2.0 (/opt/ros/humble/share/rosidl_default_generators/cmake)
[0.125s] -- Using all available rosidl_typesupport_c: rosidl_typesupport_fastrtps_c;rosidl_typesupport_introspection_c
[0.126s] -- Found rosidl_adapter: 3.1.5 (/opt/ros/humble/share/rosidl_adapter/cmake)
[0.144s] -- Using all available rosidl_typesupport_cpp: rosidl_typesupport_fastrtps_cpp;rosidl_typesupport_introspection_cpp
[0.255s] [31mCMake Error at /opt/ros/humble/share/rosidl_adapter/cmake/rosidl_adapt_interfaces.cmake:59 (message):
[0.255s]   execute_process(/usr/bin/python3.10 -m rosidl_adapter --package-name
[0.256s]   mpu_pub --arguments-file
[0.256s]   /home/edipo/ros2_orange/build/mpu_pub/rosidl_adapter__arguments__mpu_pub.json
[0.256s]   --output-dir /home/edipo/ros2_orange/build/mpu_pub/rosidl_adapter/mpu_pub
[0.256s]   --output-file
[0.256s]   /home/edipo/ros2_orange/build/mpu_pub/rosidl_adapter/mpu_pub.idls) returned
[0.256s]   error code 1:
[0.256s] 
[0.256s]   Error processing 'int64 acX' of 'mpu_pub/Mpu': ''acX' is an invalid field
[0.256s]   name.  It should have the pattern '^(?!.*__)(?!.*_$)[a-z][a-z0-9_]*$''
[0.256s] 
[0.256s]   Traceback (most recent call last):
[0.256s] 
[0.256s]     File "/usr/lib/python3.10/runpy.py", line 196, in _run_module_as_main
[0.256s]       return _run_code(code, main_globals, None,
[0.256s]     File "/usr/lib/python3.10/runpy.py", line 86, in _run_code
[0.256s]       exec(code, run_globals)
[0.257s]     File "/opt/ros/humble/local/lib/python3.10/dist-packages/rosidl_adapter/__main__.py", line 19, in <module>
[0.257s]       sys.exit(main())
[0.257s]     File "/opt/ros/humble/local/lib/python3.10/dist-packages/rosidl_adapter/main.py", line 53, in main
[0.257s]       abs_idl_file = convert_to_idl(
[0.257s]     File "/opt/ros/humble/local/lib/python3.10/dist-packages/rosidl_adapter/__init__.py", line 19, in convert_to_idl
[0.257s]       return convert_msg_to_idl(
[0.257s]     File "/opt/ros/humble/local/lib/python3.10/dist-packages/rosidl_adapter/msg/__init__.py", line 28, in convert_msg_to_idl
[0.257s]       msg = parse_message_string(package_name, input_file.stem, content)
[0.257s]     File "/opt/ros/humble/local/lib/python3.10/dist-packages/rosidl_adapter/parser.py", line 519, in parse_message_string
[0.257s]       fields.append(Field(
[0.257s]     File "/opt/ros/humble/local/lib/python3.10/dist-packages/rosidl_adapter/parser.py", line 354, in __init__
[0.257s]       raise NameError(
[0.257s] 
[0.257s]   NameError: 'acX' is an invalid field name.  It should have the pattern
[0.257s]   '^(?!.*__)(?!.*_$)[a-z][a-z0-9_]*$'
[0.257s] 
[0.257s] Call Stack (most recent call first):
[0.257s]   /opt/ros/humble/share/rosidl_cmake/cmake/rosidl_generate_interfaces.cmake:130 (rosidl_adapt_interfaces)
[0.258s]   CMakeLists.txt:8 (rosidl_generate_interfaces)
[0.258s] 
[0.258s] [0m
[0.258s] -- Configuring incomplete, errors occurred!
[0.258s] See also "/home/edipo/ros2_orange/build/mpu_pub/CMakeFiles/CMakeOutput.log".
[0.259s] Invoked command in '/home/edipo/ros2_orange/build/mpu_pub' returned '1': /usr/bin/cmake /home/edipo/ros2_orange/src/mpu_pub -DCMAKE_INSTALL_PREFIX=/home/edipo/ros2_orange/install/mpu_pub
