[0.621s] Invoking command in '/home/edipo/ros2_orange/src/mpu_pub': PYTHONPATH=/home/edipo/ros2_orange/build/mpu_pub/prefix_override:/home/edipo/ros2_orange/install/mpu_pub/lib/python3.10/site-packages:${PYTHONPATH} /usr/bin/python3 setup.py egg_info --egg-base ../../build/mpu_pub build --build-base /home/edipo/ros2_orange/build/mpu_pub/build install --record /home/edipo/ros2_orange/build/mpu_pub/install.log --single-version-externally-managed
[0.749s] running egg_info
[0.750s] writing ../../build/mpu_pub/mpu_pub.egg-info/PKG-INFO
[0.750s] writing dependency_links to ../../build/mpu_pub/mpu_pub.egg-info/dependency_links.txt
[0.750s] writing entry points to ../../build/mpu_pub/mpu_pub.egg-info/entry_points.txt
[0.750s] writing requirements to ../../build/mpu_pub/mpu_pub.egg-info/requires.txt
[0.750s] writing top-level names to ../../build/mpu_pub/mpu_pub.egg-info/top_level.txt
[0.751s] reading manifest file '../../build/mpu_pub/mpu_pub.egg-info/SOURCES.txt'
[0.751s] adding license file 'LICENSE'
[0.751s] writing manifest file '../../build/mpu_pub/mpu_pub.egg-info/SOURCES.txt'
[0.752s] running build
[0.752s] running build_py
[0.752s] copying mpu_pub/mpu_publisher.py -> /home/edipo/ros2_orange/build/mpu_pub/build/lib/mpu_pub
[0.752s] copying mpu_pub/mpu_subscriber.py -> /home/edipo/ros2_orange/build/mpu_pub/build/lib/mpu_pub
[0.752s] running install
[0.752s] /usr/lib/python3/dist-packages/setuptools/command/install.py:34: SetuptoolsDeprecationWarning: setup.py install is deprecated. Use build and pip and other standards-based tools.
[0.752s]   warnings.warn(
[0.753s] running install_lib
[0.753s] copying /home/edipo/ros2_orange/build/mpu_pub/build/lib/mpu_pub/mpu_publisher.py -> /home/edipo/ros2_orange/install/mpu_pub/lib/python3.10/site-packages/mpu_pub
[0.753s] copying /home/edipo/ros2_orange/build/mpu_pub/build/lib/mpu_pub/mpu_subscriber.py -> /home/edipo/ros2_orange/install/mpu_pub/lib/python3.10/site-packages/mpu_pub
[0.753s] byte-compiling /home/edipo/ros2_orange/install/mpu_pub/lib/python3.10/site-packages/mpu_pub/mpu_publisher.py to mpu_publisher.cpython-310.pyc
[0.753s] byte-compiling /home/edipo/ros2_orange/install/mpu_pub/lib/python3.10/site-packages/mpu_pub/mpu_subscriber.py to mpu_subscriber.cpython-310.pyc
[0.753s] running install_data
[0.754s] copying package.xml -> /home/edipo/ros2_orange/install/mpu_pub/share/mpu_pub
[0.754s] running install_egg_info
[0.756s] removing '/home/edipo/ros2_orange/install/mpu_pub/lib/python3.10/site-packages/mpu_pub-0.0.0-py3.10.egg-info' (and everything under it)
[0.756s] Copying ../../build/mpu_pub/mpu_pub.egg-info to /home/edipo/ros2_orange/install/mpu_pub/lib/python3.10/site-packages/mpu_pub-0.0.0-py3.10.egg-info
[0.756s] running install_scripts
[0.769s] writing list of installed files to '/home/edipo/ros2_orange/build/mpu_pub/install.log'
[0.815s] Invoked command in '/home/edipo/ros2_orange/src/mpu_pub' returned '0': PYTHONPATH=/home/edipo/ros2_orange/build/mpu_pub/prefix_override:/home/edipo/ros2_orange/install/mpu_pub/lib/python3.10/site-packages:${PYTHONPATH} /usr/bin/python3 setup.py egg_info --egg-base ../../build/mpu_pub build --build-base /home/edipo/ros2_orange/build/mpu_pub/build install --record /home/edipo/ros2_orange/build/mpu_pub/install.log --single-version-externally-managed
