[0.389s] Invoking command in '/home/edipo/ros2_orange/src/mpu_pub': PYTHONPATH=/home/edipo/ros2_orange/build/mpu_pub/prefix_override:/home/edipo/ros2_orange/install/mpu_pub/lib/python3.10/site-packages:${PYTHONPATH} /usr/bin/python3 setup.py egg_info --egg-base ../../build/mpu_pub build --build-base /home/edipo/ros2_orange/build/mpu_pub/build install --record /home/edipo/ros2_orange/build/mpu_pub/install.log --single-version-externally-managed
[0.511s] running egg_info
[0.511s] creating ../../build/mpu_pub/mpu_pub.egg-info
[0.512s] writing ../../build/mpu_pub/mpu_pub.egg-info/PKG-INFO
[0.512s] writing dependency_links to ../../build/mpu_pub/mpu_pub.egg-info/dependency_links.txt
[0.512s] writing entry points to ../../build/mpu_pub/mpu_pub.egg-info/entry_points.txt
[0.512s] writing requirements to ../../build/mpu_pub/mpu_pub.egg-info/requires.txt
[0.512s] writing top-level names to ../../build/mpu_pub/mpu_pub.egg-info/top_level.txt
[0.512s] writing manifest file '../../build/mpu_pub/mpu_pub.egg-info/SOURCES.txt'
[0.513s] reading manifest file '../../build/mpu_pub/mpu_pub.egg-info/SOURCES.txt'
[0.513s] adding license file 'LICENSE'
[0.513s] writing manifest file '../../build/mpu_pub/mpu_pub.egg-info/SOURCES.txt'
[0.513s] running build
[0.513s] running build_py
[0.513s] creating /home/edipo/ros2_orange/build/mpu_pub/build
[0.513s] creating /home/edipo/ros2_orange/build/mpu_pub/build/lib
[0.513s] creating /home/edipo/ros2_orange/build/mpu_pub/build/lib/mpu_pub
[0.514s] copying mpu_pub/__init__.py -> /home/edipo/ros2_orange/build/mpu_pub/build/lib/mpu_pub
[0.514s] copying mpu_pub/mpu_publisher.py -> /home/edipo/ros2_orange/build/mpu_pub/build/lib/mpu_pub
[0.514s] running install
[0.514s] /usr/lib/python3/dist-packages/setuptools/command/install.py:34: SetuptoolsDeprecationWarning: setup.py install is deprecated. Use build and pip and other standards-based tools.
[0.514s]   warnings.warn(
[0.514s] running install_lib
[0.514s] creating /home/edipo/ros2_orange/install/mpu_pub/lib/python3.10/site-packages/mpu_pub
[0.514s] copying /home/edipo/ros2_orange/build/mpu_pub/build/lib/mpu_pub/__init__.py -> /home/edipo/ros2_orange/install/mpu_pub/lib/python3.10/site-packages/mpu_pub
[0.514s] copying /home/edipo/ros2_orange/build/mpu_pub/build/lib/mpu_pub/mpu_publisher.py -> /home/edipo/ros2_orange/install/mpu_pub/lib/python3.10/site-packages/mpu_pub
[0.514s] byte-compiling /home/edipo/ros2_orange/install/mpu_pub/lib/python3.10/site-packages/mpu_pub/__init__.py to __init__.cpython-310.pyc
[0.514s] byte-compiling /home/edipo/ros2_orange/install/mpu_pub/lib/python3.10/site-packages/mpu_pub/mpu_publisher.py to mpu_publisher.cpython-310.pyc
[0.514s] running install_data
[0.515s] creating /home/edipo/ros2_orange/install/mpu_pub/share/ament_index
[0.515s] creating /home/edipo/ros2_orange/install/mpu_pub/share/ament_index/resource_index
[0.515s] creating /home/edipo/ros2_orange/install/mpu_pub/share/ament_index/resource_index/packages
[0.515s] copying resource/mpu_pub -> /home/edipo/ros2_orange/install/mpu_pub/share/ament_index/resource_index/packages
[0.515s] copying package.xml -> /home/edipo/ros2_orange/install/mpu_pub/share/mpu_pub
[0.515s] running install_egg_info
[0.517s] Copying ../../build/mpu_pub/mpu_pub.egg-info to /home/edipo/ros2_orange/install/mpu_pub/lib/python3.10/site-packages/mpu_pub-0.0.0-py3.10.egg-info
[0.517s] running install_scripts
[0.529s] writing list of installed files to '/home/edipo/ros2_orange/build/mpu_pub/install.log'
[0.544s] Invoked command in '/home/edipo/ros2_orange/src/mpu_pub' returned '0': PYTHONPATH=/home/edipo/ros2_orange/build/mpu_pub/prefix_override:/home/edipo/ros2_orange/install/mpu_pub/lib/python3.10/site-packages:${PYTHONPATH} /usr/bin/python3 setup.py egg_info --egg-base ../../build/mpu_pub build --build-base /home/edipo/ros2_orange/build/mpu_pub/build install --record /home/edipo/ros2_orange/build/mpu_pub/install.log --single-version-externally-managed
