[0.465s] Invoking command in '/home/edipo/ros2_orange/src/teleop': PYTHONPATH=/home/edipo/ros2_orange/build/teleop/prefix_override:/home/edipo/ros2_orange/install/teleop/lib/python3.10/site-packages:${PYTHONPATH} /usr/bin/python3 setup.py egg_info --egg-base ../../build/teleop build --build-base /home/edipo/ros2_orange/build/teleop/build install --record /home/edipo/ros2_orange/build/teleop/install.log --single-version-externally-managed
[0.609s] running egg_info
[0.609s] writing ../../build/teleop/teleop.egg-info/PKG-INFO
[0.609s] writing dependency_links to ../../build/teleop/teleop.egg-info/dependency_links.txt
[0.609s] writing entry points to ../../build/teleop/teleop.egg-info/entry_points.txt
[0.609s] writing requirements to ../../build/teleop/teleop.egg-info/requires.txt
[0.609s] writing top-level names to ../../build/teleop/teleop.egg-info/top_level.txt
[0.610s] reading manifest file '../../build/teleop/teleop.egg-info/SOURCES.txt'
[0.611s] writing manifest file '../../build/teleop/teleop.egg-info/SOURCES.txt'
[0.611s] running build
[0.611s] running build_py
[0.611s] running install
[0.611s] running install_lib
[0.612s] running install_data
[0.612s] running install_egg_info
[0.613s] removing '/home/edipo/ros2_orange/install/teleop/lib/python3.10/site-packages/teleop-0.0.0-py3.10.egg-info' (and everything under it)
[0.613s] Copying ../../build/teleop/teleop.egg-info to /home/edipo/ros2_orange/install/teleop/lib/python3.10/site-packages/teleop-0.0.0-py3.10.egg-info
[0.614s] running install_scripts
[0.627s] Installing teleop_Arm script to /home/edipo/ros2_orange/install/teleop/lib/teleop
[0.627s] Installing teleop_Arm_GUI script to /home/edipo/ros2_orange/install/teleop/lib/teleop
[0.627s] Installing teleop_Arm_publisher script to /home/edipo/ros2_orange/install/teleop/lib/teleop
[0.627s] writing list of installed files to '/home/edipo/ros2_orange/build/teleop/install.log'
[0.645s] Invoked command in '/home/edipo/ros2_orange/src/teleop' returned '0': PYTHONPATH=/home/edipo/ros2_orange/build/teleop/prefix_override:/home/edipo/ros2_orange/install/teleop/lib/python3.10/site-packages:${PYTHONPATH} /usr/bin/python3 setup.py egg_info --egg-base ../../build/teleop build --build-base /home/edipo/ros2_orange/build/teleop/build install --record /home/edipo/ros2_orange/build/teleop/install.log --single-version-externally-managed
