[0.482s] DEBUG:colcon:Command line arguments: ['/usr/bin/colcon', 'build']
[0.482s] DEBUG:colcon:Parsed command line arguments: Namespace(log_base=None, log_level=None, verb_name='build', build_base='build', install_base='install', merge_install=False, symlink_install=False, test_result_base=None, continue_on_error=False, executor='parallel', parallel_workers=12, event_handlers=None, ignore_user_meta=False, metas=['./colcon.meta'], base_paths=['.'], packages_ignore=None, packages_ignore_regex=None, paths=None, packages_up_to=None, packages_up_to_regex=None, packages_above=None, packages_above_and_dependencies=None, packages_above_depth=None, packages_select_by_dep=None, packages_skip_by_dep=None, packages_skip_up_to=None, packages_select_build_failed=False, packages_skip_build_finished=False, packages_select_test_failures=False, packages_skip_test_passed=False, packages_select=None, packages_skip=None, packages_select_regex=None, packages_skip_regex=None, packages_start=None, packages_end=None, allow_overriding=[], cmake_args=None, cmake_target=None, cmake_target_skip_unavailable=False, cmake_clean_cache=False, cmake_clean_first=False, cmake_force_configure=False, ament_cmake_args=None, catkin_cmake_args=None, catkin_skip_building_tests=False, verb_parser=<colcon_defaults.argument_parser.defaults.DefaultArgumentsDecorator object at 0x7f4ba1b15960>, verb_extension=<colcon_core.verb.build.BuildVerb object at 0x7f4ba1b17d30>, main=<bound method BuildVerb.main of <colcon_core.verb.build.BuildVerb object at 0x7f4ba1b17d30>>)
[0.506s] Level 1:colcon.colcon_core.package_discovery:discover_packages(colcon_meta) check parameters
[0.506s] Level 1:colcon.colcon_core.package_discovery:discover_packages(recursive) check parameters
[0.506s] Level 1:colcon.colcon_core.package_discovery:discover_packages(ignore) check parameters
[0.506s] Level 1:colcon.colcon_core.package_discovery:discover_packages(path) check parameters
[0.506s] Level 1:colcon.colcon_core.package_discovery:discover_packages(colcon_meta) discover
[0.506s] Level 1:colcon.colcon_core.package_discovery:discover_packages(recursive) discover
[0.506s] INFO:colcon.colcon_core.package_discovery:Crawling recursively for packages in '/home/edipo/ros2_orange'
[0.506s] Level 1:colcon.colcon_core.package_identification:_identify(.) by extensions ['ignore', 'ignore_ament_install']
[0.506s] Level 1:colcon.colcon_core.package_identification:_identify(.) by extension 'ignore'
[0.506s] Level 1:colcon.colcon_core.package_identification:_identify(.) by extension 'ignore_ament_install'
[0.506s] Level 1:colcon.colcon_core.package_identification:_identify(.) by extensions ['colcon_pkg']
[0.506s] Level 1:colcon.colcon_core.package_identification:_identify(.) by extension 'colcon_pkg'
[0.506s] Level 1:colcon.colcon_core.package_identification:_identify(.) by extensions ['colcon_meta']
[0.506s] Level 1:colcon.colcon_core.package_identification:_identify(.) by extension 'colcon_meta'
[0.506s] Level 1:colcon.colcon_core.package_identification:_identify(.) by extensions ['ros']
[0.506s] Level 1:colcon.colcon_core.package_identification:_identify(.) by extension 'ros'
[0.513s] Level 1:colcon.colcon_core.package_identification:_identify(.) by extensions ['cmake', 'python']
[0.513s] Level 1:colcon.colcon_core.package_identification:_identify(.) by extension 'cmake'
[0.513s] Level 1:colcon.colcon_core.package_identification:_identify(.) by extension 'python'
[0.513s] Level 1:colcon.colcon_core.package_identification:_identify(.) by extensions ['python_setup_py']
[0.513s] Level 1:colcon.colcon_core.package_identification:_identify(.) by extension 'python_setup_py'
[0.513s] Level 1:colcon.colcon_core.package_identification:_identify(build) by extensions ['ignore', 'ignore_ament_install']
[0.513s] Level 1:colcon.colcon_core.package_identification:_identify(build) by extension 'ignore'
[0.513s] Level 1:colcon.colcon_core.package_identification:_identify(build) ignored
[0.513s] Level 1:colcon.colcon_core.package_identification:_identify(install) by extensions ['ignore', 'ignore_ament_install']
[0.513s] Level 1:colcon.colcon_core.package_identification:_identify(install) by extension 'ignore'
[0.513s] Level 1:colcon.colcon_core.package_identification:_identify(install) ignored
[0.513s] Level 1:colcon.colcon_core.package_identification:_identify(log) by extensions ['ignore', 'ignore_ament_install']
[0.513s] Level 1:colcon.colcon_core.package_identification:_identify(log) by extension 'ignore'
[0.513s] Level 1:colcon.colcon_core.package_identification:_identify(log) ignored
[0.513s] Level 1:colcon.colcon_core.package_identification:_identify(src) by extensions ['ignore', 'ignore_ament_install']
[0.513s] Level 1:colcon.colcon_core.package_identification:_identify(src) by extension 'ignore'
[0.513s] Level 1:colcon.colcon_core.package_identification:_identify(src) by extension 'ignore_ament_install'
[0.514s] Level 1:colcon.colcon_core.package_identification:_identify(src) by extensions ['colcon_pkg']
[0.514s] Level 1:colcon.colcon_core.package_identification:_identify(src) by extension 'colcon_pkg'
[0.514s] Level 1:colcon.colcon_core.package_identification:_identify(src) by extensions ['colcon_meta']
[0.514s] Level 1:colcon.colcon_core.package_identification:_identify(src) by extension 'colcon_meta'
[0.514s] Level 1:colcon.colcon_core.package_identification:_identify(src) by extensions ['ros']
[0.514s] Level 1:colcon.colcon_core.package_identification:_identify(src) by extension 'ros'
[0.514s] Level 1:colcon.colcon_core.package_identification:_identify(src) by extensions ['cmake', 'python']
[0.514s] Level 1:colcon.colcon_core.package_identification:_identify(src) by extension 'cmake'
[0.514s] Level 1:colcon.colcon_core.package_identification:_identify(src) by extension 'python'
[0.514s] Level 1:colcon.colcon_core.package_identification:_identify(src) by extensions ['python_setup_py']
[0.514s] Level 1:colcon.colcon_core.package_identification:_identify(src) by extension 'python_setup_py'
[0.514s] Level 1:colcon.colcon_core.package_identification:_identify(src/mpu_pub) by extensions ['ignore', 'ignore_ament_install']
[0.514s] Level 1:colcon.colcon_core.package_identification:_identify(src/mpu_pub) by extension 'ignore'
[0.514s] Level 1:colcon.colcon_core.package_identification:_identify(src/mpu_pub) by extension 'ignore_ament_install'
[0.514s] Level 1:colcon.colcon_core.package_identification:_identify(src/mpu_pub) by extensions ['colcon_pkg']
[0.514s] Level 1:colcon.colcon_core.package_identification:_identify(src/mpu_pub) by extension 'colcon_pkg'
[0.514s] Level 1:colcon.colcon_core.package_identification:_identify(src/mpu_pub) by extensions ['colcon_meta']
[0.514s] Level 1:colcon.colcon_core.package_identification:_identify(src/mpu_pub) by extension 'colcon_meta'
[0.514s] Level 1:colcon.colcon_core.package_identification:_identify(src/mpu_pub) by extensions ['ros']
[0.514s] Level 1:colcon.colcon_core.package_identification:_identify(src/mpu_pub) by extension 'ros'
[0.515s] DEBUG:colcon.colcon_core.package_identification:Package 'src/mpu_pub' with type 'ros.ament_python' and name 'mpu_pub'
[0.515s] Level 1:colcon.colcon_core.package_identification:_identify(src/robot_interfaces) by extensions ['ignore', 'ignore_ament_install']
[0.516s] Level 1:colcon.colcon_core.package_identification:_identify(src/robot_interfaces) by extension 'ignore'
[0.516s] Level 1:colcon.colcon_core.package_identification:_identify(src/robot_interfaces) by extension 'ignore_ament_install'
[0.516s] Level 1:colcon.colcon_core.package_identification:_identify(src/robot_interfaces) by extensions ['colcon_pkg']
[0.516s] Level 1:colcon.colcon_core.package_identification:_identify(src/robot_interfaces) by extension 'colcon_pkg'
[0.516s] Level 1:colcon.colcon_core.package_identification:_identify(src/robot_interfaces) by extensions ['colcon_meta']
[0.516s] Level 1:colcon.colcon_core.package_identification:_identify(src/robot_interfaces) by extension 'colcon_meta'
[0.516s] Level 1:colcon.colcon_core.package_identification:_identify(src/robot_interfaces) by extensions ['ros']
[0.516s] Level 1:colcon.colcon_core.package_identification:_identify(src/robot_interfaces) by extension 'ros'
[0.516s] DEBUG:colcon.colcon_core.package_identification:Package 'src/robot_interfaces' with type 'ros.ament_cmake' and name 'robot_interfaces'
[0.516s] Level 1:colcon.colcon_core.package_identification:_identify(src/teleop) by extensions ['ignore', 'ignore_ament_install']
[0.516s] Level 1:colcon.colcon_core.package_identification:_identify(src/teleop) by extension 'ignore'
[0.516s] Level 1:colcon.colcon_core.package_identification:_identify(src/teleop) by extension 'ignore_ament_install'
[0.516s] Level 1:colcon.colcon_core.package_identification:_identify(src/teleop) by extensions ['colcon_pkg']
[0.516s] Level 1:colcon.colcon_core.package_identification:_identify(src/teleop) by extension 'colcon_pkg'
[0.516s] Level 1:colcon.colcon_core.package_identification:_identify(src/teleop) by extensions ['colcon_meta']
[0.516s] Level 1:colcon.colcon_core.package_identification:_identify(src/teleop) by extension 'colcon_meta'
[0.516s] Level 1:colcon.colcon_core.package_identification:_identify(src/teleop) by extensions ['ros']
[0.516s] Level 1:colcon.colcon_core.package_identification:_identify(src/teleop) by extension 'ros'
[0.516s] DEBUG:colcon.colcon_core.package_identification:Package 'src/teleop' with type 'ros.ament_python' and name 'teleop'
[0.516s] Level 1:colcon.colcon_core.package_discovery:discover_packages(recursive) using defaults
[0.516s] Level 1:colcon.colcon_core.package_discovery:discover_packages(ignore) discover
[0.516s] Level 1:colcon.colcon_core.package_discovery:discover_packages(ignore) using defaults
[0.516s] Level 1:colcon.colcon_core.package_discovery:discover_packages(path) discover
[0.516s] Level 1:colcon.colcon_core.package_discovery:discover_packages(path) using defaults
[0.562s] Level 1:colcon.colcon_core.package_discovery:discover_packages(prefix_path) check parameters
[0.562s] Level 1:colcon.colcon_core.package_discovery:discover_packages(prefix_path) discover
[0.569s] WARNING:colcon.colcon_core.prefix_path.colcon:The path '/home/edipo/ros2_orange/src/install' in the environment variable COLCON_PREFIX_PATH doesn't exist
[0.569s] WARNING:colcon.colcon_ros.prefix_path.ament:The path '/home/edipo/ros2_orange/src/install/teleop' in the environment variable AMENT_PREFIX_PATH doesn't exist
[0.569s] WARNING:colcon.colcon_ros.prefix_path.ament:The path '/home/edipo/ros2_orange/src/install/mpu_pub' in the environment variable AMENT_PREFIX_PATH doesn't exist
[0.569s] WARNING:colcon.colcon_ros.prefix_path.ament:The path '/home/edipo/ros2_orange/src/install/robot_interfaces' in the environment variable AMENT_PREFIX_PATH doesn't exist
[0.570s] WARNING:colcon.colcon_ros.prefix_path.catkin:The path '/home/edipo/ros2_orange/src/install/robot_interfaces' in the environment variable CMAKE_PREFIX_PATH doesn't exist
[0.577s] DEBUG:colcon.colcon_installed_package_information.package_discovery:Found 3 installed packages in /home/edipo/ros2_orange/install
[0.591s] DEBUG:colcon.colcon_installed_package_information.package_discovery:Found 384 installed packages in /opt/ros/humble
[0.592s] Level 1:colcon.colcon_core.package_discovery:discover_packages(prefix_path) using defaults
[0.645s] Level 5:colcon.colcon_core.verb:set package 'robot_interfaces' build argument 'cmake_args' from command line to 'None'
[0.645s] Level 5:colcon.colcon_core.verb:set package 'robot_interfaces' build argument 'cmake_target' from command line to 'None'
[0.645s] Level 5:colcon.colcon_core.verb:set package 'robot_interfaces' build argument 'cmake_target_skip_unavailable' from command line to 'False'
[0.645s] Level 5:colcon.colcon_core.verb:set package 'robot_interfaces' build argument 'cmake_clean_cache' from command line to 'False'
[0.645s] Level 5:colcon.colcon_core.verb:set package 'robot_interfaces' build argument 'cmake_clean_first' from command line to 'False'
[0.645s] Level 5:colcon.colcon_core.verb:set package 'robot_interfaces' build argument 'cmake_force_configure' from command line to 'False'
[0.645s] Level 5:colcon.colcon_core.verb:set package 'robot_interfaces' build argument 'ament_cmake_args' from command line to 'None'
[0.645s] Level 5:colcon.colcon_core.verb:set package 'robot_interfaces' build argument 'catkin_cmake_args' from command line to 'None'
[0.645s] Level 5:colcon.colcon_core.verb:set package 'robot_interfaces' build argument 'catkin_skip_building_tests' from command line to 'False'
[0.645s] DEBUG:colcon.colcon_core.verb:Building package 'robot_interfaces' with the following arguments: {'ament_cmake_args': None, 'build_base': '/home/edipo/ros2_orange/build/robot_interfaces', 'catkin_cmake_args': None, 'catkin_skip_building_tests': False, 'cmake_args': None, 'cmake_clean_cache': False, 'cmake_clean_first': False, 'cmake_force_configure': False, 'cmake_target': None, 'cmake_target_skip_unavailable': False, 'install_base': '/home/edipo/ros2_orange/install/robot_interfaces', 'merge_install': False, 'path': '/home/edipo/ros2_orange/src/robot_interfaces', 'symlink_install': False, 'test_result_base': None}
[0.652s] Level 5:colcon.colcon_core.verb:set package 'teleop' build argument 'cmake_args' from command line to 'None'
[0.652s] Level 5:colcon.colcon_core.verb:set package 'teleop' build argument 'cmake_target' from command line to 'None'
[0.652s] Level 5:colcon.colcon_core.verb:set package 'teleop' build argument 'cmake_target_skip_unavailable' from command line to 'False'
[0.652s] Level 5:colcon.colcon_core.verb:set package 'teleop' build argument 'cmake_clean_cache' from command line to 'False'
[0.652s] Level 5:colcon.colcon_core.verb:set package 'teleop' build argument 'cmake_clean_first' from command line to 'False'
[0.652s] Level 5:colcon.colcon_core.verb:set package 'teleop' build argument 'cmake_force_configure' from command line to 'False'
[0.652s] Level 5:colcon.colcon_core.verb:set package 'teleop' build argument 'ament_cmake_args' from command line to 'None'
[0.652s] Level 5:colcon.colcon_core.verb:set package 'teleop' build argument 'catkin_cmake_args' from command line to 'None'
[0.653s] Level 5:colcon.colcon_core.verb:set package 'teleop' build argument 'catkin_skip_building_tests' from command line to 'False'
[0.653s] DEBUG:colcon.colcon_core.verb:Building package 'teleop' with the following arguments: {'ament_cmake_args': None, 'build_base': '/home/edipo/ros2_orange/build/teleop', 'catkin_cmake_args': None, 'catkin_skip_building_tests': False, 'cmake_args': None, 'cmake_clean_cache': False, 'cmake_clean_first': False, 'cmake_force_configure': False, 'cmake_target': None, 'cmake_target_skip_unavailable': False, 'install_base': '/home/edipo/ros2_orange/install/teleop', 'merge_install': False, 'path': '/home/edipo/ros2_orange/src/teleop', 'symlink_install': False, 'test_result_base': None}
[0.660s] Level 5:colcon.colcon_core.verb:set package 'mpu_pub' build argument 'cmake_args' from command line to 'None'
[0.660s] Level 5:colcon.colcon_core.verb:set package 'mpu_pub' build argument 'cmake_target' from command line to 'None'
[0.660s] Level 5:colcon.colcon_core.verb:set package 'mpu_pub' build argument 'cmake_target_skip_unavailable' from command line to 'False'
[0.660s] Level 5:colcon.colcon_core.verb:set package 'mpu_pub' build argument 'cmake_clean_cache' from command line to 'False'
[0.660s] Level 5:colcon.colcon_core.verb:set package 'mpu_pub' build argument 'cmake_clean_first' from command line to 'False'
[0.660s] Level 5:colcon.colcon_core.verb:set package 'mpu_pub' build argument 'cmake_force_configure' from command line to 'False'
[0.660s] Level 5:colcon.colcon_core.verb:set package 'mpu_pub' build argument 'ament_cmake_args' from command line to 'None'
[0.660s] Level 5:colcon.colcon_core.verb:set package 'mpu_pub' build argument 'catkin_cmake_args' from command line to 'None'
[0.660s] Level 5:colcon.colcon_core.verb:set package 'mpu_pub' build argument 'catkin_skip_building_tests' from command line to 'False'
[0.660s] DEBUG:colcon.colcon_core.verb:Building package 'mpu_pub' with the following arguments: {'ament_cmake_args': None, 'build_base': '/home/edipo/ros2_orange/build/mpu_pub', 'catkin_cmake_args': None, 'catkin_skip_building_tests': False, 'cmake_args': None, 'cmake_clean_cache': False, 'cmake_clean_first': False, 'cmake_force_configure': False, 'cmake_target': None, 'cmake_target_skip_unavailable': False, 'install_base': '/home/edipo/ros2_orange/install/mpu_pub', 'merge_install': False, 'path': '/home/edipo/ros2_orange/src/mpu_pub', 'symlink_install': False, 'test_result_base': None}
[0.666s] INFO:colcon.colcon_core.executor:Executing jobs using 'parallel' executor
[0.674s] DEBUG:colcon.colcon_parallel_executor.executor.parallel:run_until_complete
[0.674s] INFO:colcon.colcon_ros.task.ament_cmake.build:Building ROS package in '/home/edipo/ros2_orange/src/robot_interfaces' with build type 'ament_cmake'
[0.674s] INFO:colcon.colcon_cmake.task.cmake.build:Building CMake package in '/home/edipo/ros2_orange/src/robot_interfaces'
[0.682s] INFO:colcon.colcon_core.plugin_system:Skipping extension 'colcon_core.shell.bat': Not used on non-Windows systems
[0.682s] INFO:colcon.colcon_core.shell:Skip shell extension 'powershell' for command environment: Not usable outside of PowerShell
[0.682s] DEBUG:colcon.colcon_core.shell:Skip shell extension 'dsv' for command environment
[0.707s] INFO:colcon.colcon_ros.task.ament_python.build:Building ROS package in '/home/edipo/ros2_orange/src/teleop' with build type 'ament_python'
[0.707s] Level 1:colcon.colcon_core.shell:create_environment_hook('teleop', 'ament_prefix_path')
[0.716s] INFO:colcon.colcon_core.shell:Creating environment hook '/home/edipo/ros2_orange/install/teleop/share/teleop/hook/ament_prefix_path.ps1'
[0.716s] INFO:colcon.colcon_core.shell:Creating environment descriptor '/home/edipo/ros2_orange/install/teleop/share/teleop/hook/ament_prefix_path.dsv'
[0.716s] INFO:colcon.colcon_core.shell:Creating environment hook '/home/edipo/ros2_orange/install/teleop/share/teleop/hook/ament_prefix_path.sh'
[0.724s] INFO:colcon.colcon_core.shell:Skip shell extension 'powershell' for command environment: Not usable outside of PowerShell
[0.724s] DEBUG:colcon.colcon_core.shell:Skip shell extension 'dsv' for command environment
[0.751s] DEBUG:colcon.colcon_core.event_handler.log_command:Invoking command in '/home/edipo/ros2_orange/build/robot_interfaces': CMAKE_PREFIX_PATH=${CMAKE_PREFIX_PATH}:/home/edipo/ros2_orange/src/install/teleop:/home/edipo/ros2_orange/src/install/mpu_pub:/home/edipo/ros2_orange/install/teleop:/home/edipo/ros2_orange/install/mpu_pub:/opt/ros/humble /usr/bin/cmake --build /home/edipo/ros2_orange/build/robot_interfaces -- -j12 -l12
[0.936s] INFO:colcon.colcon_core.task.python.build:Building Python package in '/home/edipo/ros2_orange/src/teleop'
[0.945s] INFO:colcon.colcon_core.shell:Skip shell extension 'powershell' for command environment: Not usable outside of PowerShell
[0.945s] DEBUG:colcon.colcon_core.shell:Skip shell extension 'dsv' for command environment
[1.004s] DEBUG:colcon.colcon_core.event_handler.log_command:Invoked command in '/home/edipo/ros2_orange/build/robot_interfaces' returned '0': CMAKE_PREFIX_PATH=${CMAKE_PREFIX_PATH}:/home/edipo/ros2_orange/src/install/teleop:/home/edipo/ros2_orange/src/install/mpu_pub:/home/edipo/ros2_orange/install/teleop:/home/edipo/ros2_orange/install/mpu_pub:/opt/ros/humble /usr/bin/cmake --build /home/edipo/ros2_orange/build/robot_interfaces -- -j12 -l12
[1.045s] DEBUG:colcon.colcon_core.event_handler.log_command:Invoking command in '/home/edipo/ros2_orange/build/robot_interfaces': CMAKE_PREFIX_PATH=${CMAKE_PREFIX_PATH}:/home/edipo/ros2_orange/src/install/teleop:/home/edipo/ros2_orange/src/install/mpu_pub:/home/edipo/ros2_orange/install/teleop:/home/edipo/ros2_orange/install/mpu_pub:/opt/ros/humble /usr/bin/cmake --install /home/edipo/ros2_orange/build/robot_interfaces
[1.082s] Level 1:colcon.colcon_core.environment:create_environment_scripts_only(robot_interfaces)
[1.082s] DEBUG:colcon.colcon_core.event_handler.log_command:Invoked command in '/home/edipo/ros2_orange/build/robot_interfaces' returned '0': CMAKE_PREFIX_PATH=${CMAKE_PREFIX_PATH}:/home/edipo/ros2_orange/src/install/teleop:/home/edipo/ros2_orange/src/install/mpu_pub:/home/edipo/ros2_orange/install/teleop:/home/edipo/ros2_orange/install/mpu_pub:/opt/ros/humble /usr/bin/cmake --install /home/edipo/ros2_orange/build/robot_interfaces
[1.092s] Level 1:colcon.colcon_core.environment:checking '/home/edipo/ros2_orange/install/robot_interfaces' for CMake module files
[1.093s] Level 1:colcon.colcon_core.environment:checking '/home/edipo/ros2_orange/install/robot_interfaces' for CMake config files
[1.093s] Level 1:colcon.colcon_core.shell:create_environment_hook('robot_interfaces', 'cmake_prefix_path')
[1.102s] INFO:colcon.colcon_core.shell:Creating environment hook '/home/edipo/ros2_orange/install/robot_interfaces/share/robot_interfaces/hook/cmake_prefix_path.ps1'
[1.102s] INFO:colcon.colcon_core.shell:Creating environment descriptor '/home/edipo/ros2_orange/install/robot_interfaces/share/robot_interfaces/hook/cmake_prefix_path.dsv'
[1.102s] INFO:colcon.colcon_core.shell:Creating environment hook '/home/edipo/ros2_orange/install/robot_interfaces/share/robot_interfaces/hook/cmake_prefix_path.sh'
[1.102s] Level 1:colcon.colcon_core.environment:checking '/home/edipo/ros2_orange/install/robot_interfaces/lib'
[1.103s] Level 1:colcon.colcon_core.shell:create_environment_hook('robot_interfaces', 'ld_library_path_lib')
[1.111s] INFO:colcon.colcon_core.shell:Creating environment hook '/home/edipo/ros2_orange/install/robot_interfaces/share/robot_interfaces/hook/ld_library_path_lib.ps1'
[1.111s] INFO:colcon.colcon_core.shell:Creating environment descriptor '/home/edipo/ros2_orange/install/robot_interfaces/share/robot_interfaces/hook/ld_library_path_lib.dsv'
[1.111s] INFO:colcon.colcon_core.shell:Creating environment hook '/home/edipo/ros2_orange/install/robot_interfaces/share/robot_interfaces/hook/ld_library_path_lib.sh'
[1.112s] Level 1:colcon.colcon_core.environment:checking '/home/edipo/ros2_orange/install/robot_interfaces/bin'
[1.112s] Level 1:colcon.colcon_core.environment:checking '/home/edipo/ros2_orange/install/robot_interfaces/lib/pkgconfig/robot_interfaces.pc'
[1.112s] Level 1:colcon.colcon_core.environment:checking '/home/edipo/ros2_orange/install/robot_interfaces/lib/python3.10/site-packages'
[1.112s] Level 1:colcon.colcon_core.environment:checking '/home/edipo/ros2_orange/install/robot_interfaces/bin'
[1.120s] INFO:colcon.colcon_core.shell:Creating package script '/home/edipo/ros2_orange/install/robot_interfaces/share/robot_interfaces/package.ps1'
[1.120s] INFO:colcon.colcon_core.shell:Creating package descriptor '/home/edipo/ros2_orange/install/robot_interfaces/share/robot_interfaces/package.dsv'
[1.121s] INFO:colcon.colcon_core.shell:Creating package script '/home/edipo/ros2_orange/install/robot_interfaces/share/robot_interfaces/package.sh'
[1.121s] INFO:colcon.colcon_core.shell:Creating package script '/home/edipo/ros2_orange/install/robot_interfaces/share/robot_interfaces/package.bash'
[1.122s] INFO:colcon.colcon_core.shell:Creating package script '/home/edipo/ros2_orange/install/robot_interfaces/share/robot_interfaces/package.zsh'
[1.122s] Level 1:colcon.colcon_core.environment:create_file_with_runtime_dependencies(/home/edipo/ros2_orange/install/robot_interfaces/share/colcon-core/packages/robot_interfaces)
[1.164s] Level 1:colcon.colcon_core.environment:create_environment_scripts_only(robot_interfaces)
[1.172s] Level 1:colcon.colcon_core.environment:checking '/home/edipo/ros2_orange/install/robot_interfaces' for CMake module files
[1.172s] Level 1:colcon.colcon_core.environment:checking '/home/edipo/ros2_orange/install/robot_interfaces' for CMake config files
[1.172s] Level 1:colcon.colcon_core.shell:create_environment_hook('robot_interfaces', 'cmake_prefix_path')
[1.181s] INFO:colcon.colcon_core.shell:Creating environment hook '/home/edipo/ros2_orange/install/robot_interfaces/share/robot_interfaces/hook/cmake_prefix_path.ps1'
[1.181s] INFO:colcon.colcon_core.shell:Creating environment descriptor '/home/edipo/ros2_orange/install/robot_interfaces/share/robot_interfaces/hook/cmake_prefix_path.dsv'
[1.181s] INFO:colcon.colcon_core.shell:Creating environment hook '/home/edipo/ros2_orange/install/robot_interfaces/share/robot_interfaces/hook/cmake_prefix_path.sh'
[1.182s] Level 1:colcon.colcon_core.environment:checking '/home/edipo/ros2_orange/install/robot_interfaces/lib'
[1.182s] Level 1:colcon.colcon_core.shell:create_environment_hook('robot_interfaces', 'ld_library_path_lib')
[1.190s] INFO:colcon.colcon_core.shell:Creating environment hook '/home/edipo/ros2_orange/install/robot_interfaces/share/robot_interfaces/hook/ld_library_path_lib.ps1'
[1.190s] INFO:colcon.colcon_core.shell:Creating environment descriptor '/home/edipo/ros2_orange/install/robot_interfaces/share/robot_interfaces/hook/ld_library_path_lib.dsv'
[1.191s] INFO:colcon.colcon_core.shell:Creating environment hook '/home/edipo/ros2_orange/install/robot_interfaces/share/robot_interfaces/hook/ld_library_path_lib.sh'
[1.191s] Level 1:colcon.colcon_core.environment:checking '/home/edipo/ros2_orange/install/robot_interfaces/bin'
[1.191s] Level 1:colcon.colcon_core.environment:checking '/home/edipo/ros2_orange/install/robot_interfaces/lib/pkgconfig/robot_interfaces.pc'
[1.191s] Level 1:colcon.colcon_core.environment:checking '/home/edipo/ros2_orange/install/robot_interfaces/lib/python3.10/site-packages'
[1.191s] Level 1:colcon.colcon_core.environment:checking '/home/edipo/ros2_orange/install/robot_interfaces/bin'
[1.199s] INFO:colcon.colcon_core.shell:Creating package script '/home/edipo/ros2_orange/install/robot_interfaces/share/robot_interfaces/package.ps1'
[1.200s] INFO:colcon.colcon_core.shell:Creating package descriptor '/home/edipo/ros2_orange/install/robot_interfaces/share/robot_interfaces/package.dsv'
[1.200s] INFO:colcon.colcon_core.shell:Creating package script '/home/edipo/ros2_orange/install/robot_interfaces/share/robot_interfaces/package.sh'
[1.200s] INFO:colcon.colcon_core.shell:Creating package script '/home/edipo/ros2_orange/install/robot_interfaces/share/robot_interfaces/package.bash'
[1.200s] INFO:colcon.colcon_core.shell:Creating package script '/home/edipo/ros2_orange/install/robot_interfaces/share/robot_interfaces/package.zsh'
[1.201s] Level 1:colcon.colcon_core.environment:create_file_with_runtime_dependencies(/home/edipo/ros2_orange/install/robot_interfaces/share/colcon-core/packages/robot_interfaces)
[1.201s] INFO:colcon.colcon_ros.task.ament_python.build:Building ROS package in '/home/edipo/ros2_orange/src/mpu_pub' with build type 'ament_python'
[1.201s] Level 1:colcon.colcon_core.shell:create_environment_hook('mpu_pub', 'ament_prefix_path')
[1.210s] INFO:colcon.colcon_core.shell:Creating environment hook '/home/edipo/ros2_orange/install/mpu_pub/share/mpu_pub/hook/ament_prefix_path.ps1'
[1.210s] INFO:colcon.colcon_core.shell:Creating environment descriptor '/home/edipo/ros2_orange/install/mpu_pub/share/mpu_pub/hook/ament_prefix_path.dsv'
[1.210s] INFO:colcon.colcon_core.shell:Creating environment hook '/home/edipo/ros2_orange/install/mpu_pub/share/mpu_pub/hook/ament_prefix_path.sh'
[1.218s] INFO:colcon.colcon_core.shell:Skip shell extension 'powershell' for command environment: Not usable outside of PowerShell
[1.218s] DEBUG:colcon.colcon_core.shell:Skip shell extension 'dsv' for command environment
[1.245s] DEBUG:colcon.colcon_core.event_handler.log_command:Invoking command in '/home/edipo/ros2_orange/src/teleop': PYTHONPATH=/home/edipo/ros2_orange/build/teleop/prefix_override:/home/edipo/ros2_orange/install/teleop/lib/python3.10/site-packages:${PYTHONPATH} /usr/bin/python3 setup.py egg_info --egg-base ../../build/teleop build --build-base /home/edipo/ros2_orange/build/teleop/build install --record /home/edipo/ros2_orange/build/teleop/install.log --single-version-externally-managed
[1.400s] INFO:colcon.colcon_core.task.python.build:Building Python package in '/home/edipo/ros2_orange/src/mpu_pub'
[1.411s] INFO:colcon.colcon_core.shell:Skip shell extension 'powershell' for command environment: Not usable outside of PowerShell
[1.411s] DEBUG:colcon.colcon_core.shell:Skip shell extension 'dsv' for command environment
[1.437s] DEBUG:colcon.colcon_core.event_handler.log_command:Invoked command in '/home/edipo/ros2_orange/src/teleop' returned '0': PYTHONPATH=/home/edipo/ros2_orange/build/teleop/prefix_override:/home/edipo/ros2_orange/install/teleop/lib/python3.10/site-packages:${PYTHONPATH} /usr/bin/python3 setup.py egg_info --egg-base ../../build/teleop build --build-base /home/edipo/ros2_orange/build/teleop/build install --record /home/edipo/ros2_orange/build/teleop/install.log --single-version-externally-managed
[1.444s] Level 1:colcon.colcon_core.environment:checking '/home/edipo/ros2_orange/install/teleop' for CMake module files
[1.444s] Level 1:colcon.colcon_core.environment:checking '/home/edipo/ros2_orange/install/teleop' for CMake config files
[1.445s] Level 1:colcon.colcon_core.environment:checking '/home/edipo/ros2_orange/install/teleop/lib'
[1.445s] Level 1:colcon.colcon_core.environment:checking '/home/edipo/ros2_orange/install/teleop/bin'
[1.445s] Level 1:colcon.colcon_core.environment:checking '/home/edipo/ros2_orange/install/teleop/lib/pkgconfig/teleop.pc'
[1.445s] Level 1:colcon.colcon_core.environment:checking '/home/edipo/ros2_orange/install/teleop/lib/python3.10/site-packages'
[1.445s] Level 1:colcon.colcon_core.shell:create_environment_hook('teleop', 'pythonpath')
[1.452s] INFO:colcon.colcon_core.shell:Creating environment hook '/home/edipo/ros2_orange/install/teleop/share/teleop/hook/pythonpath.ps1'
[1.452s] INFO:colcon.colcon_core.shell:Creating environment descriptor '/home/edipo/ros2_orange/install/teleop/share/teleop/hook/pythonpath.dsv'
[1.452s] INFO:colcon.colcon_core.shell:Creating environment hook '/home/edipo/ros2_orange/install/teleop/share/teleop/hook/pythonpath.sh'
[1.452s] Level 1:colcon.colcon_core.environment:checking '/home/edipo/ros2_orange/install/teleop/bin'
[1.453s] Level 1:colcon.colcon_core.environment:create_environment_scripts_only(teleop)
[1.460s] INFO:colcon.colcon_core.shell:Creating package script '/home/edipo/ros2_orange/install/teleop/share/teleop/package.ps1'
[1.460s] INFO:colcon.colcon_core.shell:Creating package descriptor '/home/edipo/ros2_orange/install/teleop/share/teleop/package.dsv'
[1.460s] INFO:colcon.colcon_core.shell:Creating package script '/home/edipo/ros2_orange/install/teleop/share/teleop/package.sh'
[1.460s] INFO:colcon.colcon_core.shell:Creating package script '/home/edipo/ros2_orange/install/teleop/share/teleop/package.bash'
[1.460s] INFO:colcon.colcon_core.shell:Creating package script '/home/edipo/ros2_orange/install/teleop/share/teleop/package.zsh'
[1.461s] Level 1:colcon.colcon_core.environment:create_file_with_runtime_dependencies(/home/edipo/ros2_orange/install/teleop/share/colcon-core/packages/teleop)
[1.677s] DEBUG:colcon.colcon_core.event_handler.log_command:Invoking command in '/home/edipo/ros2_orange/src/mpu_pub': PYTHONPATH=/home/edipo/ros2_orange/build/mpu_pub/prefix_override:/home/edipo/ros2_orange/install/mpu_pub/lib/python3.10/site-packages:${PYTHONPATH} /usr/bin/python3 setup.py egg_info --egg-base ../../build/mpu_pub build --build-base /home/edipo/ros2_orange/build/mpu_pub/build install --record /home/edipo/ros2_orange/build/mpu_pub/install.log --single-version-externally-managed
[1.847s] DEBUG:colcon.colcon_core.event_handler.log_command:Invoked command in '/home/edipo/ros2_orange/src/mpu_pub' returned '0': PYTHONPATH=/home/edipo/ros2_orange/build/mpu_pub/prefix_override:/home/edipo/ros2_orange/install/mpu_pub/lib/python3.10/site-packages:${PYTHONPATH} /usr/bin/python3 setup.py egg_info --egg-base ../../build/mpu_pub build --build-base /home/edipo/ros2_orange/build/mpu_pub/build install --record /home/edipo/ros2_orange/build/mpu_pub/install.log --single-version-externally-managed
[1.855s] Level 1:colcon.colcon_core.environment:checking '/home/edipo/ros2_orange/install/mpu_pub' for CMake module files
[1.855s] Level 1:colcon.colcon_core.environment:checking '/home/edipo/ros2_orange/install/mpu_pub' for CMake config files
[1.855s] Level 1:colcon.colcon_core.environment:checking '/home/edipo/ros2_orange/install/mpu_pub/lib'
[1.855s] Level 1:colcon.colcon_core.environment:checking '/home/edipo/ros2_orange/install/mpu_pub/bin'
[1.855s] Level 1:colcon.colcon_core.environment:checking '/home/edipo/ros2_orange/install/mpu_pub/lib/pkgconfig/mpu_pub.pc'
[1.855s] Level 1:colcon.colcon_core.environment:checking '/home/edipo/ros2_orange/install/mpu_pub/lib/python3.10/site-packages'
[1.855s] Level 1:colcon.colcon_core.shell:create_environment_hook('mpu_pub', 'pythonpath')
[1.863s] INFO:colcon.colcon_core.shell:Creating environment hook '/home/edipo/ros2_orange/install/mpu_pub/share/mpu_pub/hook/pythonpath.ps1'
[1.863s] INFO:colcon.colcon_core.shell:Creating environment descriptor '/home/edipo/ros2_orange/install/mpu_pub/share/mpu_pub/hook/pythonpath.dsv'
[1.863s] INFO:colcon.colcon_core.shell:Creating environment hook '/home/edipo/ros2_orange/install/mpu_pub/share/mpu_pub/hook/pythonpath.sh'
[1.864s] Level 1:colcon.colcon_core.environment:checking '/home/edipo/ros2_orange/install/mpu_pub/bin'
[1.864s] Level 1:colcon.colcon_core.environment:create_environment_scripts_only(mpu_pub)
[1.871s] INFO:colcon.colcon_core.shell:Creating package script '/home/edipo/ros2_orange/install/mpu_pub/share/mpu_pub/package.ps1'
[1.871s] INFO:colcon.colcon_core.shell:Creating package descriptor '/home/edipo/ros2_orange/install/mpu_pub/share/mpu_pub/package.dsv'
[1.871s] INFO:colcon.colcon_core.shell:Creating package script '/home/edipo/ros2_orange/install/mpu_pub/share/mpu_pub/package.sh'
[1.871s] INFO:colcon.colcon_core.shell:Creating package script '/home/edipo/ros2_orange/install/mpu_pub/share/mpu_pub/package.bash'
[1.872s] INFO:colcon.colcon_core.shell:Creating package script '/home/edipo/ros2_orange/install/mpu_pub/share/mpu_pub/package.zsh'
[1.872s] Level 1:colcon.colcon_core.environment:create_file_with_runtime_dependencies(/home/edipo/ros2_orange/install/mpu_pub/share/colcon-core/packages/mpu_pub)
[1.872s] DEBUG:colcon.colcon_parallel_executor.executor.parallel:closing loop
[1.872s] DEBUG:colcon.colcon_parallel_executor.executor.parallel:loop closed
[1.872s] DEBUG:colcon.colcon_parallel_executor.executor.parallel:run_until_complete finished with '0'
[1.872s] DEBUG:colcon.colcon_core.event_reactor:joining thread
[1.885s] INFO:colcon.colcon_core.plugin_system:Skipping extension 'colcon_notification.desktop_notification.terminal_notifier': Not used on non-Darwin systems
[1.885s] INFO:colcon.colcon_core.plugin_system:Skipping extension 'colcon_notification.desktop_notification.win32': Not used on non-Windows systems
[1.885s] INFO:colcon.colcon_notification.desktop_notification:Sending desktop notification using 'notify2'
[1.893s] DEBUG:colcon.colcon_core.event_reactor:joined thread
[1.901s] INFO:colcon.colcon_core.shell:Creating prefix script '/home/edipo/ros2_orange/install/local_setup.ps1'
[1.901s] INFO:colcon.colcon_core.shell:Creating prefix util module '/home/edipo/ros2_orange/install/_local_setup_util_ps1.py'
[1.902s] INFO:colcon.colcon_core.shell:Creating prefix chain script '/home/edipo/ros2_orange/install/setup.ps1'
[1.910s] INFO:colcon.colcon_core.shell:Creating prefix script '/home/edipo/ros2_orange/install/local_setup.sh'
[1.910s] INFO:colcon.colcon_core.shell:Creating prefix util module '/home/edipo/ros2_orange/install/_local_setup_util_sh.py'
[1.910s] INFO:colcon.colcon_core.shell:Creating prefix chain script '/home/edipo/ros2_orange/install/setup.sh'
[1.918s] INFO:colcon.colcon_core.shell:Creating prefix script '/home/edipo/ros2_orange/install/local_setup.bash'
[1.918s] INFO:colcon.colcon_core.shell:Creating prefix chain script '/home/edipo/ros2_orange/install/setup.bash'
[1.926s] INFO:colcon.colcon_core.shell:Creating prefix script '/home/edipo/ros2_orange/install/local_setup.zsh'
[1.926s] INFO:colcon.colcon_core.shell:Creating prefix chain script '/home/edipo/ros2_orange/install/setup.zsh'
