[0.071s] Invoking command in '/home/edipo/ros2_orange/build/robot_interfaces': CMAKE_PREFIX_PATH=${CMAKE_PREFIX_PATH}:/home/edipo/ros2_orange/src/install/teleop:/home/edipo/ros2_orange/src/install/mpu_pub:/home/edipo/ros2_orange/install/teleop:/home/edipo/ros2_orange/install/mpu_pub:/opt/ros/humble /usr/bin/cmake /home/edipo/ros2_orange/src/robot_interfaces -DCMAKE_INSTALL_PREFIX=/home/edipo/ros2_orange/install/robot_interfaces
[0.103s] -- The C compiler identification is GNU 11.4.0
[0.136s] -- The CXX compiler identification is GNU 11.4.0
[0.140s] -- Detecting C compiler ABI info
[0.181s] -- Detecting C compiler ABI info - done
[0.185s] -- Check for working C compiler: /usr/bin/cc - skipped
[0.185s] -- Detecting C compile features
[0.186s] -- Detecting C compile features - done
[0.188s] -- Detecting CXX compiler ABI info
[0.236s] -- Detecting CXX compiler ABI info - done
[0.242s] -- Check for working CXX compiler: /usr/bin/c++ - skipped
[0.243s] -- Detecting CXX compile features
[0.243s] -- Detecting CXX compile features - done
[0.245s] -- Found ament_cmake: 1.3.7 (/opt/ros/humble/share/ament_cmake/cmake)
[0.354s] -- Found Python3: /usr/bin/python3.10 (found version "3.10.12") found components: Interpreter 
[0.409s] -- Found rosidl_default_generators: 1.2.0 (/opt/ros/humble/share/rosidl_default_generators/cmake)
[0.411s] -- Using all available rosidl_typesupport_c: rosidl_typesupport_fastrtps_c;rosidl_typesupport_introspection_c
[0.415s] -- Found rosidl_adapter: 3.1.5 (/opt/ros/humble/share/rosidl_adapter/cmake)
[0.443s] -- Using all available rosidl_typesupport_cpp: rosidl_typesupport_fastrtps_cpp;rosidl_typesupport_introspection_cpp
[0.616s] -- Found ament_cmake_ros: 0.10.0 (/opt/ros/humble/share/ament_cmake_ros/cmake)
[0.734s] -- Using all available rosidl_typesupport_c: rosidl_typesupport_fastrtps_c;rosidl_typesupport_introspection_c
[0.879s] -- Using all available rosidl_typesupport_cpp: rosidl_typesupport_fastrtps_cpp;rosidl_typesupport_introspection_cpp
[0.892s] -- Found PythonInterp: /usr/bin/python3 (found suitable version "3.10.12", minimum required is "3.6") 
[0.893s] -- Found python_cmake_module: 0.10.0 (/opt/ros/humble/share/python_cmake_module/cmake)
[0.909s] -- Found PythonLibs: /usr/lib/x86_64-linux-gnu/libpython3.10.so (found suitable version "3.10.12", minimum required is "3.5") 
[0.909s] -- Using PYTHON_EXECUTABLE: /usr/bin/python3
[0.909s] -- Using PYTHON_INCLUDE_DIRS: /usr/include/python3.10
[0.909s] -- Using PYTHON_LIBRARIES: /usr/lib/x86_64-linux-gnu/libpython3.10.so
[0.922s] -- Found PythonExtra: .so  
[0.946s] -- Configuring done
[0.959s] -- Generating done
[0.960s] -- Build files have been written to: /home/edipo/ros2_orange/build/robot_interfaces
[0.967s] Invoked command in '/home/edipo/ros2_orange/build/robot_interfaces' returned '0': CMAKE_PREFIX_PATH=${CMAKE_PREFIX_PATH}:/home/edipo/ros2_orange/src/install/teleop:/home/edipo/ros2_orange/src/install/mpu_pub:/home/edipo/ros2_orange/install/teleop:/home/edipo/ros2_orange/install/mpu_pub:/opt/ros/humble /usr/bin/cmake /home/edipo/ros2_orange/src/robot_interfaces -DCMAKE_INSTALL_PREFIX=/home/edipo/ros2_orange/install/robot_interfaces
[0.968s] Invoking command in '/home/edipo/ros2_orange/build/robot_interfaces': CMAKE_PREFIX_PATH=${CMAKE_PREFIX_PATH}:/home/edipo/ros2_orange/src/install/teleop:/home/edipo/ros2_orange/src/install/mpu_pub:/home/edipo/ros2_orange/install/teleop:/home/edipo/ros2_orange/install/mpu_pub:/opt/ros/humble /usr/bin/cmake --build /home/edipo/ros2_orange/build/robot_interfaces -- -j12 -l12
[0.990s] [  3%] [34m[1mGenerating C code for ROS interfaces[0m
[0.996s] [  6%] [34m[1mGenerating C++ code for ROS interfaces[0m
[1.002s] [  6%] Built target ament_cmake_python_copy_robot_interfaces
[1.156s] [  6%] Built target robot_interfaces__cpp
[1.156s] [  9%] [32mBuilding C object CMakeFiles/robot_interfaces__rosidl_generator_c.dir/rosidl_generator_c/robot_interfaces/msg/detail/mpu__functions.c.o[0m
[1.164s] [ 12%] [34m[1mGenerating C++ type support dispatch for ROS interfaces[0m
[1.164s] [ 16%] [34m[1mGenerating C++ type support for eProsima Fast-RTPS[0m
[1.168s] [ 19%] [34m[1mGenerating C++ introspection for ROS interfaces[0m
[1.172s] running egg_info
[1.172s] creating robot_interfaces.egg-info
[1.173s] writing robot_interfaces.egg-info/PKG-INFO
[1.173s] writing dependency_links to robot_interfaces.egg-info/dependency_links.txt
[1.173s] writing top-level names to robot_interfaces.egg-info/top_level.txt
[1.173s] writing manifest file 'robot_interfaces.egg-info/SOURCES.txt'
[1.175s] reading manifest file 'robot_interfaces.egg-info/SOURCES.txt'
[1.176s] writing manifest file 'robot_interfaces.egg-info/SOURCES.txt'
[1.195s] [ 22%] [32m[1mLinking C shared library librobot_interfaces__rosidl_generator_c.so[0m
[1.199s] [ 22%] Built target ament_cmake_python_build_robot_interfaces_egg
[1.224s] [ 22%] Built target robot_interfaces__rosidl_generator_c
[1.232s] [ 25%] [34m[1mGenerating C type support for eProsima Fast-RTPS[0m
[1.236s] [ 32%] [34m[1mGenerating C introspection for ROS interfaces[0m
[1.236s] [ 32%] [34m[1mGenerating C type support dispatch for ROS interfaces[0m
[1.364s] [ 35%] [32mBuilding CXX object CMakeFiles/robot_interfaces__rosidl_typesupport_cpp.dir/rosidl_typesupport_cpp/robot_interfaces/msg/mpu__type_support.cpp.o[0m
[1.365s] [ 38%] [32mBuilding CXX object CMakeFiles/robot_interfaces__rosidl_typesupport_fastrtps_cpp.dir/rosidl_typesupport_fastrtps_cpp/robot_interfaces/msg/detail/dds_fastrtps/mpu__type_support.cpp.o[0m
[1.373s] [ 41%] [32mBuilding CXX object CMakeFiles/robot_interfaces__rosidl_typesupport_introspection_cpp.dir/rosidl_typesupport_introspection_cpp/robot_interfaces/msg/detail/mpu__type_support.cpp.o[0m
[1.446s] [ 45%] [32mBuilding CXX object CMakeFiles/robot_interfaces__rosidl_typesupport_fastrtps_c.dir/rosidl_typesupport_fastrtps_c/robot_interfaces/msg/detail/mpu__type_support_c.cpp.o[0m
[1.457s] [ 48%] [32mBuilding CXX object CMakeFiles/robot_interfaces__rosidl_typesupport_c.dir/rosidl_typesupport_c/robot_interfaces/msg/mpu__type_support.cpp.o[0m
[1.480s] [ 51%] [32m[1mLinking CXX shared library librobot_interfaces__rosidl_typesupport_c.so[0m
[1.516s] [ 51%] Built target robot_interfaces__rosidl_typesupport_c
[1.552s] [ 54%] [32mBuilding C object CMakeFiles/robot_interfaces__rosidl_typesupport_introspection_c.dir/rosidl_typesupport_introspection_c/robot_interfaces/msg/detail/mpu__type_support.c.o[0m
[1.559s] [ 58%] [32m[1mLinking CXX shared library librobot_interfaces__rosidl_typesupport_cpp.so[0m
[1.590s] [ 61%] [32m[1mLinking C shared library librobot_interfaces__rosidl_typesupport_introspection_c.so[0m
[1.591s] [ 61%] Built target robot_interfaces__rosidl_typesupport_cpp
[1.617s] [ 61%] Built target robot_interfaces__rosidl_typesupport_introspection_c
[1.649s] [ 64%] [32m[1mLinking CXX shared library librobot_interfaces__rosidl_typesupport_fastrtps_cpp.so[0m
[1.667s] [ 67%] [32m[1mLinking CXX shared library librobot_interfaces__rosidl_typesupport_introspection_cpp.so[0m
[1.704s] [ 67%] Built target robot_interfaces__rosidl_typesupport_fastrtps_cpp
[1.712s] [ 70%] [32m[1mLinking CXX shared library librobot_interfaces__rosidl_typesupport_fastrtps_c.so[0m
[1.712s] [ 70%] Built target robot_interfaces__rosidl_typesupport_introspection_cpp
[1.759s] [ 70%] Built target robot_interfaces__rosidl_typesupport_fastrtps_c
[1.770s] [ 70%] Built target robot_interfaces
[1.782s] [ 74%] [34m[1mGenerating Python code for ROS interfaces[0m
[1.946s] [ 74%] Built target robot_interfaces__py
[1.959s] [ 77%] [32mBuilding C object CMakeFiles/robot_interfaces__rosidl_generator_py.dir/rosidl_generator_py/robot_interfaces/msg/_mpu_s.c.o[0m
[2.013s] [ 80%] [32m[1mLinking C shared library rosidl_generator_py/robot_interfaces/librobot_interfaces__rosidl_generator_py.so[0m
[2.037s] [ 80%] Built target robot_interfaces__rosidl_generator_py
[2.050s] [ 90%] [32mBuilding C object CMakeFiles/robot_interfaces__rosidl_typesupport_introspection_c__pyext.dir/rosidl_generator_py/robot_interfaces/_robot_interfaces_s.ep.rosidl_typesupport_introspection_c.c.o[0m
[2.050s] [ 90%] [32mBuilding C object CMakeFiles/robot_interfaces__rosidl_typesupport_fastrtps_c__pyext.dir/rosidl_generator_py/robot_interfaces/_robot_interfaces_s.ep.rosidl_typesupport_fastrtps_c.c.o[0m
[2.050s] [ 90%] [32mBuilding C object CMakeFiles/robot_interfaces__rosidl_typesupport_c__pyext.dir/rosidl_generator_py/robot_interfaces/_robot_interfaces_s.ep.rosidl_typesupport_c.c.o[0m
[2.101s] [ 96%] [32m[1mLinking C shared library rosidl_generator_py/robot_interfaces/robot_interfaces_s__rosidl_typesupport_introspection_c.cpython-310-x86_64-linux-gnu.so[0m
[2.101s] [ 96%] [32m[1mLinking C shared library rosidl_generator_py/robot_interfaces/robot_interfaces_s__rosidl_typesupport_fastrtps_c.cpython-310-x86_64-linux-gnu.so[0m
[2.105s] [100%] [32m[1mLinking C shared library rosidl_generator_py/robot_interfaces/robot_interfaces_s__rosidl_typesupport_c.cpython-310-x86_64-linux-gnu.so[0m
[2.126s] [100%] Built target robot_interfaces__rosidl_typesupport_fastrtps_c__pyext
[2.127s] [100%] Built target robot_interfaces__rosidl_typesupport_introspection_c__pyext
[2.135s] [100%] Built target robot_interfaces__rosidl_typesupport_c__pyext
[2.146s] Invoked command in '/home/edipo/ros2_orange/build/robot_interfaces' returned '0': CMAKE_PREFIX_PATH=${CMAKE_PREFIX_PATH}:/home/edipo/ros2_orange/src/install/teleop:/home/edipo/ros2_orange/src/install/mpu_pub:/home/edipo/ros2_orange/install/teleop:/home/edipo/ros2_orange/install/mpu_pub:/opt/ros/humble /usr/bin/cmake --build /home/edipo/ros2_orange/build/robot_interfaces -- -j12 -l12
[2.185s] Invoking command in '/home/edipo/ros2_orange/build/robot_interfaces': CMAKE_PREFIX_PATH=${CMAKE_PREFIX_PATH}:/home/edipo/ros2_orange/src/install/teleop:/home/edipo/ros2_orange/src/install/mpu_pub:/home/edipo/ros2_orange/install/teleop:/home/edipo/ros2_orange/install/mpu_pub:/opt/ros/humble /usr/bin/cmake --install /home/edipo/ros2_orange/build/robot_interfaces
[2.189s] -- Install configuration: ""
[2.190s] -- Installing: /home/edipo/ros2_orange/install/robot_interfaces/share/ament_index/resource_index/rosidl_interfaces/robot_interfaces
[2.190s] -- Installing: /home/edipo/ros2_orange/install/robot_interfaces/include/robot_interfaces/robot_interfaces
[2.190s] -- Installing: /home/edipo/ros2_orange/install/robot_interfaces/include/robot_interfaces/robot_interfaces/msg
[2.190s] -- Installing: /home/edipo/ros2_orange/install/robot_interfaces/include/robot_interfaces/robot_interfaces/msg/mpu.h
[2.190s] -- Installing: /home/edipo/ros2_orange/install/robot_interfaces/include/robot_interfaces/robot_interfaces/msg/rosidl_generator_c__visibility_control.h
[2.190s] -- Installing: /home/edipo/ros2_orange/install/robot_interfaces/include/robot_interfaces/robot_interfaces/msg/detail
[2.190s] -- Installing: /home/edipo/ros2_orange/install/robot_interfaces/include/robot_interfaces/robot_interfaces/msg/detail/mpu__struct.h
[2.190s] -- Installing: /home/edipo/ros2_orange/install/robot_interfaces/include/robot_interfaces/robot_interfaces/msg/detail/mpu__functions.h
[2.190s] -- Installing: /home/edipo/ros2_orange/install/robot_interfaces/include/robot_interfaces/robot_interfaces/msg/detail/mpu__functions.c
[2.190s] -- Installing: /home/edipo/ros2_orange/install/robot_interfaces/include/robot_interfaces/robot_interfaces/msg/detail/mpu__type_support.h
[2.190s] -- Installing: /home/edipo/ros2_orange/install/robot_interfaces/share/robot_interfaces/environment/library_path.sh
[2.190s] -- Installing: /home/edipo/ros2_orange/install/robot_interfaces/share/robot_interfaces/environment/library_path.dsv
[2.190s] -- Installing: /home/edipo/ros2_orange/install/robot_interfaces/lib/librobot_interfaces__rosidl_generator_c.so
[2.190s] -- Set runtime path of "/home/edipo/ros2_orange/install/robot_interfaces/lib/librobot_interfaces__rosidl_generator_c.so" to ""
[2.191s] -- Up-to-date: /home/edipo/ros2_orange/install/robot_interfaces/include/robot_interfaces/robot_interfaces
[2.191s] -- Up-to-date: /home/edipo/ros2_orange/install/robot_interfaces/include/robot_interfaces/robot_interfaces/msg
[2.191s] -- Installing: /home/edipo/ros2_orange/install/robot_interfaces/include/robot_interfaces/robot_interfaces/msg/rosidl_typesupport_fastrtps_c__visibility_control.h
[2.191s] -- Up-to-date: /home/edipo/ros2_orange/install/robot_interfaces/include/robot_interfaces/robot_interfaces/msg/detail
[2.191s] -- Installing: /home/edipo/ros2_orange/install/robot_interfaces/include/robot_interfaces/robot_interfaces/msg/detail/mpu__rosidl_typesupport_fastrtps_c.h
[2.191s] -- Installing: /home/edipo/ros2_orange/install/robot_interfaces/lib/librobot_interfaces__rosidl_typesupport_fastrtps_c.so
[2.191s] -- Set runtime path of "/home/edipo/ros2_orange/install/robot_interfaces/lib/librobot_interfaces__rosidl_typesupport_fastrtps_c.so" to ""
[2.191s] -- Up-to-date: /home/edipo/ros2_orange/install/robot_interfaces/include/robot_interfaces/robot_interfaces
[2.191s] -- Up-to-date: /home/edipo/ros2_orange/install/robot_interfaces/include/robot_interfaces/robot_interfaces/msg
[2.191s] -- Installing: /home/edipo/ros2_orange/install/robot_interfaces/include/robot_interfaces/robot_interfaces/msg/rosidl_typesupport_introspection_c__visibility_control.h
[2.191s] -- Up-to-date: /home/edipo/ros2_orange/install/robot_interfaces/include/robot_interfaces/robot_interfaces/msg/detail
[2.191s] -- Installing: /home/edipo/ros2_orange/install/robot_interfaces/include/robot_interfaces/robot_interfaces/msg/detail/mpu__type_support.c
[2.191s] -- Installing: /home/edipo/ros2_orange/install/robot_interfaces/include/robot_interfaces/robot_interfaces/msg/detail/mpu__rosidl_typesupport_introspection_c.h
[2.191s] -- Installing: /home/edipo/ros2_orange/install/robot_interfaces/lib/librobot_interfaces__rosidl_typesupport_introspection_c.so
[2.191s] -- Set runtime path of "/home/edipo/ros2_orange/install/robot_interfaces/lib/librobot_interfaces__rosidl_typesupport_introspection_c.so" to ""
[2.191s] -- Installing: /home/edipo/ros2_orange/install/robot_interfaces/lib/librobot_interfaces__rosidl_typesupport_c.so
[2.191s] -- Set runtime path of "/home/edipo/ros2_orange/install/robot_interfaces/lib/librobot_interfaces__rosidl_typesupport_c.so" to ""
[2.191s] -- Up-to-date: /home/edipo/ros2_orange/install/robot_interfaces/include/robot_interfaces/robot_interfaces
[2.191s] -- Up-to-date: /home/edipo/ros2_orange/install/robot_interfaces/include/robot_interfaces/robot_interfaces/msg
[2.191s] -- Installing: /home/edipo/ros2_orange/install/robot_interfaces/include/robot_interfaces/robot_interfaces/msg/mpu.hpp
[2.191s] -- Up-to-date: /home/edipo/ros2_orange/install/robot_interfaces/include/robot_interfaces/robot_interfaces/msg/detail
[2.191s] -- Installing: /home/edipo/ros2_orange/install/robot_interfaces/include/robot_interfaces/robot_interfaces/msg/detail/mpu__struct.hpp
[2.191s] -- Installing: /home/edipo/ros2_orange/install/robot_interfaces/include/robot_interfaces/robot_interfaces/msg/detail/mpu__builder.hpp
[2.191s] -- Installing: /home/edipo/ros2_orange/install/robot_interfaces/include/robot_interfaces/robot_interfaces/msg/detail/mpu__traits.hpp
[2.191s] -- Up-to-date: /home/edipo/ros2_orange/install/robot_interfaces/include/robot_interfaces/robot_interfaces
[2.191s] -- Up-to-date: /home/edipo/ros2_orange/install/robot_interfaces/include/robot_interfaces/robot_interfaces/msg
[2.191s] -- Up-to-date: /home/edipo/ros2_orange/install/robot_interfaces/include/robot_interfaces/robot_interfaces/msg/detail
[2.191s] -- Installing: /home/edipo/ros2_orange/install/robot_interfaces/include/robot_interfaces/robot_interfaces/msg/detail/dds_fastrtps
[2.191s] -- Installing: /home/edipo/ros2_orange/install/robot_interfaces/include/robot_interfaces/robot_interfaces/msg/detail/mpu__rosidl_typesupport_fastrtps_cpp.hpp
[2.191s] -- Installing: /home/edipo/ros2_orange/install/robot_interfaces/include/robot_interfaces/robot_interfaces/msg/rosidl_typesupport_fastrtps_cpp__visibility_control.h
[2.191s] -- Installing: /home/edipo/ros2_orange/install/robot_interfaces/lib/librobot_interfaces__rosidl_typesupport_fastrtps_cpp.so
[2.192s] -- Set runtime path of "/home/edipo/ros2_orange/install/robot_interfaces/lib/librobot_interfaces__rosidl_typesupport_fastrtps_cpp.so" to ""
[2.192s] -- Up-to-date: /home/edipo/ros2_orange/install/robot_interfaces/include/robot_interfaces/robot_interfaces
[2.192s] -- Up-to-date: /home/edipo/ros2_orange/install/robot_interfaces/include/robot_interfaces/robot_interfaces/msg
[2.192s] -- Up-to-date: /home/edipo/ros2_orange/install/robot_interfaces/include/robot_interfaces/robot_interfaces/msg/detail
[2.192s] -- Installing: /home/edipo/ros2_orange/install/robot_interfaces/include/robot_interfaces/robot_interfaces/msg/detail/mpu__type_support.cpp
[2.192s] -- Installing: /home/edipo/ros2_orange/install/robot_interfaces/include/robot_interfaces/robot_interfaces/msg/detail/mpu__rosidl_typesupport_introspection_cpp.hpp
[2.192s] -- Installing: /home/edipo/ros2_orange/install/robot_interfaces/lib/librobot_interfaces__rosidl_typesupport_introspection_cpp.so
[2.192s] -- Set runtime path of "/home/edipo/ros2_orange/install/robot_interfaces/lib/librobot_interfaces__rosidl_typesupport_introspection_cpp.so" to ""
[2.192s] -- Installing: /home/edipo/ros2_orange/install/robot_interfaces/lib/librobot_interfaces__rosidl_typesupport_cpp.so
[2.192s] -- Set runtime path of "/home/edipo/ros2_orange/install/robot_interfaces/lib/librobot_interfaces__rosidl_typesupport_cpp.so" to ""
[2.192s] -- Installing: /home/edipo/ros2_orange/install/robot_interfaces/share/robot_interfaces/environment/pythonpath.sh
[2.192s] -- Installing: /home/edipo/ros2_orange/install/robot_interfaces/share/robot_interfaces/environment/pythonpath.dsv
[2.192s] -- Installing: /home/edipo/ros2_orange/install/robot_interfaces/local/lib/python3.10/dist-packages/robot_interfaces-0.0.0-py3.10.egg-info
[2.192s] -- Installing: /home/edipo/ros2_orange/install/robot_interfaces/local/lib/python3.10/dist-packages/robot_interfaces-0.0.0-py3.10.egg-info/top_level.txt
[2.192s] -- Installing: /home/edipo/ros2_orange/install/robot_interfaces/local/lib/python3.10/dist-packages/robot_interfaces-0.0.0-py3.10.egg-info/SOURCES.txt
[2.192s] -- Installing: /home/edipo/ros2_orange/install/robot_interfaces/local/lib/python3.10/dist-packages/robot_interfaces-0.0.0-py3.10.egg-info/PKG-INFO
[2.192s] -- Installing: /home/edipo/ros2_orange/install/robot_interfaces/local/lib/python3.10/dist-packages/robot_interfaces-0.0.0-py3.10.egg-info/dependency_links.txt
[2.192s] -- Installing: /home/edipo/ros2_orange/install/robot_interfaces/local/lib/python3.10/dist-packages/robot_interfaces
[2.192s] -- Installing: /home/edipo/ros2_orange/install/robot_interfaces/local/lib/python3.10/dist-packages/robot_interfaces/_robot_interfaces_s.ep.rosidl_typesupport_fastrtps_c.c
[2.192s] -- Installing: /home/edipo/ros2_orange/install/robot_interfaces/local/lib/python3.10/dist-packages/robot_interfaces/robot_interfaces_s__rosidl_typesupport_c.cpython-310-x86_64-linux-gnu.so
[2.192s] -- Installing: /home/edipo/ros2_orange/install/robot_interfaces/local/lib/python3.10/dist-packages/robot_interfaces/_robot_interfaces_s.ep.rosidl_typesupport_introspection_c.c
[2.192s] -- Installing: /home/edipo/ros2_orange/install/robot_interfaces/local/lib/python3.10/dist-packages/robot_interfaces/librobot_interfaces__rosidl_generator_py.so
[2.192s] -- Installing: /home/edipo/ros2_orange/install/robot_interfaces/local/lib/python3.10/dist-packages/robot_interfaces/_robot_interfaces_s.ep.rosidl_typesupport_c.c
[2.192s] -- Installing: /home/edipo/ros2_orange/install/robot_interfaces/local/lib/python3.10/dist-packages/robot_interfaces/robot_interfaces_s__rosidl_typesupport_fastrtps_c.cpython-310-x86_64-linux-gnu.so
[2.192s] -- Installing: /home/edipo/ros2_orange/install/robot_interfaces/local/lib/python3.10/dist-packages/robot_interfaces/msg
[2.192s] -- Installing: /home/edipo/ros2_orange/install/robot_interfaces/local/lib/python3.10/dist-packages/robot_interfaces/msg/_mpu.py
[2.192s] -- Installing: /home/edipo/ros2_orange/install/robot_interfaces/local/lib/python3.10/dist-packages/robot_interfaces/msg/__init__.py
[2.192s] -- Installing: /home/edipo/ros2_orange/install/robot_interfaces/local/lib/python3.10/dist-packages/robot_interfaces/msg/_mpu_s.c
[2.192s] -- Installing: /home/edipo/ros2_orange/install/robot_interfaces/local/lib/python3.10/dist-packages/robot_interfaces/robot_interfaces_s__rosidl_typesupport_introspection_c.cpython-310-x86_64-linux-gnu.so
[2.193s] -- Installing: /home/edipo/ros2_orange/install/robot_interfaces/local/lib/python3.10/dist-packages/robot_interfaces/__init__.py
[2.213s] Listing '/home/edipo/ros2_orange/install/robot_interfaces/local/lib/python3.10/dist-packages/robot_interfaces'...
[2.213s] Compiling '/home/edipo/ros2_orange/install/robot_interfaces/local/lib/python3.10/dist-packages/robot_interfaces/__init__.py'...
[2.213s] Listing '/home/edipo/ros2_orange/install/robot_interfaces/local/lib/python3.10/dist-packages/robot_interfaces/msg'...
[2.213s] Compiling '/home/edipo/ros2_orange/install/robot_interfaces/local/lib/python3.10/dist-packages/robot_interfaces/msg/__init__.py'...
[2.213s] Compiling '/home/edipo/ros2_orange/install/robot_interfaces/local/lib/python3.10/dist-packages/robot_interfaces/msg/_mpu.py'...
[2.216s] -- Installing: /home/edipo/ros2_orange/install/robot_interfaces/local/lib/python3.10/dist-packages/robot_interfaces/robot_interfaces_s__rosidl_typesupport_fastrtps_c.cpython-310-x86_64-linux-gnu.so
[2.216s] -- Set runtime path of "/home/edipo/ros2_orange/install/robot_interfaces/local/lib/python3.10/dist-packages/robot_interfaces/robot_interfaces_s__rosidl_typesupport_fastrtps_c.cpython-310-x86_64-linux-gnu.so" to ""
[2.216s] -- Installing: /home/edipo/ros2_orange/install/robot_interfaces/local/lib/python3.10/dist-packages/robot_interfaces/robot_interfaces_s__rosidl_typesupport_introspection_c.cpython-310-x86_64-linux-gnu.so
[2.216s] -- Set runtime path of "/home/edipo/ros2_orange/install/robot_interfaces/local/lib/python3.10/dist-packages/robot_interfaces/robot_interfaces_s__rosidl_typesupport_introspection_c.cpython-310-x86_64-linux-gnu.so" to ""
[2.216s] -- Installing: /home/edipo/ros2_orange/install/robot_interfaces/local/lib/python3.10/dist-packages/robot_interfaces/robot_interfaces_s__rosidl_typesupport_c.cpython-310-x86_64-linux-gnu.so
[2.216s] -- Set runtime path of "/home/edipo/ros2_orange/install/robot_interfaces/local/lib/python3.10/dist-packages/robot_interfaces/robot_interfaces_s__rosidl_typesupport_c.cpython-310-x86_64-linux-gnu.so" to ""
[2.216s] -- Installing: /home/edipo/ros2_orange/install/robot_interfaces/lib/librobot_interfaces__rosidl_generator_py.so
[2.216s] -- Set runtime path of "/home/edipo/ros2_orange/install/robot_interfaces/lib/librobot_interfaces__rosidl_generator_py.so" to ""
[2.216s] -- Installing: /home/edipo/ros2_orange/install/robot_interfaces/share/robot_interfaces/msg/Mpu.idl
[2.216s] -- Installing: /home/edipo/ros2_orange/install/robot_interfaces/share/robot_interfaces/msg/Mpu.msg
[2.216s] -- Installing: /home/edipo/ros2_orange/install/robot_interfaces/share/ament_index/resource_index/package_run_dependencies/robot_interfaces
[2.216s] -- Installing: /home/edipo/ros2_orange/install/robot_interfaces/share/ament_index/resource_index/parent_prefix_path/robot_interfaces
[2.217s] -- Installing: /home/edipo/ros2_orange/install/robot_interfaces/share/robot_interfaces/environment/ament_prefix_path.sh
[2.217s] -- Installing: /home/edipo/ros2_orange/install/robot_interfaces/share/robot_interfaces/environment/ament_prefix_path.dsv
[2.217s] -- Installing: /home/edipo/ros2_orange/install/robot_interfaces/share/robot_interfaces/environment/path.sh
[2.217s] -- Installing: /home/edipo/ros2_orange/install/robot_interfaces/share/robot_interfaces/environment/path.dsv
[2.217s] -- Installing: /home/edipo/ros2_orange/install/robot_interfaces/share/robot_interfaces/local_setup.bash
[2.217s] -- Installing: /home/edipo/ros2_orange/install/robot_interfaces/share/robot_interfaces/local_setup.sh
[2.217s] -- Installing: /home/edipo/ros2_orange/install/robot_interfaces/share/robot_interfaces/local_setup.zsh
[2.217s] -- Installing: /home/edipo/ros2_orange/install/robot_interfaces/share/robot_interfaces/local_setup.dsv
[2.217s] -- Installing: /home/edipo/ros2_orange/install/robot_interfaces/share/robot_interfaces/package.dsv
[2.217s] -- Installing: /home/edipo/ros2_orange/install/robot_interfaces/share/ament_index/resource_index/packages/robot_interfaces
[2.217s] -- Installing: /home/edipo/ros2_orange/install/robot_interfaces/share/robot_interfaces/cmake/export_robot_interfaces__rosidl_generator_cExport.cmake
[2.217s] -- Installing: /home/edipo/ros2_orange/install/robot_interfaces/share/robot_interfaces/cmake/export_robot_interfaces__rosidl_generator_cExport-noconfig.cmake
[2.217s] -- Installing: /home/edipo/ros2_orange/install/robot_interfaces/share/robot_interfaces/cmake/export_robot_interfaces__rosidl_typesupport_fastrtps_cExport.cmake
[2.217s] -- Installing: /home/edipo/ros2_orange/install/robot_interfaces/share/robot_interfaces/cmake/export_robot_interfaces__rosidl_typesupport_fastrtps_cExport-noconfig.cmake
[2.217s] -- Installing: /home/edipo/ros2_orange/install/robot_interfaces/share/robot_interfaces/cmake/robot_interfaces__rosidl_typesupport_introspection_cExport.cmake
[2.217s] -- Installing: /home/edipo/ros2_orange/install/robot_interfaces/share/robot_interfaces/cmake/robot_interfaces__rosidl_typesupport_introspection_cExport-noconfig.cmake
[2.217s] -- Installing: /home/edipo/ros2_orange/install/robot_interfaces/share/robot_interfaces/cmake/robot_interfaces__rosidl_typesupport_cExport.cmake
[2.217s] -- Installing: /home/edipo/ros2_orange/install/robot_interfaces/share/robot_interfaces/cmake/robot_interfaces__rosidl_typesupport_cExport-noconfig.cmake
[2.217s] -- Installing: /home/edipo/ros2_orange/install/robot_interfaces/share/robot_interfaces/cmake/export_robot_interfaces__rosidl_generator_cppExport.cmake
[2.217s] -- Installing: /home/edipo/ros2_orange/install/robot_interfaces/share/robot_interfaces/cmake/export_robot_interfaces__rosidl_typesupport_fastrtps_cppExport.cmake
[2.217s] -- Installing: /home/edipo/ros2_orange/install/robot_interfaces/share/robot_interfaces/cmake/export_robot_interfaces__rosidl_typesupport_fastrtps_cppExport-noconfig.cmake
[2.217s] -- Installing: /home/edipo/ros2_orange/install/robot_interfaces/share/robot_interfaces/cmake/robot_interfaces__rosidl_typesupport_introspection_cppExport.cmake
[2.218s] -- Installing: /home/edipo/ros2_orange/install/robot_interfaces/share/robot_interfaces/cmake/robot_interfaces__rosidl_typesupport_introspection_cppExport-noconfig.cmake
[2.218s] -- Installing: /home/edipo/ros2_orange/install/robot_interfaces/share/robot_interfaces/cmake/robot_interfaces__rosidl_typesupport_cppExport.cmake
[2.218s] -- Installing: /home/edipo/ros2_orange/install/robot_interfaces/share/robot_interfaces/cmake/robot_interfaces__rosidl_typesupport_cppExport-noconfig.cmake
[2.218s] -- Installing: /home/edipo/ros2_orange/install/robot_interfaces/share/robot_interfaces/cmake/export_robot_interfaces__rosidl_generator_pyExport.cmake
[2.218s] -- Installing: /home/edipo/ros2_orange/install/robot_interfaces/share/robot_interfaces/cmake/export_robot_interfaces__rosidl_generator_pyExport-noconfig.cmake
[2.218s] -- Installing: /home/edipo/ros2_orange/install/robot_interfaces/share/robot_interfaces/cmake/rosidl_cmake-extras.cmake
[2.218s] -- Installing: /home/edipo/ros2_orange/install/robot_interfaces/share/robot_interfaces/cmake/ament_cmake_export_include_directories-extras.cmake
[2.218s] -- Installing: /home/edipo/ros2_orange/install/robot_interfaces/share/robot_interfaces/cmake/ament_cmake_export_libraries-extras.cmake
[2.218s] -- Installing: /home/edipo/ros2_orange/install/robot_interfaces/share/robot_interfaces/cmake/ament_cmake_export_targets-extras.cmake
[2.218s] -- Installing: /home/edipo/ros2_orange/install/robot_interfaces/share/robot_interfaces/cmake/rosidl_cmake_export_typesupport_targets-extras.cmake
[2.218s] -- Installing: /home/edipo/ros2_orange/install/robot_interfaces/share/robot_interfaces/cmake/ament_cmake_export_dependencies-extras.cmake
[2.218s] -- Installing: /home/edipo/ros2_orange/install/robot_interfaces/share/robot_interfaces/cmake/rosidl_cmake_export_typesupport_libraries-extras.cmake
[2.218s] -- Installing: /home/edipo/ros2_orange/install/robot_interfaces/share/robot_interfaces/cmake/robot_interfacesConfig.cmake
[2.218s] -- Installing: /home/edipo/ros2_orange/install/robot_interfaces/share/robot_interfaces/cmake/robot_interfacesConfig-version.cmake
[2.218s] -- Installing: /home/edipo/ros2_orange/install/robot_interfaces/share/robot_interfaces/package.xml
[2.220s] Invoked command in '/home/edipo/ros2_orange/build/robot_interfaces' returned '0': CMAKE_PREFIX_PATH=${CMAKE_PREFIX_PATH}:/home/edipo/ros2_orange/src/install/teleop:/home/edipo/ros2_orange/src/install/mpu_pub:/home/edipo/ros2_orange/install/teleop:/home/edipo/ros2_orange/install/mpu_pub:/opt/ros/humble /usr/bin/cmake --install /home/edipo/ros2_orange/build/robot_interfaces
